Base path: 'C:/Program Files/Unity/Hub/Editor/2020.3.43f1/Editor/Data', plugins path 'C:/Program Files/Unity/Hub/Editor/2020.3.43f1/Editor/Data/PlaybackEngines'
Cmd: initializeCompiler

Cmd: disassembleShader
 name=Standard platform=gles3 type=4 mask=6 insize=8647 outsize=8647 ok=1

Cmd: disassembleShader
 name=Standard platform=gles3 type=4 mask=6 insize=11412 outsize=11412 ok=1

Cmd: disassembleShader
 name=Standard platform=gles3 type=4 mask=6 insize=11046 outsize=11046 ok=1

Cmd: disassembleShader
 name=Standard platform=gles3 type=4 mask=6 insize=8962 outsize=8962 ok=1

Cmd: disassembleShader
 name=Standard platform=vulkan type=25 mask=6 insize=6599 outsize=69285 ok=1

Cmd: disassembleShader
 name=Standard platform=vulkan type=25 mask=6 insize=5257 outsize=53506 ok=1

Cmd: disassembleShader
 name=Standard platform=vulkan type=25 mask=6 insize=4619 outsize=47991 ok=1

Cmd: disassembleShader
 name=Standard platform=vulkan type=25 mask=6 insize=8024 outsize=81153 ok=1

Cmd: disassembleShader
 name=Standard platform=vulkan type=25 mask=6 insize=8039 outsize=80326 ok=1

Cmd: disassembleShader
 name=Standard platform=gles3 type=4 mask=6 insize=8123 outsize=8123 ok=1

Cmd: disassembleShader
 name=Standard platform=gles3 type=4 mask=6 insize=8324 outsize=8324 ok=1

Cmd: disassembleShader
 name=Standard platform=gles3 type=4 mask=6 insize=6668 outsize=6668 ok=1

Cmd: disassembleShader
 name=Standard platform=gles3 type=4 mask=6 insize=12353 outsize=12353 ok=1

Cmd: disassembleShader
 name=Standard platform=gles3 type=4 mask=6 insize=9763 outsize=9763 ok=1

Cmd: disassembleShader
 name=Standard platform=gles3 type=4 mask=6 insize=8680 outsize=8680 ok=1

Cmd: disassembleShader
 name=Standard platform=gles3 type=4 mask=6 insize=10047 outsize=10047 ok=1

Cmd: disassembleShader
 name=Standard platform=gles3 type=4 mask=6 insize=9391 outsize=9391 ok=1

Cmd: disassembleShader
 name=Standard platform=vulkan type=25 mask=6 insize=5365 outsize=52994 ok=1

Cmd: disassembleShader
 name=Standard platform=vulkan type=25 mask=6 insize=4905 outsize=45593 ok=1

Cmd: disassembleShader
 name=Standard platform=vulkan type=25 mask=6 insize=6017 outsize=57731 ok=1

Cmd: disassembleShader
 name=Standard platform=vulkan type=25 mask=6 insize=6294 outsize=60421 ok=1

Cmd: disassembleShader
 name=Standard platform=vulkan type=25 mask=6 insize=7233 outsize=68792 ok=1

Cmd: disassembleShader
 name=Standard platform=vulkan type=25 mask=6 insize=6592 outsize=61428 ok=1

Cmd: disassembleShader
 name=Standard platform=vulkan type=25 mask=6 insize=1914 outsize=17263 ok=1

Cmd: disassembleShader
 name=Standard platform=gles3 type=4 mask=6 insize=6446 outsize=6446 ok=1

Cmd: disassembleShader
 name=Standard platform=gles3 type=4 mask=6 insize=5097 outsize=5097 ok=1

Cmd: disassembleShader
 name=Standard platform=vulkan type=25 mask=6 insize=3083 outsize=29638 ok=1

Cmd: disassembleShader
 name=Standard platform=vulkan type=25 mask=6 insize=4250 outsize=41392 ok=1

Cmd: disassembleShader
 name=Standard platform=vulkan type=25 mask=6 insize=3144 outsize=30249 ok=1

Cmd: disassembleShader
 name=Standard platform=gles3 type=4 mask=6 insize=10809 outsize=10809 ok=1

Cmd: disassembleShader
 name=Standard platform=gles3 type=4 mask=6 insize=7374 outsize=7374 ok=1

Cmd: disassembleShader
 name=Standard platform=gles3 type=4 mask=6 insize=9846 outsize=9846 ok=1

Cmd: disassembleShader
 name=Standard platform=gles3 type=4 mask=6 insize=14688 outsize=14688 ok=1

Cmd: disassembleShader
 name=Standard platform=vulkan type=25 mask=6 insize=5519 outsize=56275 ok=1

Cmd: disassembleShader
 name=Standard platform=vulkan type=25 mask=6 insize=6032 outsize=62398 ok=1

Cmd: disassembleShader
 name=Standard platform=vulkan type=25 mask=6 insize=5591 outsize=56405 ok=1

Cmd: disassembleShader
 name=Standard platform=vulkan type=25 mask=6 insize=6443 outsize=64184 ok=1

Cmd: disassembleShader
 name=Standard platform=vulkan type=25 mask=6 insize=5591 outsize=56405 ok=1

Cmd: disassembleShader
 name=Standard platform=gles3 type=4 mask=6 insize=6882 outsize=6882 ok=1

Cmd: disassembleShader
 name=Standard platform=gles3 type=4 mask=6 insize=8593 outsize=8593 ok=1

Cmd: disassembleShader
 name=Standard platform=gles3 type=4 mask=6 insize=8340 outsize=8340 ok=1

Cmd: disassembleShader
 name=Standard platform=gles3 type=4 mask=6 insize=6591 outsize=6591 ok=1

Cmd: disassembleShader
 name=Standard platform=gles3 type=4 mask=6 insize=9373 outsize=9373 ok=1

Cmd: disassembleShader
 name=Standard platform=gles3 type=4 mask=6 insize=8242 outsize=8242 ok=1

Cmd: disassembleShader
 name=Standard platform=vulkan type=25 mask=6 insize=3683 outsize=35042 ok=1

Cmd: disassembleShader
 name=Standard platform=vulkan type=25 mask=6 insize=4624 outsize=43239 ok=1

Cmd: disassembleShader
 name=Standard platform=vulkan type=25 mask=6 insize=5016 outsize=49643 ok=1

Cmd: disassembleShader
 name=Standard platform=vulkan type=25 mask=6 insize=4930 outsize=49450 ok=1

Cmd: disassembleShader
 name=Standard platform=vulkan type=25 mask=6 insize=4725 outsize=45355 ok=1

Cmd: disassembleShader
 name=Standard platform=vulkan type=25 mask=6 insize=5025 outsize=46953 ok=1

Cmd: disassembleShader
 name=Standard platform=vulkan type=25 mask=6 insize=5130 outsize=47972 ok=1

Cmd: disassembleShader
 name=Standard platform=gles3 type=4 mask=6 insize=3025 outsize=3025 ok=1

Cmd: disassembleShader
 name=Standard platform=vulkan type=25 mask=6 insize=1804 outsize=16237 ok=1

Cmd: disassembleShader
 name=Standard platform=gles3 type=4 mask=6 insize=8647 outsize=8647 ok=1

Cmd: disassembleShader
 name=Standard platform=gles3 type=4 mask=6 insize=10731 outsize=10731 ok=1

Cmd: disassembleShader
 name=Standard platform=gles3 type=4 mask=6 insize=10073 outsize=10073 ok=1

Cmd: disassembleShader
 name=Standard platform=gles3 type=4 mask=6 insize=12240 outsize=12240 ok=1

Cmd: disassembleShader
 name=Standard platform=gles3 type=4 mask=6 insize=13219 outsize=13219 ok=1

Cmd: disassembleShader
 name=Standard platform=vulkan type=25 mask=6 insize=6168 outsize=62244 ok=1

Cmd: disassembleShader
 name=Standard platform=vulkan type=25 mask=6 insize=7203 outsize=72397 ok=1

Cmd: disassembleShader
 name=Standard platform=vulkan type=25 mask=6 insize=7003 outsize=70640 ok=1

Cmd: disassembleShader
 name=Standard platform=vulkan type=25 mask=6 insize=8039 outsize=80326 ok=1

Cmd: disassembleShader
 name=Standard platform=gles3 type=4 mask=6 insize=6768 outsize=6768 ok=1

Cmd: disassembleShader
 name=Standard platform=gles3 type=4 mask=6 insize=9562 outsize=9562 ok=1

Cmd: disassembleShader
 name=Standard platform=gles3 type=4 mask=6 insize=7680 outsize=7680 ok=1

Cmd: disassembleShader
 name=Standard platform=gles3 type=4 mask=6 insize=12353 outsize=12353 ok=1

Cmd: disassembleShader
 name=Standard platform=gles3 type=4 mask=6 insize=10097 outsize=10097 ok=1

Cmd: disassembleShader
 name=Standard platform=gles3 type=4 mask=6 insize=11351 outsize=11351 ok=1

Cmd: disassembleShader
 name=Standard platform=gles3 type=4 mask=6 insize=10164 outsize=10164 ok=1

Cmd: disassembleShader
 name=Standard platform=gles3 type=4 mask=6 insize=7010 outsize=7010 ok=1

Cmd: disassembleShader
 name=Standard platform=vulkan type=25 mask=6 insize=5192 outsize=49969 ok=1

Cmd: disassembleShader
 name=Standard platform=vulkan type=25 mask=6 insize=5008 outsize=46376 ok=1

Cmd: disassembleShader
 name=Standard platform=vulkan type=25 mask=6 insize=6221 outsize=58028 ok=1

Cmd: disassembleShader
 name=Standard platform=vulkan type=25 mask=6 insize=5256 outsize=49587 ok=1

Cmd: disassembleShader
 name=Standard platform=vulkan type=25 mask=6 insize=6196 outsize=57950 ok=1

Cmd: disassembleShader
 name=Standard platform=vulkan type=25 mask=6 insize=6663 outsize=64717 ok=1

Cmd: disassembleShader
 name=Standard platform=vulkan type=25 mask=6 insize=7598 outsize=71771 ok=1

Cmd: disassembleShader
 name=Standard platform=vulkan type=25 mask=6 insize=1804 outsize=16237 ok=1

Cmd: disassembleShader
 name=Standard platform=gles3 type=4 mask=6 insize=6568 outsize=6568 ok=1

Cmd: disassembleShader
 name=Standard platform=gles3 type=4 mask=6 insize=6400 outsize=6400 ok=1

Cmd: disassembleShader
 name=Standard platform=vulkan type=25 mask=6 insize=3989 outsize=39693 ok=1

Cmd: disassembleShader
 name=Standard platform=vulkan type=25 mask=6 insize=3962 outsize=39321 ok=1

Cmd: disassembleShader
 name=Standard platform=gles3 type=4 mask=6 insize=8490 outsize=8490 ok=1

Cmd: disassembleShader
 name=Standard platform=gles3 type=4 mask=6 insize=12037 outsize=12037 ok=1

Cmd: disassembleShader
 name=Standard platform=gles3 type=4 mask=6 insize=11598 outsize=11598 ok=1

Cmd: disassembleShader
 name=Standard platform=gles3 type=4 mask=6 insize=13219 outsize=13219 ok=1

Cmd: disassembleShader
 name=Standard platform=vulkan type=25 mask=6 insize=6443 outsize=64184 ok=1

Cmd: disassembleShader
 name=Standard platform=vulkan type=25 mask=6 insize=4501 outsize=46582 ok=1

Cmd: disassembleShader
 name=Standard platform=vulkan type=25 mask=6 insize=7315 outsize=73359 ok=1

Cmd: disassembleShader
 name=Standard platform=vulkan type=25 mask=6 insize=6919 outsize=70186 ok=1

Cmd: disassembleShader
 name=Standard platform=gles3 type=4 mask=6 insize=7151 outsize=7151 ok=1

Cmd: disassembleShader
 name=Standard platform=gles3 type=4 mask=6 insize=8475 outsize=8475 ok=1

Cmd: disassembleShader
 name=Standard platform=gles3 type=4 mask=6 insize=8547 outsize=8547 ok=1

Cmd: disassembleShader
 name=Standard platform=gles3 type=4 mask=6 insize=7743 outsize=7743 ok=1

Cmd: disassembleShader
 name=Standard platform=gles3 type=4 mask=6 insize=7861 outsize=7861 ok=1

Cmd: disassembleShader
 name=Standard platform=gles3 type=4 mask=6 insize=8421 outsize=8421 ok=1

Cmd: disassembleShader
 name=Standard platform=vulkan type=25 mask=6 insize=3655 outsize=34624 ok=1

Cmd: disassembleShader
 name=Standard platform=vulkan type=25 mask=6 insize=4586 outsize=42993 ok=1

Cmd: disassembleShader
 name=Standard platform=vulkan type=25 mask=6 insize=5203 outsize=49010 ok=1

Cmd: disassembleShader
 name=Standard platform=vulkan type=25 mask=6 insize=5211 outsize=49121 ok=1

Cmd: disassembleShader
 name=Standard platform=vulkan type=25 mask=6 insize=6223 outsize=58790 ok=1

Cmd: disassembleShader
 name=Standard platform=vulkan type=25 mask=6 insize=4471 outsize=41883 ok=1

Cmd: disassembleShader
 name=Standard platform=gles3 type=4 mask=6 insize=3025 outsize=3025 ok=1

Cmd: compileSnippet
  insize=2441 file=Assets/Shader/Custom/RailRushBending pass=<Unnamed Pass> cachingPP=1 ppOnly=0 stripLineD=0 buildPlatform=13 rsLen=0 pKW=UNITY_NO_DXT5nm UNITY_ENABLE_REFLECTION_BUFFERS UNITY_NO_CUBEMAP_ARRAY UNITY_NO_SCREENSPACE_SHADOWS UNITY_PBS_USE_BRDF2 UNITY_HARDWARE_TIER3 UNITY_LIGHTMAP_DLDR_ENCODING uKW= dKW=FOG_LINEAR FOG_EXP FOG_EXP2 UNITY_ENABLE_NATIVE_SHADOW_LOOKUPS UNITY_METAL_SHADOWS_USE_POINT_FILTERING UNITY_USE_DITHER_MASK_FOR_ALPHABLENDED_SHADOWS UNITY_PBS_USE_BRDF1 UNITY_PBS_USE_BRDF3 UNITY_NO_FULL_STANDARD_SHADER UNITY_SPECCUBE_BOX_PROJECTION UNITY_SPECCUBE_BLENDING UNITY_ENABLE_DETAIL_NORMALMAP UNITY_HARDWARE_TIER1 UNITY_HARDWARE_TIER2 UNITY_COLORSPACE_GAMMA UNITY_LIGHT_PROBE_PROXY_VOLUME UNITY_HALF_PRECISION_FRAGMENT_SHADER_REGISTERS UNITY_LIGHTMAP_RGBM_ENCODING UNITY_LIGHTMAP_FULL_HDR UNITY_VIRTUAL_TEXTURING UNITY_PRETRANSFORM_TO_DISPLAY_ORIENTATION UNITY_ASTC_NORMALMAP_ENCODING SHADER_API_GLES30 flags=0 lang=0 type=Vertex platform=d3d11 reqs=33 mask=6 start=22 ok=1 outsize=1102

Cmd: compileSnippet
  insize=2489 file=Assets/Shader/Custom/RailRushBending pass=<Unnamed Pass> cachingPP=1 ppOnly=0 stripLineD=0 buildPlatform=13 rsLen=0 pKW=UNITY_NO_DXT5nm UNITY_ENABLE_REFLECTION_BUFFERS UNITY_NO_CUBEMAP_ARRAY UNITY_NO_SCREENSPACE_SHADOWS UNITY_PBS_USE_BRDF2 UNITY_HARDWARE_TIER3 UNITY_LIGHTMAP_DLDR_ENCODING uKW= dKW=FOG_LINEAR FOG_EXP FOG_EXP2 UNITY_ENABLE_NATIVE_SHADOW_LOOKUPS UNITY_METAL_SHADOWS_USE_POINT_FILTERING UNITY_USE_DITHER_MASK_FOR_ALPHABLENDED_SHADOWS UNITY_PBS_USE_BRDF1 UNITY_PBS_USE_BRDF3 UNITY_NO_FULL_STANDARD_SHADER UNITY_SPECCUBE_BOX_PROJECTION UNITY_SPECCUBE_BLENDING UNITY_ENABLE_DETAIL_NORMALMAP UNITY_HARDWARE_TIER1 UNITY_HARDWARE_TIER2 UNITY_COLORSPACE_GAMMA UNITY_LIGHT_PROBE_PROXY_VOLUME UNITY_HALF_PRECISION_FRAGMENT_SHADER_REGISTERS UNITY_LIGHTMAP_RGBM_ENCODING UNITY_LIGHTMAP_FULL_HDR UNITY_VIRTUAL_TEXTURING UNITY_PRETRANSFORM_TO_DISPLAY_ORIENTATION UNITY_ASTC_NORMALMAP_ENCODING SHADER_API_GLES30 flags=0 lang=0 type=Fragment platform=d3d11 reqs=33 mask=6 start=20 ok=1 outsize=498

Cmd: compileSnippet
  insize=1161 file=Assets/DefaultResourcesExtra/Particles/Standard Unlit pass=ShadowCaster cachingPP=1 ppOnly=0 stripLineD=0 buildPlatform=13 rsLen=0 pKW=UNITY_NO_DXT5nm UNITY_NO_RGBM UNITY_ENABLE_REFLECTION_BUFFERS UNITY_FRAMEBUFFER_FETCH_AVAILABLE UNITY_NO_CUBEMAP_ARRAY UNITY_NO_SCREENSPACE_SHADOWS UNITY_PBS_USE_BRDF2 SHADER_API_MOBILE UNITY_HARDWARE_TIER2 UNITY_LIGHTMAP_DLDR_ENCODING SHADER_API_GLES30 UNITY_PASS_SHADOWCASTER uKW=SHADOWS_DEPTH PROCEDURAL_INSTANCING_ON dKW=INSTANCING_ON _ALPHATEST_ON _ALPHABLEND_ON _ALPHAPREMULTIPLY_ON _ALPHAMODULATE_ON _REQUIRE_UV2 SHADOWS_CUBE UNITY_ENABLE_NATIVE_SHADOW_LOOKUPS UNITY_METAL_SHADOWS_USE_POINT_FILTERING UNITY_USE_DITHER_MASK_FOR_ALPHABLENDED_SHADOWS UNITY_PBS_USE_BRDF1 UNITY_PBS_USE_BRDF3 UNITY_NO_FULL_STANDARD_SHADER UNITY_SPECCUBE_BOX_PROJECTION UNITY_SPECCUBE_BLENDING UNITY_ENABLE_DETAIL_NORMALMAP UNITY_HARDWARE_TIER1 UNITY_HARDWARE_TIER3 UNITY_COLORSPACE_GAMMA UNITY_LIGHT_PROBE_PROXY_VOLUME UNITY_HALF_PRECISION_FRAGMENT_SHADER_REGISTERS UNITY_LIGHTMAP_RGBM_ENCODING UNITY_LIGHTMAP_FULL_HDR UNITY_VIRTUAL_TEXTURING UNITY_PRETRANSFORM_TO_DISPLAY_ORIENTATION UNITY_ASTC_NORMALMAP_ENCODING flags=268435456 lang=0 type=Vertex platform=gles3 reqs=16417 mask=6 start=72 ok=1 outsize=4775

Cmd: disassembleShader
 name=Particles/Standard Unlit platform=gles3 type=3 mask=6 insize=4775 outsize=4775 ok=1

Cmd: compileSnippet
  insize=1161 file=Assets/DefaultResourcesExtra/Particles/Standard Unlit pass=ShadowCaster cachingPP=1 ppOnly=0 stripLineD=0 buildPlatform=13 rsLen=0 pKW=UNITY_NO_DXT5nm UNITY_NO_RGBM UNITY_ENABLE_REFLECTION_BUFFERS UNITY_FRAMEBUFFER_FETCH_AVAILABLE UNITY_NO_CUBEMAP_ARRAY UNITY_NO_SCREENSPACE_SHADOWS UNITY_PBS_USE_BRDF3 UNITY_NO_FULL_STANDARD_SHADER SHADER_API_MOBILE UNITY_HARDWARE_TIER1 UNITY_LIGHTMAP_DLDR_ENCODING SHADER_API_GLES30 UNITY_PASS_SHADOWCASTER uKW=SHADOWS_CUBE PROCEDURAL_INSTANCING_ON dKW=INSTANCING_ON _ALPHATEST_ON _ALPHABLEND_ON _ALPHAPREMULTIPLY_ON _ALPHAMODULATE_ON _REQUIRE_UV2 SHADOWS_DEPTH UNITY_ENABLE_NATIVE_SHADOW_LOOKUPS UNITY_METAL_SHADOWS_USE_POINT_FILTERING UNITY_USE_DITHER_MASK_FOR_ALPHABLENDED_SHADOWS UNITY_PBS_USE_BRDF1 UNITY_PBS_USE_BRDF2 UNITY_SPECCUBE_BOX_PROJECTION UNITY_SPECCUBE_BLENDING UNITY_ENABLE_DETAIL_NORMALMAP UNITY_HARDWARE_TIER2 UNITY_HARDWARE_TIER3 UNITY_COLORSPACE_GAMMA UNITY_LIGHT_PROBE_PROXY_VOLUME UNITY_HALF_PRECISION_FRAGMENT_SHADER_REGISTERS UNITY_LIGHTMAP_RGBM_ENCODING UNITY_LIGHTMAP_FULL_HDR UNITY_VIRTUAL_TEXTURING UNITY_PRETRANSFORM_TO_DISPLAY_ORIENTATION UNITY_ASTC_NORMALMAP_ENCODING flags=268435456 lang=0 type=Vertex platform=gles3 reqs=16417 mask=6 start=72 ok=1 outsize=4627

Cmd: disassembleShader
 name=Particles/Standard Unlit platform=gles3 type=3 mask=6 insize=4627 outsize=4627 ok=1

Cmd: compileSnippet
  insize=1161 file=Assets/DefaultResourcesExtra/Particles/Standard Unlit pass=ShadowCaster cachingPP=1 ppOnly=0 stripLineD=0 buildPlatform=13 rsLen=0 pKW=UNITY_NO_DXT5nm UNITY_NO_RGBM UNITY_ENABLE_REFLECTION_BUFFERS UNITY_NO_CUBEMAP_ARRAY UNITY_NO_SCREENSPACE_SHADOWS UNITY_PBS_USE_BRDF2 SHADER_API_MOBILE UNITY_HARDWARE_TIER2 UNITY_LIGHTMAP_DLDR_ENCODING UNITY_PASS_SHADOWCASTER uKW=SHADOWS_CUBE _ALPHABLEND_ON dKW=INSTANCING_ON PROCEDURAL_INSTANCING_ON _ALPHATEST_ON _ALPHAPREMULTIPLY_ON _ALPHAMODULATE_ON _REQUIRE_UV2 SHADOWS_DEPTH UNITY_ENABLE_NATIVE_SHADOW_LOOKUPS UNITY_METAL_SHADOWS_USE_POINT_FILTERING UNITY_USE_DITHER_MASK_FOR_ALPHABLENDED_SHADOWS UNITY_PBS_USE_BRDF1 UNITY_PBS_USE_BRDF3 UNITY_NO_FULL_STANDARD_SHADER UNITY_SPECCUBE_BOX_PROJECTION UNITY_SPECCUBE_BLENDING UNITY_ENABLE_DETAIL_NORMALMAP UNITY_HARDWARE_TIER1 UNITY_HARDWARE_TIER3 UNITY_COLORSPACE_GAMMA UNITY_LIGHT_PROBE_PROXY_VOLUME UNITY_HALF_PRECISION_FRAGMENT_SHADER_REGISTERS UNITY_LIGHTMAP_RGBM_ENCODING UNITY_LIGHTMAP_FULL_HDR UNITY_VIRTUAL_TEXTURING UNITY_PRETRANSFORM_TO_DISPLAY_ORIENTATION UNITY_ASTC_NORMALMAP_ENCODING SHADER_API_GLES30 flags=268435456 lang=0 type=Vertex platform=vulkan reqs=33 mask=6 start=72 ok=1 outsize=2310

Cmd: disassembleShader
 name=Particles/Standard Unlit platform=vulkan type=25 mask=6 insize=2310 outsize=21425 ok=1

Cmd: compileSnippet
  insize=1161 file=Assets/DefaultResourcesExtra/Particles/Standard Unlit pass=ShadowCaster cachingPP=1 ppOnly=0 stripLineD=0 buildPlatform=13 rsLen=0 pKW=UNITY_NO_DXT5nm UNITY_NO_RGBM UNITY_ENABLE_REFLECTION_BUFFERS UNITY_NO_CUBEMAP_ARRAY UNITY_NO_SCREENSPACE_SHADOWS UNITY_PBS_USE_BRDF3 UNITY_NO_FULL_STANDARD_SHADER SHADER_API_MOBILE UNITY_HARDWARE_TIER1 UNITY_LIGHTMAP_DLDR_ENCODING UNITY_PASS_SHADOWCASTER uKW=SHADOWS_CUBE PROCEDURAL_INSTANCING_ON dKW=INSTANCING_ON _ALPHATEST_ON _ALPHABLEND_ON _ALPHAPREMULTIPLY_ON _ALPHAMODULATE_ON _REQUIRE_UV2 SHADOWS_DEPTH UNITY_ENABLE_NATIVE_SHADOW_LOOKUPS UNITY_METAL_SHADOWS_USE_POINT_FILTERING UNITY_USE_DITHER_MASK_FOR_ALPHABLENDED_SHADOWS UNITY_PBS_USE_BRDF1 UNITY_PBS_USE_BRDF2 UNITY_SPECCUBE_BOX_PROJECTION UNITY_SPECCUBE_BLENDING UNITY_ENABLE_DETAIL_NORMALMAP UNITY_HARDWARE_TIER2 UNITY_HARDWARE_TIER3 UNITY_COLORSPACE_GAMMA UNITY_LIGHT_PROBE_PROXY_VOLUME UNITY_HALF_PRECISION_FRAGMENT_SHADER_REGISTERS UNITY_LIGHTMAP_RGBM_ENCODING UNITY_LIGHTMAP_FULL_HDR UNITY_VIRTUAL_TEXTURING UNITY_PRETRANSFORM_TO_DISPLAY_ORIENTATION UNITY_ASTC_NORMALMAP_ENCODING SHADER_API_GLES30 flags=268435456 lang=0 type=Vertex platform=vulkan reqs=16417 mask=6 start=72 ok=1 outsize=2828

Cmd: disassembleShader
 name=Particles/Standard Unlit platform=vulkan type=25 mask=6 insize=2828 outsize=25476 ok=1

Cmd: compileSnippet
  insize=1429 file=Assets/DefaultResourcesExtra/Particles/Standard Unlit pass=<Unnamed Pass> cachingPP=1 ppOnly=0 stripLineD=0 buildPlatform=13 rsLen=0 pKW=UNITY_NO_DXT5nm UNITY_NO_RGBM UNITY_ENABLE_REFLECTION_BUFFERS UNITY_FRAMEBUFFER_FETCH_AVAILABLE UNITY_NO_CUBEMAP_ARRAY UNITY_NO_SCREENSPACE_SHADOWS UNITY_PBS_USE_BRDF3 UNITY_NO_FULL_STANDARD_SHADER SHADER_API_MOBILE UNITY_HARDWARE_TIER1 UNITY_LIGHTMAP_DLDR_ENCODING SHADER_API_GLES30 UNITY_PASS_FORWARDBASE uKW=_ALPHABLEND_ON _NORMALMAP _FADING_ON EFFECT_BUMP dKW=SOFTPARTICLES_ON FOG_LINEAR FOG_EXP FOG_EXP2 INSTANCING_ON PROCEDURAL_INSTANCING_ON _REQUIRE_UV2 UNITY_ENABLE_NATIVE_SHADOW_LOOKUPS UNITY_METAL_SHADOWS_USE_POINT_FILTERING UNITY_USE_DITHER_MASK_FOR_ALPHABLENDED_SHADOWS UNITY_PBS_USE_BRDF1 UNITY_PBS_USE_BRDF2 UNITY_SPECCUBE_BOX_PROJECTION UNITY_SPECCUBE_BLENDING UNITY_ENABLE_DETAIL_NORMALMAP UNITY_HARDWARE_TIER2 UNITY_HARDWARE_TIER3 UNITY_COLORSPACE_GAMMA UNITY_LIGHT_PROBE_PROXY_VOLUME UNITY_HALF_PRECISION_FRAGMENT_SHADER_REGISTERS UNITY_LIGHTMAP_RGBM_ENCODING UNITY_LIGHTMAP_FULL_HDR UNITY_VIRTUAL_TEXTURING UNITY_PRETRANSFORM_TO_DISPLAY_ORIENTATION UNITY_ASTC_NORMALMAP_ENCODING flags=268435456 lang=0 type=Vertex platform=gles3 reqs=33 mask=6 start=143 ok=1 outsize=4631

Cmd: disassembleShader
 name=Particles/Standard Unlit platform=gles3 type=4 mask=6 insize=4631 outsize=4631 ok=1

Cmd: compileSnippet
  insize=1429 file=Assets/DefaultResourcesExtra/Particles/Standard Unlit pass=<Unnamed Pass> cachingPP=1 ppOnly=0 stripLineD=0 buildPlatform=13 rsLen=0 pKW=UNITY_NO_DXT5nm UNITY_NO_RGBM UNITY_ENABLE_REFLECTION_BUFFERS UNITY_FRAMEBUFFER_FETCH_AVAILABLE UNITY_NO_CUBEMAP_ARRAY UNITY_NO_SCREENSPACE_SHADOWS UNITY_PBS_USE_BRDF2 SHADER_API_MOBILE UNITY_HARDWARE_TIER2 UNITY_LIGHTMAP_DLDR_ENCODING SHADER_API_GLES30 UNITY_PASS_FORWARDBASE uKW=PROCEDURAL_INSTANCING_ON _NORMALMAP _FADING_ON EFFECT_BUMP dKW=SOFTPARTICLES_ON FOG_LINEAR FOG_EXP FOG_EXP2 INSTANCING_ON _REQUIRE_UV2 UNITY_ENABLE_NATIVE_SHADOW_LOOKUPS UNITY_METAL_SHADOWS_USE_POINT_FILTERING UNITY_USE_DITHER_MASK_FOR_ALPHABLENDED_SHADOWS UNITY_PBS_USE_BRDF1 UNITY_PBS_USE_BRDF3 UNITY_NO_FULL_STANDARD_SHADER UNITY_SPECCUBE_BOX_PROJECTION UNITY_SPECCUBE_BLENDING UNITY_ENABLE_DETAIL_NORMALMAP UNITY_HARDWARE_TIER1 UNITY_HARDWARE_TIER3 UNITY_COLORSPACE_GAMMA UNITY_LIGHT_PROBE_PROXY_VOLUME UNITY_HALF_PRECISION_FRAGMENT_SHADER_REGISTERS UNITY_LIGHTMAP_RGBM_ENCODING UNITY_LIGHTMAP_FULL_HDR UNITY_VIRTUAL_TEXTURING UNITY_PRETRANSFORM_TO_DISPLAY_ORIENTATION UNITY_ASTC_NORMALMAP_ENCODING flags=268435456 lang=0 type=Vertex platform=gles3 reqs=16417 mask=6 start=143 ok=1 outsize=7706

Cmd: disassembleShader
 name=Particles/Standard Unlit platform=gles3 type=3 mask=6 insize=7706 outsize=7706 ok=1

Cmd: compileSnippet
  insize=1429 file=Assets/DefaultResourcesExtra/Particles/Standard Unlit pass=<Unnamed Pass> cachingPP=1 ppOnly=0 stripLineD=0 buildPlatform=13 rsLen=0 pKW=UNITY_NO_DXT5nm UNITY_NO_RGBM UNITY_ENABLE_REFLECTION_BUFFERS UNITY_FRAMEBUFFER_FETCH_AVAILABLE UNITY_NO_CUBEMAP_ARRAY UNITY_NO_SCREENSPACE_SHADOWS UNITY_PBS_USE_BRDF3 UNITY_NO_FULL_STANDARD_SHADER SHADER_API_MOBILE UNITY_HARDWARE_TIER1 UNITY_LIGHTMAP_DLDR_ENCODING SHADER_API_GLES30 UNITY_PASS_FORWARDBASE uKW=SOFTPARTICLES_ON _ALPHABLEND_ON _NORMALMAP _FADING_ON EFFECT_BUMP dKW=FOG_LINEAR FOG_EXP FOG_EXP2 INSTANCING_ON PROCEDURAL_INSTANCING_ON _REQUIRE_UV2 UNITY_ENABLE_NATIVE_SHADOW_LOOKUPS UNITY_METAL_SHADOWS_USE_POINT_FILTERING UNITY_USE_DITHER_MASK_FOR_ALPHABLENDED_SHADOWS UNITY_PBS_USE_BRDF1 UNITY_PBS_USE_BRDF2 UNITY_SPECCUBE_BOX_PROJECTION UNITY_SPECCUBE_BLENDING UNITY_ENABLE_DETAIL_NORMALMAP UNITY_HARDWARE_TIER2 UNITY_HARDWARE_TIER3 UNITY_COLORSPACE_GAMMA UNITY_LIGHT_PROBE_PROXY_VOLUME UNITY_HALF_PRECISION_FRAGMENT_SHADER_REGISTERS UNITY_LIGHTMAP_RGBM_ENCODING UNITY_LIGHTMAP_FULL_HDR UNITY_VIRTUAL_TEXTURING UNITY_PRETRANSFORM_TO_DISPLAY_ORIENTATION UNITY_ASTC_NORMALMAP_ENCODING flags=268435456 lang=0 type=Vertex platform=gles3 reqs=33 mask=6 start=143 ok=1 outsize=5653

Cmd: disassembleShader
 name=Particles/Standard Unlit platform=gles3 type=4 mask=6 insize=5653 outsize=5653 ok=1

Cmd: compileSnippet
  insize=1429 file=Assets/DefaultResourcesExtra/Particles/Standard Unlit pass=<Unnamed Pass> cachingPP=1 ppOnly=0 stripLineD=0 buildPlatform=13 rsLen=0 pKW=UNITY_NO_DXT5nm UNITY_NO_RGBM UNITY_ENABLE_REFLECTION_BUFFERS UNITY_FRAMEBUFFER_FETCH_AVAILABLE UNITY_NO_CUBEMAP_ARRAY UNITY_NO_SCREENSPACE_SHADOWS UNITY_PBS_USE_BRDF2 SHADER_API_MOBILE UNITY_HARDWARE_TIER2 UNITY_LIGHTMAP_DLDR_ENCODING SHADER_API_GLES30 UNITY_PASS_FORWARDBASE uKW=SOFTPARTICLES_ON PROCEDURAL_INSTANCING_ON _ALPHABLEND_ON _FADING_ON dKW=FOG_LINEAR FOG_EXP FOG_EXP2 INSTANCING_ON _NORMALMAP _REQUIRE_UV2 EFFECT_BUMP UNITY_ENABLE_NATIVE_SHADOW_LOOKUPS UNITY_METAL_SHADOWS_USE_POINT_FILTERING UNITY_USE_DITHER_MASK_FOR_ALPHABLENDED_SHADOWS UNITY_PBS_USE_BRDF1 UNITY_PBS_USE_BRDF3 UNITY_NO_FULL_STANDARD_SHADER UNITY_SPECCUBE_BOX_PROJECTION UNITY_SPECCUBE_BLENDING UNITY_ENABLE_DETAIL_NORMALMAP UNITY_HARDWARE_TIER1 UNITY_HARDWARE_TIER3 UNITY_COLORSPACE_GAMMA UNITY_LIGHT_PROBE_PROXY_VOLUME UNITY_HALF_PRECISION_FRAGMENT_SHADER_REGISTERS UNITY_LIGHTMAP_RGBM_ENCODING UNITY_LIGHTMAP_FULL_HDR UNITY_VIRTUAL_TEXTURING UNITY_PRETRANSFORM_TO_DISPLAY_ORIENTATION UNITY_ASTC_NORMALMAP_ENCODING flags=268435456 lang=0 type=Vertex platform=gles3 reqs=16417 mask=6 start=143 ok=1 outsize=7291

Cmd: disassembleShader
 name=Particles/Standard Unlit platform=gles3 type=3 mask=6 insize=7291 outsize=7291 ok=1

Cmd: compileSnippet
  insize=1429 file=Assets/DefaultResourcesExtra/Particles/Standard Unlit pass=<Unnamed Pass> cachingPP=1 ppOnly=0 stripLineD=0 buildPlatform=13 rsLen=0 pKW=UNITY_NO_DXT5nm UNITY_NO_RGBM UNITY_ENABLE_REFLECTION_BUFFERS UNITY_NO_CUBEMAP_ARRAY UNITY_NO_SCREENSPACE_SHADOWS UNITY_PBS_USE_BRDF2 SHADER_API_MOBILE UNITY_HARDWARE_TIER2 UNITY_LIGHTMAP_DLDR_ENCODING UNITY_PASS_FORWARDBASE uKW=_ALPHABLEND_ON _FADING_ON dKW=SOFTPARTICLES_ON FOG_LINEAR FOG_EXP FOG_EXP2 INSTANCING_ON PROCEDURAL_INSTANCING_ON _NORMALMAP _REQUIRE_UV2 EFFECT_BUMP UNITY_ENABLE_NATIVE_SHADOW_LOOKUPS UNITY_METAL_SHADOWS_USE_POINT_FILTERING UNITY_USE_DITHER_MASK_FOR_ALPHABLENDED_SHADOWS UNITY_PBS_USE_BRDF1 UNITY_PBS_USE_BRDF3 UNITY_NO_FULL_STANDARD_SHADER UNITY_SPECCUBE_BOX_PROJECTION UNITY_SPECCUBE_BLENDING UNITY_ENABLE_DETAIL_NORMALMAP UNITY_HARDWARE_TIER1 UNITY_HARDWARE_TIER3 UNITY_COLORSPACE_GAMMA UNITY_LIGHT_PROBE_PROXY_VOLUME UNITY_HALF_PRECISION_FRAGMENT_SHADER_REGISTERS UNITY_LIGHTMAP_RGBM_ENCODING UNITY_LIGHTMAP_FULL_HDR UNITY_VIRTUAL_TEXTURING UNITY_PRETRANSFORM_TO_DISPLAY_ORIENTATION UNITY_ASTC_NORMALMAP_ENCODING SHADER_API_GLES30 flags=268435456 lang=0 type=Vertex platform=vulkan reqs=33 mask=6 start=143 ok=1 outsize=1921

Cmd: disassembleShader
 name=Particles/Standard Unlit platform=vulkan type=25 mask=6 insize=1921 outsize=17899 ok=1

Cmd: compileSnippet
  insize=1429 file=Assets/DefaultResourcesExtra/Particles/Standard Unlit pass=<Unnamed Pass> cachingPP=1 ppOnly=0 stripLineD=0 buildPlatform=13 rsLen=0 pKW=UNITY_NO_DXT5nm UNITY_NO_RGBM UNITY_ENABLE_REFLECTION_BUFFERS UNITY_NO_CUBEMAP_ARRAY UNITY_NO_SCREENSPACE_SHADOWS UNITY_PBS_USE_BRDF3 UNITY_NO_FULL_STANDARD_SHADER SHADER_API_MOBILE UNITY_HARDWARE_TIER1 UNITY_LIGHTMAP_DLDR_ENCODING UNITY_PASS_FORWARDBASE uKW=PROCEDURAL_INSTANCING_ON _ALPHABLEND_ON _FADING_ON dKW=SOFTPARTICLES_ON FOG_LINEAR FOG_EXP FOG_EXP2 INSTANCING_ON _NORMALMAP _REQUIRE_UV2 EFFECT_BUMP UNITY_ENABLE_NATIVE_SHADOW_LOOKUPS UNITY_METAL_SHADOWS_USE_POINT_FILTERING UNITY_USE_DITHER_MASK_FOR_ALPHABLENDED_SHADOWS UNITY_PBS_USE_BRDF1 UNITY_PBS_USE_BRDF2 UNITY_SPECCUBE_BOX_PROJECTION UNITY_SPECCUBE_BLENDING UNITY_ENABLE_DETAIL_NORMALMAP UNITY_HARDWARE_TIER2 UNITY_HARDWARE_TIER3 UNITY_COLORSPACE_GAMMA UNITY_LIGHT_PROBE_PROXY_VOLUME UNITY_HALF_PRECISION_FRAGMENT_SHADER_REGISTERS UNITY_LIGHTMAP_RGBM_ENCODING UNITY_LIGHTMAP_FULL_HDR UNITY_VIRTUAL_TEXTURING UNITY_PRETRANSFORM_TO_DISPLAY_ORIENTATION UNITY_ASTC_NORMALMAP_ENCODING SHADER_API_GLES30 flags=268435456 lang=0 type=Vertex platform=vulkan reqs=16417 mask=6 start=143 ok=1 outsize=3502

Cmd: disassembleShader
 name=Particles/Standard Unlit platform=vulkan type=25 mask=6 insize=3502 outsize=31709 ok=1

Cmd: compileSnippet
  insize=1429 file=Assets/DefaultResourcesExtra/Particles/Standard Unlit pass=<Unnamed Pass> cachingPP=1 ppOnly=0 stripLineD=0 buildPlatform=13 rsLen=0 pKW=UNITY_NO_DXT5nm UNITY_NO_RGBM UNITY_ENABLE_REFLECTION_BUFFERS UNITY_NO_CUBEMAP_ARRAY UNITY_NO_SCREENSPACE_SHADOWS UNITY_PBS_USE_BRDF2 SHADER_API_MOBILE UNITY_HARDWARE_TIER3 UNITY_LIGHTMAP_DLDR_ENCODING UNITY_PASS_FORWARDBASE uKW=SOFTPARTICLES_ON _FADING_ON dKW=FOG_LINEAR FOG_EXP FOG_EXP2 INSTANCING_ON PROCEDURAL_INSTANCING_ON _NORMALMAP _REQUIRE_UV2 EFFECT_BUMP UNITY_ENABLE_NATIVE_SHADOW_LOOKUPS UNITY_METAL_SHADOWS_USE_POINT_FILTERING UNITY_USE_DITHER_MASK_FOR_ALPHABLENDED_SHADOWS UNITY_PBS_USE_BRDF1 UNITY_PBS_USE_BRDF3 UNITY_NO_FULL_STANDARD_SHADER UNITY_SPECCUBE_BOX_PROJECTION UNITY_SPECCUBE_BLENDING UNITY_ENABLE_DETAIL_NORMALMAP UNITY_HARDWARE_TIER1 UNITY_HARDWARE_TIER2 UNITY_COLORSPACE_GAMMA UNITY_LIGHT_PROBE_PROXY_VOLUME UNITY_HALF_PRECISION_FRAGMENT_SHADER_REGISTERS UNITY_LIGHTMAP_RGBM_ENCODING UNITY_LIGHTMAP_FULL_HDR UNITY_VIRTUAL_TEXTURING UNITY_PRETRANSFORM_TO_DISPLAY_ORIENTATION UNITY_ASTC_NORMALMAP_ENCODING SHADER_API_GLES30 flags=268435456 lang=0 type=Vertex platform=vulkan reqs=33 mask=6 start=143 ok=1 outsize=1795

Cmd: disassembleShader
 name=Particles/Standard Unlit platform=vulkan type=25 mask=6 insize=1795 outsize=16998 ok=1

Cmd: compileSnippet
  insize=1429 file=Assets/DefaultResourcesExtra/Particles/Standard Unlit pass=<Unnamed Pass> cachingPP=1 ppOnly=0 stripLineD=0 buildPlatform=13 rsLen=0 pKW=UNITY_NO_DXT5nm UNITY_NO_RGBM UNITY_ENABLE_REFLECTION_BUFFERS UNITY_NO_CUBEMAP_ARRAY UNITY_NO_SCREENSPACE_SHADOWS UNITY_PBS_USE_BRDF2 SHADER_API_MOBILE UNITY_HARDWARE_TIER3 UNITY_LIGHTMAP_DLDR_ENCODING UNITY_PASS_FORWARDBASE uKW=SOFTPARTICLES_ON PROCEDURAL_INSTANCING_ON _ALPHABLEND_ON dKW=FOG_LINEAR FOG_EXP FOG_EXP2 INSTANCING_ON _NORMALMAP _FADING_ON _REQUIRE_UV2 EFFECT_BUMP UNITY_ENABLE_NATIVE_SHADOW_LOOKUPS UNITY_METAL_SHADOWS_USE_POINT_FILTERING UNITY_USE_DITHER_MASK_FOR_ALPHABLENDED_SHADOWS UNITY_PBS_USE_BRDF1 UNITY_PBS_USE_BRDF3 UNITY_NO_FULL_STANDARD_SHADER UNITY_SPECCUBE_BOX_PROJECTION UNITY_SPECCUBE_BLENDING UNITY_ENABLE_DETAIL_NORMALMAP UNITY_HARDWARE_TIER1 UNITY_HARDWARE_TIER2 UNITY_COLORSPACE_GAMMA UNITY_LIGHT_PROBE_PROXY_VOLUME UNITY_HALF_PRECISION_FRAGMENT_SHADER_REGISTERS UNITY_LIGHTMAP_RGBM_ENCODING UNITY_LIGHTMAP_FULL_HDR UNITY_VIRTUAL_TEXTURING UNITY_PRETRANSFORM_TO_DISPLAY_ORIENTATION UNITY_ASTC_NORMALMAP_ENCODING SHADER_API_GLES30 flags=268435456 lang=0 type=Vertex platform=vulkan reqs=16417 mask=6 start=143 ok=1 outsize=3299

Cmd: disassembleShader
 name=Particles/Standard Unlit platform=vulkan type=25 mask=6 insize=3299 outsize=30022 ok=1

Cmd: shutdown
