Base path: 'C:/Program Files/Unity/Hub/Editor/2020.3.43f1/Editor/Data', plugins path 'C:/Program Files/Unity/Hub/Editor/2020.3.43f1/Editor/Data/PlaybackEngines'
Cmd: initializeCompiler

Cmd: disassembleShader
 name=Standard platform=gles3 type=4 mask=6 insize=8701 outsize=8701 ok=1

Cmd: disassembleShader
 name=Standard platform=gles3 type=4 mask=6 insize=10731 outsize=10731 ok=1

Cmd: disassembleShader
 name=Standard platform=gles3 type=4 mask=6 insize=11480 outsize=11480 ok=1

Cmd: disassembleShader
 name=Standard platform=gles3 type=4 mask=6 insize=7530 outsize=7530 ok=1

Cmd: disassembleShader
 name=Standard platform=gles3 type=4 mask=6 insize=10378 outsize=10378 ok=1

Cmd: disassembleShader
 name=Standard platform=gles3 type=4 mask=6 insize=11843 outsize=11843 ok=1

Cmd: disassembleShader
 name=Standard platform=gles3 type=4 mask=6 insize=10809 outsize=10809 ok=1

Cmd: disassembleShader
 name=Standard platform=gles3 type=4 mask=6 insize=12838 outsize=12838 ok=1

Cmd: disassembleShader
 name=Standard platform=gles3 type=4 mask=6 insize=10378 outsize=10378 ok=1

Cmd: disassembleShader
 name=Standard platform=vulkan type=25 mask=6 insize=5567 outsize=57330 ok=1

Cmd: disassembleShader
 name=Standard platform=vulkan type=25 mask=6 insize=6313 outsize=62721 ok=1

Cmd: disassembleShader
 name=Standard platform=vulkan type=25 mask=6 insize=5491 outsize=54949 ok=1

Cmd: disassembleShader
 name=Standard platform=vulkan type=25 mask=6 insize=7004 outsize=70173 ok=1

Cmd: disassembleShader
 name=Standard platform=vulkan type=25 mask=6 insize=9146 outsize=91588 ok=1

Cmd: disassembleShader
 name=Standard platform=gles3 type=4 mask=6 insize=7249 outsize=7249 ok=1

Cmd: disassembleShader
 name=Standard platform=gles3 type=4 mask=6 insize=8682 outsize=8682 ok=1

Cmd: disassembleShader
 name=Standard platform=gles3 type=4 mask=6 insize=10328 outsize=10328 ok=1

Cmd: disassembleShader
 name=Standard platform=gles3 type=4 mask=6 insize=10875 outsize=10875 ok=1

Cmd: disassembleShader
 name=Standard platform=gles3 type=4 mask=6 insize=7614 outsize=7614 ok=1

Cmd: disassembleShader
 name=Standard platform=gles3 type=4 mask=6 insize=10139 outsize=10139 ok=1

Cmd: disassembleShader
 name=Standard platform=gles3 type=4 mask=6 insize=10872 outsize=10872 ok=1

Cmd: disassembleShader
 name=Standard platform=vulkan type=25 mask=6 insize=4893 outsize=45265 ok=1

Cmd: disassembleShader
 name=Standard platform=vulkan type=25 mask=6 insize=5067 outsize=47303 ok=1

Cmd: disassembleShader
 name=Standard platform=vulkan type=25 mask=6 insize=5955 outsize=56651 ok=1

Cmd: disassembleShader
 name=Standard platform=vulkan type=25 mask=6 insize=6785 outsize=63328 ok=1

Cmd: disassembleShader
 name=Standard platform=vulkan type=25 mask=6 insize=4750 outsize=45809 ok=1

Cmd: disassembleShader
 name=Standard platform=vulkan type=25 mask=6 insize=6151 outsize=57486 ok=1

Cmd: disassembleShader
 name=Standard platform=vulkan type=25 mask=6 insize=7345 outsize=69872 ok=1

Cmd: disassembleShader
 name=Standard platform=vulkan type=25 mask=6 insize=5983 outsize=56786 ok=1

Cmd: disassembleShader
 name=Standard platform=gles3 type=4 mask=6 insize=3025 outsize=3025 ok=1

Cmd: disassembleShader
 name=Standard platform=gles3 type=4 mask=6 insize=5223 outsize=5223 ok=1

Cmd: disassembleShader
 name=Standard platform=gles3 type=4 mask=6 insize=6274 outsize=6274 ok=1

Cmd: disassembleShader
 name=Standard platform=vulkan type=25 mask=6 insize=5058 outsize=50320 ok=1

Cmd: disassembleShader
 name=Standard platform=vulkan type=25 mask=6 insize=3962 outsize=39321 ok=1

Cmd: disassembleShader
 name=Standard platform=gles3 type=4 mask=6 insize=8545 outsize=8545 ok=1

Cmd: disassembleShader
 name=Standard platform=gles3 type=4 mask=6 insize=11480 outsize=11480 ok=1

Cmd: disassembleShader
 name=Standard platform=gles3 type=4 mask=6 insize=10421 outsize=10421 ok=1

Cmd: disassembleShader
 name=Standard platform=gles3 type=4 mask=6 insize=10731 outsize=10731 ok=1

Cmd: disassembleShader
 name=Standard platform=gles3 type=4 mask=6 insize=8942 outsize=8942 ok=1

Cmd: disassembleShader
 name=Standard platform=vulkan type=25 mask=6 insize=6515 outsize=67107 ok=1

Cmd: disassembleShader
 name=Standard platform=vulkan type=25 mask=6 insize=5591 outsize=56405 ok=1

Cmd: disassembleShader
 name=Standard platform=vulkan type=25 mask=6 insize=5199 outsize=53454 ok=1

Cmd: disassembleShader
 name=Standard platform=vulkan type=25 mask=6 insize=8048 outsize=82733 ok=1

Cmd: disassembleShader
 name=Standard platform=gles3 type=4 mask=6 insize=7661 outsize=7661 ok=1

Cmd: disassembleShader
 name=Standard platform=gles3 type=4 mask=6 insize=7322 outsize=7322 ok=1

Cmd: disassembleShader
 name=Standard platform=gles3 type=4 mask=6 insize=9678 outsize=9678 ok=1

Cmd: disassembleShader
 name=Standard platform=gles3 type=4 mask=6 insize=9763 outsize=9763 ok=1

Cmd: disassembleShader
 name=Standard platform=gles3 type=4 mask=6 insize=8109 outsize=8109 ok=1

Cmd: disassembleShader
 name=Standard platform=vulkan type=25 mask=6 insize=4214 outsize=40416 ok=1

Cmd: disassembleShader
 name=Standard platform=vulkan type=25 mask=6 insize=4645 outsize=43672 ok=1

Cmd: disassembleShader
 name=Standard platform=vulkan type=25 mask=6 insize=4563 outsize=42536 ok=1

Cmd: disassembleShader
 name=Standard platform=vulkan type=25 mask=6 insize=4897 outsize=47226 ok=1

Cmd: disassembleShader
 name=Standard platform=vulkan type=25 mask=6 insize=7012 outsize=66500 ok=1

Cmd: disassembleShader
 name=Standard platform=vulkan type=25 mask=6 insize=5130 outsize=47972 ok=1

Cmd: disassembleShader
 name=Standard platform=gles3 type=4 mask=6 insize=2798 outsize=2798 ok=1

Cmd: disassembleShader
 name=Standard platform=vulkan type=25 mask=6 insize=1804 outsize=16237 ok=1

Cmd: disassembleShader
 name=Standard platform=gles3 type=4 mask=6 insize=8563 outsize=8563 ok=1

Cmd: disassembleShader
 name=Standard platform=gles3 type=4 mask=6 insize=11888 outsize=11888 ok=1

Cmd: disassembleShader
 name=Standard platform=gles3 type=4 mask=6 insize=12240 outsize=12240 ok=1

Cmd: disassembleShader
 name=Standard platform=gles3 type=4 mask=6 insize=8962 outsize=8962 ok=1

Cmd: disassembleShader
 name=Standard platform=vulkan type=25 mask=6 insize=7226 outsize=73520 ok=1

Cmd: disassembleShader
 name=Standard platform=vulkan type=25 mask=6 insize=7167 outsize=71938 ok=1

Cmd: disassembleShader
 name=Standard platform=vulkan type=25 mask=6 insize=7004 outsize=70173 ok=1

Cmd: disassembleShader
 name=Standard platform=vulkan type=25 mask=6 insize=6866 outsize=70193 ok=1

Cmd: disassembleShader
 name=Standard platform=vulkan type=25 mask=6 insize=5491 outsize=54949 ok=1

Cmd: disassembleShader
 name=Standard platform=gles3 type=4 mask=6 insize=7890 outsize=7890 ok=1

Cmd: disassembleShader
 name=Standard platform=gles3 type=4 mask=6 insize=6796 outsize=6796 ok=1

Cmd: disassembleShader
 name=Standard platform=gles3 type=4 mask=6 insize=10328 outsize=10328 ok=1

Cmd: disassembleShader
 name=Standard platform=gles3 type=4 mask=6 insize=6771 outsize=6771 ok=1

Cmd: disassembleShader
 name=Standard platform=gles3 type=4 mask=6 insize=7970 outsize=7970 ok=1

Cmd: disassembleShader
 name=Standard platform=gles3 type=4 mask=6 insize=8594 outsize=8594 ok=1

Cmd: disassembleShader
 name=Standard platform=gles3 type=4 mask=6 insize=10047 outsize=10047 ok=1

Cmd: disassembleShader
 name=Standard platform=gles3 type=4 mask=6 insize=9391 outsize=9391 ok=1

Cmd: disassembleShader
 name=Standard platform=vulkan type=25 mask=6 insize=5104 outsize=47771 ok=1

Cmd: disassembleShader
 name=Standard platform=vulkan type=25 mask=6 insize=4905 outsize=45593 ok=1

Cmd: disassembleShader
 name=Standard platform=vulkan type=25 mask=6 insize=6017 outsize=57731 ok=1

Cmd: disassembleShader
 name=Standard platform=vulkan type=25 mask=6 insize=5211 outsize=49121 ok=1

Cmd: disassembleShader
 name=Standard platform=vulkan type=25 mask=6 insize=6151 outsize=57486 ok=1

Cmd: disassembleShader
 name=Standard platform=vulkan type=25 mask=6 insize=7345 outsize=69872 ok=1

Cmd: disassembleShader
 name=Standard platform=gles3 type=4 mask=6 insize=3025 outsize=3025 ok=1

Cmd: disassembleShader
 name=Standard platform=vulkan type=25 mask=6 insize=1804 outsize=16237 ok=1

Cmd: disassembleShader
 name=Standard platform=gles3 type=4 mask=6 insize=7717 outsize=7717 ok=1

Cmd: disassembleShader
 name=Standard platform=gles3 type=4 mask=6 insize=7671 outsize=7671 ok=1

Cmd: disassembleShader
 name=Standard platform=vulkan type=25 mask=6 insize=5058 outsize=50320 ok=1

Cmd: disassembleShader
 name=Standard platform=vulkan type=25 mask=6 insize=3898 outsize=38707 ok=1

Cmd: disassembleShader
 name=Standard platform=gles3 type=4 mask=6 insize=10108 outsize=10108 ok=1

Cmd: disassembleShader
 name=Standard platform=gles3 type=4 mask=6 insize=7935 outsize=7935 ok=1

Cmd: disassembleShader
 name=Standard platform=gles3 type=4 mask=6 insize=7764 outsize=7764 ok=1

Cmd: disassembleShader
 name=Standard platform=vulkan type=25 mask=6 insize=4596 outsize=46969 ok=1

Cmd: disassembleShader
 name=Standard platform=vulkan type=25 mask=6 insize=6515 outsize=67107 ok=1

Cmd: disassembleShader
 name=Standard platform=vulkan type=25 mask=6 insize=5552 outsize=57482 ok=1

Cmd: disassembleShader
 name=Standard platform=vulkan type=25 mask=6 insize=6443 outsize=64184 ok=1

Cmd: disassembleShader
 name=Standard platform=vulkan type=25 mask=6 insize=8003 outsize=79867 ok=1

Cmd: disassembleShader
 name=Standard platform=gles3 type=4 mask=6 insize=6882 outsize=6882 ok=1

Cmd: disassembleShader
 name=Standard platform=gles3 type=4 mask=6 insize=7528 outsize=7528 ok=1

Cmd: disassembleShader
 name=Standard platform=gles3 type=4 mask=6 insize=6951 outsize=6951 ok=1

Cmd: disassembleShader
 name=Standard platform=gles3 type=4 mask=6 insize=6591 outsize=6591 ok=1

Cmd: disassembleShader
 name=Standard platform=gles3 type=4 mask=6 insize=8238 outsize=8238 ok=1

Cmd: disassembleShader
 name=Standard platform=gles3 type=4 mask=6 insize=8242 outsize=8242 ok=1

Cmd: disassembleShader
 name=Standard platform=vulkan type=25 mask=6 insize=4353 outsize=43702 ok=1

Cmd: disassembleShader
 name=Standard platform=vulkan type=25 mask=6 insize=5226 outsize=51404 ok=1

Cmd: disassembleShader
 name=Standard platform=vulkan type=25 mask=6 insize=4327 outsize=40544 ok=1

Cmd: disassembleShader
 name=Standard platform=vulkan type=25 mask=6 insize=4046 outsize=39812 ok=1

Cmd: disassembleShader
 name=Standard platform=vulkan type=25 mask=6 insize=7012 outsize=66500 ok=1

Cmd: disassembleShader
 name=Standard platform=vulkan type=25 mask=6 insize=4925 outsize=47297 ok=1

Cmd: disassembleShader
 name=Standard platform=gles3 type=4 mask=6 insize=2798 outsize=2798 ok=1

Cmd: disassembleShader
 name=Standard platform=vulkan type=25 mask=6 insize=1914 outsize=17263 ok=1

Cmd: compileSnippet
  insize=1161 file=Assets/DefaultResourcesExtra/Particles/Standard Unlit pass=ShadowCaster cachingPP=1 ppOnly=0 stripLineD=0 buildPlatform=13 rsLen=0 pKW=UNITY_NO_DXT5nm UNITY_NO_RGBM UNITY_ENABLE_REFLECTION_BUFFERS UNITY_FRAMEBUFFER_FETCH_AVAILABLE UNITY_NO_CUBEMAP_ARRAY UNITY_NO_SCREENSPACE_SHADOWS UNITY_PBS_USE_BRDF3 UNITY_NO_FULL_STANDARD_SHADER SHADER_API_MOBILE UNITY_HARDWARE_TIER1 UNITY_LIGHTMAP_DLDR_ENCODING SHADER_API_GLES30 UNITY_PASS_SHADOWCASTER uKW=SHADOWS_CUBE dKW=INSTANCING_ON PROCEDURAL_INSTANCING_ON _ALPHATEST_ON _ALPHABLEND_ON _ALPHAPREMULTIPLY_ON _ALPHAMODULATE_ON _REQUIRE_UV2 SHADOWS_DEPTH UNITY_ENABLE_NATIVE_SHADOW_LOOKUPS UNITY_METAL_SHADOWS_USE_POINT_FILTERING UNITY_USE_DITHER_MASK_FOR_ALPHABLENDED_SHADOWS UNITY_PBS_USE_BRDF1 UNITY_PBS_USE_BRDF2 UNITY_SPECCUBE_BOX_PROJECTION UNITY_SPECCUBE_BLENDING UNITY_ENABLE_DETAIL_NORMALMAP UNITY_HARDWARE_TIER2 UNITY_HARDWARE_TIER3 UNITY_COLORSPACE_GAMMA UNITY_LIGHT_PROBE_PROXY_VOLUME UNITY_HALF_PRECISION_FRAGMENT_SHADER_REGISTERS UNITY_LIGHTMAP_RGBM_ENCODING UNITY_LIGHTMAP_FULL_HDR UNITY_VIRTUAL_TEXTURING UNITY_PRETRANSFORM_TO_DISPLAY_ORIENTATION UNITY_ASTC_NORMALMAP_ENCODING flags=268435456 lang=0 type=Vertex platform=gles3 reqs=33 mask=6 start=72 ok=1 outsize=2798

Cmd: disassembleShader
 name=Particles/Standard Unlit platform=gles3 type=4 mask=6 insize=2798 outsize=2798 ok=1

Cmd: compileSnippet
  insize=1161 file=Assets/DefaultResourcesExtra/Particles/Standard Unlit pass=ShadowCaster cachingPP=1 ppOnly=0 stripLineD=0 buildPlatform=13 rsLen=0 pKW=UNITY_NO_DXT5nm UNITY_NO_RGBM UNITY_ENABLE_REFLECTION_BUFFERS UNITY_NO_CUBEMAP_ARRAY UNITY_NO_SCREENSPACE_SHADOWS UNITY_PBS_USE_BRDF2 SHADER_API_MOBILE UNITY_HARDWARE_TIER3 UNITY_LIGHTMAP_DLDR_ENCODING UNITY_PASS_SHADOWCASTER uKW=SHADOWS_DEPTH PROCEDURAL_INSTANCING_ON _ALPHABLEND_ON dKW=INSTANCING_ON _ALPHATEST_ON _ALPHAPREMULTIPLY_ON _ALPHAMODULATE_ON _REQUIRE_UV2 SHADOWS_CUBE UNITY_ENABLE_NATIVE_SHADOW_LOOKUPS UNITY_METAL_SHADOWS_USE_POINT_FILTERING UNITY_USE_DITHER_MASK_FOR_ALPHABLENDED_SHADOWS UNITY_PBS_USE_BRDF1 UNITY_PBS_USE_BRDF3 UNITY_NO_FULL_STANDARD_SHADER UNITY_SPECCUBE_BOX_PROJECTION UNITY_SPECCUBE_BLENDING UNITY_ENABLE_DETAIL_NORMALMAP UNITY_HARDWARE_TIER1 UNITY_HARDWARE_TIER2 UNITY_COLORSPACE_GAMMA UNITY_LIGHT_PROBE_PROXY_VOLUME UNITY_HALF_PRECISION_FRAGMENT_SHADER_REGISTERS UNITY_LIGHTMAP_RGBM_ENCODING UNITY_LIGHTMAP_FULL_HDR UNITY_VIRTUAL_TEXTURING UNITY_PRETRANSFORM_TO_DISPLAY_ORIENTATION UNITY_ASTC_NORMALMAP_ENCODING SHADER_API_GLES30 flags=268435456 lang=0 type=Vertex platform=vulkan reqs=16417 mask=6 start=72 ok=1 outsize=3909

Cmd: disassembleShader
 name=Particles/Standard Unlit platform=vulkan type=25 mask=6 insize=3909 outsize=35984 ok=1

Cmd: compileSnippet
  insize=1429 file=Assets/DefaultResourcesExtra/Particles/Standard Unlit pass=<Unnamed Pass> cachingPP=1 ppOnly=0 stripLineD=0 buildPlatform=13 rsLen=0 pKW=UNITY_NO_DXT5nm UNITY_NO_RGBM UNITY_ENABLE_REFLECTION_BUFFERS UNITY_FRAMEBUFFER_FETCH_AVAILABLE UNITY_NO_CUBEMAP_ARRAY UNITY_NO_SCREENSPACE_SHADOWS UNITY_PBS_USE_BRDF3 UNITY_NO_FULL_STANDARD_SHADER SHADER_API_MOBILE UNITY_HARDWARE_TIER1 UNITY_LIGHTMAP_DLDR_ENCODING SHADER_API_GLES30 UNITY_PASS_FORWARDBASE uKW= dKW=SOFTPARTICLES_ON FOG_LINEAR FOG_EXP FOG_EXP2 INSTANCING_ON PROCEDURAL_INSTANCING_ON _NORMALMAP _FADING_ON _REQUIRE_UV2 EFFECT_BUMP UNITY_ENABLE_NATIVE_SHADOW_LOOKUPS UNITY_METAL_SHADOWS_USE_POINT_FILTERING UNITY_USE_DITHER_MASK_FOR_ALPHABLENDED_SHADOWS UNITY_PBS_USE_BRDF1 UNITY_PBS_USE_BRDF2 UNITY_SPECCUBE_BOX_PROJECTION UNITY_SPECCUBE_BLENDING UNITY_ENABLE_DETAIL_NORMALMAP UNITY_HARDWARE_TIER2 UNITY_HARDWARE_TIER3 UNITY_COLORSPACE_GAMMA UNITY_LIGHT_PROBE_PROXY_VOLUME UNITY_HALF_PRECISION_FRAGMENT_SHADER_REGISTERS UNITY_LIGHTMAP_RGBM_ENCODING UNITY_LIGHTMAP_FULL_HDR UNITY_VIRTUAL_TEXTURING UNITY_PRETRANSFORM_TO_DISPLAY_ORIENTATION UNITY_ASTC_NORMALMAP_ENCODING flags=268435456 lang=0 type=Vertex platform=gles3 reqs=33 mask=6 start=143 ok=1 outsize=2404

Cmd: disassembleShader
 name=Particles/Standard Unlit platform=gles3 type=4 mask=6 insize=2404 outsize=2404 ok=1

Cmd: compileSnippet
  insize=1429 file=Assets/DefaultResourcesExtra/Particles/Standard Unlit pass=<Unnamed Pass> cachingPP=1 ppOnly=0 stripLineD=0 buildPlatform=13 rsLen=0 pKW=UNITY_NO_DXT5nm UNITY_NO_RGBM UNITY_ENABLE_REFLECTION_BUFFERS UNITY_FRAMEBUFFER_FETCH_AVAILABLE UNITY_NO_CUBEMAP_ARRAY UNITY_NO_SCREENSPACE_SHADOWS UNITY_PBS_USE_BRDF2 SHADER_API_MOBILE UNITY_HARDWARE_TIER2 UNITY_LIGHTMAP_DLDR_ENCODING SHADER_API_GLES30 UNITY_PASS_FORWARDBASE uKW=PROCEDURAL_INSTANCING_ON dKW=SOFTPARTICLES_ON FOG_LINEAR FOG_EXP FOG_EXP2 INSTANCING_ON _NORMALMAP _FADING_ON _REQUIRE_UV2 EFFECT_BUMP UNITY_ENABLE_NATIVE_SHADOW_LOOKUPS UNITY_METAL_SHADOWS_USE_POINT_FILTERING UNITY_USE_DITHER_MASK_FOR_ALPHABLENDED_SHADOWS UNITY_PBS_USE_BRDF1 UNITY_PBS_USE_BRDF3 UNITY_NO_FULL_STANDARD_SHADER UNITY_SPECCUBE_BOX_PROJECTION UNITY_SPECCUBE_BLENDING UNITY_ENABLE_DETAIL_NORMALMAP UNITY_HARDWARE_TIER1 UNITY_HARDWARE_TIER3 UNITY_COLORSPACE_GAMMA UNITY_LIGHT_PROBE_PROXY_VOLUME UNITY_HALF_PRECISION_FRAGMENT_SHADER_REGISTERS UNITY_LIGHTMAP_RGBM_ENCODING UNITY_LIGHTMAP_FULL_HDR UNITY_VIRTUAL_TEXTURING UNITY_PRETRANSFORM_TO_DISPLAY_ORIENTATION UNITY_ASTC_NORMALMAP_ENCODING flags=268435456 lang=0 type=Vertex platform=gles3 reqs=16417 mask=6 start=143 ok=1 outsize=5505

Cmd: disassembleShader
 name=Particles/Standard Unlit platform=gles3 type=3 mask=6 insize=5505 outsize=5505 ok=1

Cmd: compileSnippet
  insize=1429 file=Assets/DefaultResourcesExtra/Particles/Standard Unlit pass=<Unnamed Pass> cachingPP=1 ppOnly=0 stripLineD=0 buildPlatform=13 rsLen=0 pKW=UNITY_NO_DXT5nm UNITY_NO_RGBM UNITY_ENABLE_REFLECTION_BUFFERS UNITY_FRAMEBUFFER_FETCH_AVAILABLE UNITY_NO_CUBEMAP_ARRAY UNITY_NO_SCREENSPACE_SHADOWS UNITY_PBS_USE_BRDF3 UNITY_NO_FULL_STANDARD_SHADER SHADER_API_MOBILE UNITY_HARDWARE_TIER1 UNITY_LIGHTMAP_DLDR_ENCODING SHADER_API_GLES30 UNITY_PASS_FORWARDBASE uKW=SOFTPARTICLES_ON _ALPHABLEND_ON dKW=FOG_LINEAR FOG_EXP FOG_EXP2 INSTANCING_ON PROCEDURAL_INSTANCING_ON _NORMALMAP _FADING_ON _REQUIRE_UV2 EFFECT_BUMP UNITY_ENABLE_NATIVE_SHADOW_LOOKUPS UNITY_METAL_SHADOWS_USE_POINT_FILTERING UNITY_USE_DITHER_MASK_FOR_ALPHABLENDED_SHADOWS UNITY_PBS_USE_BRDF1 UNITY_PBS_USE_BRDF2 UNITY_SPECCUBE_BOX_PROJECTION UNITY_SPECCUBE_BLENDING UNITY_ENABLE_DETAIL_NORMALMAP UNITY_HARDWARE_TIER2 UNITY_HARDWARE_TIER3 UNITY_COLORSPACE_GAMMA UNITY_LIGHT_PROBE_PROXY_VOLUME UNITY_HALF_PRECISION_FRAGMENT_SHADER_REGISTERS UNITY_LIGHTMAP_RGBM_ENCODING UNITY_LIGHTMAP_FULL_HDR UNITY_VIRTUAL_TEXTURING UNITY_PRETRANSFORM_TO_DISPLAY_ORIENTATION UNITY_ASTC_NORMALMAP_ENCODING flags=268435456 lang=0 type=Vertex platform=gles3 reqs=33 mask=6 start=143 ok=1 outsize=2978

Cmd: disassembleShader
 name=Particles/Standard Unlit platform=gles3 type=4 mask=6 insize=2978 outsize=2978 ok=1

Cmd: compileSnippet
  insize=1429 file=Assets/DefaultResourcesExtra/Particles/Standard Unlit pass=<Unnamed Pass> cachingPP=1 ppOnly=0 stripLineD=0 buildPlatform=13 rsLen=0 pKW=UNITY_NO_DXT5nm UNITY_NO_RGBM UNITY_ENABLE_REFLECTION_BUFFERS UNITY_FRAMEBUFFER_FETCH_AVAILABLE UNITY_NO_CUBEMAP_ARRAY UNITY_NO_SCREENSPACE_SHADOWS UNITY_PBS_USE_BRDF2 SHADER_API_MOBILE UNITY_HARDWARE_TIER2 UNITY_LIGHTMAP_DLDR_ENCODING SHADER_API_GLES30 UNITY_PASS_FORWARDBASE uKW=SOFTPARTICLES_ON _ALPHABLEND_ON _NORMALMAP _FADING_ON EFFECT_BUMP dKW=FOG_LINEAR FOG_EXP FOG_EXP2 INSTANCING_ON PROCEDURAL_INSTANCING_ON _REQUIRE_UV2 UNITY_ENABLE_NATIVE_SHADOW_LOOKUPS UNITY_METAL_SHADOWS_USE_POINT_FILTERING UNITY_USE_DITHER_MASK_FOR_ALPHABLENDED_SHADOWS UNITY_PBS_USE_BRDF1 UNITY_PBS_USE_BRDF3 UNITY_NO_FULL_STANDARD_SHADER UNITY_SPECCUBE_BOX_PROJECTION UNITY_SPECCUBE_BLENDING UNITY_ENABLE_DETAIL_NORMALMAP UNITY_HARDWARE_TIER1 UNITY_HARDWARE_TIER3 UNITY_COLORSPACE_GAMMA UNITY_LIGHT_PROBE_PROXY_VOLUME UNITY_HALF_PRECISION_FRAGMENT_SHADER_REGISTERS UNITY_LIGHTMAP_RGBM_ENCODING UNITY_LIGHTMAP_FULL_HDR UNITY_VIRTUAL_TEXTURING UNITY_PRETRANSFORM_TO_DISPLAY_ORIENTATION UNITY_ASTC_NORMALMAP_ENCODING flags=268435456 lang=0 type=Vertex platform=gles3 reqs=33 mask=6 start=143 ok=1 outsize=5653

Cmd: disassembleShader
 name=Particles/Standard Unlit platform=gles3 type=4 mask=6 insize=5653 outsize=5653 ok=1

Cmd: compileSnippet
  insize=1429 file=Assets/DefaultResourcesExtra/Particles/Standard Unlit pass=<Unnamed Pass> cachingPP=1 ppOnly=0 stripLineD=0 buildPlatform=13 rsLen=0 pKW=UNITY_NO_DXT5nm UNITY_NO_RGBM UNITY_ENABLE_REFLECTION_BUFFERS UNITY_FRAMEBUFFER_FETCH_AVAILABLE UNITY_NO_CUBEMAP_ARRAY UNITY_NO_SCREENSPACE_SHADOWS UNITY_PBS_USE_BRDF2 SHADER_API_MOBILE UNITY_HARDWARE_TIER2 UNITY_LIGHTMAP_DLDR_ENCODING SHADER_API_GLES30 UNITY_PASS_FORWARDBASE uKW=SOFTPARTICLES_ON PROCEDURAL_INSTANCING_ON _NORMALMAP _FADING_ON EFFECT_BUMP dKW=FOG_LINEAR FOG_EXP FOG_EXP2 INSTANCING_ON _REQUIRE_UV2 UNITY_ENABLE_NATIVE_SHADOW_LOOKUPS UNITY_METAL_SHADOWS_USE_POINT_FILTERING UNITY_USE_DITHER_MASK_FOR_ALPHABLENDED_SHADOWS UNITY_PBS_USE_BRDF1 UNITY_PBS_USE_BRDF3 UNITY_NO_FULL_STANDARD_SHADER UNITY_SPECCUBE_BOX_PROJECTION UNITY_SPECCUBE_BLENDING UNITY_ENABLE_DETAIL_NORMALMAP UNITY_HARDWARE_TIER1 UNITY_HARDWARE_TIER3 UNITY_COLORSPACE_GAMMA UNITY_LIGHT_PROBE_PROXY_VOLUME UNITY_HALF_PRECISION_FRAGMENT_SHADER_REGISTERS UNITY_LIGHTMAP_RGBM_ENCODING UNITY_LIGHTMAP_FULL_HDR UNITY_VIRTUAL_TEXTURING UNITY_PRETRANSFORM_TO_DISPLAY_ORIENTATION UNITY_ASTC_NORMALMAP_ENCODING flags=268435456 lang=0 type=Vertex platform=gles3 reqs=16417 mask=6 start=143 ok=1 outsize=8655

Cmd: disassembleShader
 name=Particles/Standard Unlit platform=gles3 type=3 mask=6 insize=8655 outsize=8655 ok=1

Cmd: compileSnippet
  insize=1429 file=Assets/DefaultResourcesExtra/Particles/Standard Unlit pass=<Unnamed Pass> cachingPP=1 ppOnly=0 stripLineD=0 buildPlatform=13 rsLen=0 pKW=UNITY_NO_DXT5nm UNITY_NO_RGBM UNITY_ENABLE_REFLECTION_BUFFERS UNITY_NO_CUBEMAP_ARRAY UNITY_NO_SCREENSPACE_SHADOWS UNITY_PBS_USE_BRDF2 SHADER_API_MOBILE UNITY_HARDWARE_TIER2 UNITY_LIGHTMAP_DLDR_ENCODING UNITY_PASS_FORWARDBASE uKW=_NORMALMAP _FADING_ON EFFECT_BUMP dKW=SOFTPARTICLES_ON FOG_LINEAR FOG_EXP FOG_EXP2 INSTANCING_ON PROCEDURAL_INSTANCING_ON _REQUIRE_UV2 UNITY_ENABLE_NATIVE_SHADOW_LOOKUPS UNITY_METAL_SHADOWS_USE_POINT_FILTERING UNITY_USE_DITHER_MASK_FOR_ALPHABLENDED_SHADOWS UNITY_PBS_USE_BRDF1 UNITY_PBS_USE_BRDF3 UNITY_NO_FULL_STANDARD_SHADER UNITY_SPECCUBE_BOX_PROJECTION UNITY_SPECCUBE_BLENDING UNITY_ENABLE_DETAIL_NORMALMAP UNITY_HARDWARE_TIER1 UNITY_HARDWARE_TIER3 UNITY_COLORSPACE_GAMMA UNITY_LIGHT_PROBE_PROXY_VOLUME UNITY_HALF_PRECISION_FRAGMENT_SHADER_REGISTERS UNITY_LIGHTMAP_RGBM_ENCODING UNITY_LIGHTMAP_FULL_HDR UNITY_VIRTUAL_TEXTURING UNITY_PRETRANSFORM_TO_DISPLAY_ORIENTATION UNITY_ASTC_NORMALMAP_ENCODING SHADER_API_GLES30 flags=268435456 lang=0 type=Vertex platform=vulkan reqs=33 mask=6 start=143 ok=1 outsize=2809

Cmd: disassembleShader
 name=Particles/Standard Unlit platform=vulkan type=25 mask=6 insize=2809 outsize=27640 ok=1

Cmd: compileSnippet
  insize=1429 file=Assets/DefaultResourcesExtra/Particles/Standard Unlit pass=<Unnamed Pass> cachingPP=1 ppOnly=0 stripLineD=0 buildPlatform=13 rsLen=0 pKW=UNITY_NO_DXT5nm UNITY_NO_RGBM UNITY_ENABLE_REFLECTION_BUFFERS UNITY_NO_CUBEMAP_ARRAY UNITY_NO_SCREENSPACE_SHADOWS UNITY_PBS_USE_BRDF2 SHADER_API_MOBILE UNITY_HARDWARE_TIER2 UNITY_LIGHTMAP_DLDR_ENCODING UNITY_PASS_FORWARDBASE uKW=PROCEDURAL_INSTANCING_ON _ALPHABLEND_ON _FADING_ON dKW=SOFTPARTICLES_ON FOG_LINEAR FOG_EXP FOG_EXP2 INSTANCING_ON _NORMALMAP _REQUIRE_UV2 EFFECT_BUMP UNITY_ENABLE_NATIVE_SHADOW_LOOKUPS UNITY_METAL_SHADOWS_USE_POINT_FILTERING UNITY_USE_DITHER_MASK_FOR_ALPHABLENDED_SHADOWS UNITY_PBS_USE_BRDF1 UNITY_PBS_USE_BRDF3 UNITY_NO_FULL_STANDARD_SHADER UNITY_SPECCUBE_BOX_PROJECTION UNITY_SPECCUBE_BLENDING UNITY_ENABLE_DETAIL_NORMALMAP UNITY_HARDWARE_TIER1 UNITY_HARDWARE_TIER3 UNITY_COLORSPACE_GAMMA UNITY_LIGHT_PROBE_PROXY_VOLUME UNITY_HALF_PRECISION_FRAGMENT_SHADER_REGISTERS UNITY_LIGHTMAP_RGBM_ENCODING UNITY_LIGHTMAP_FULL_HDR UNITY_VIRTUAL_TEXTURING UNITY_PRETRANSFORM_TO_DISPLAY_ORIENTATION UNITY_ASTC_NORMALMAP_ENCODING SHADER_API_GLES30 flags=268435456 lang=0 type=Vertex platform=vulkan reqs=16417 mask=6 start=143 ok=1 outsize=3502

Cmd: disassembleShader
 name=Particles/Standard Unlit platform=vulkan type=25 mask=6 insize=3502 outsize=31709 ok=1

Cmd: compileSnippet
  insize=1429 file=Assets/DefaultResourcesExtra/Particles/Standard Unlit pass=<Unnamed Pass> cachingPP=1 ppOnly=0 stripLineD=0 buildPlatform=13 rsLen=0 pKW=UNITY_NO_DXT5nm UNITY_NO_RGBM UNITY_ENABLE_REFLECTION_BUFFERS UNITY_NO_CUBEMAP_ARRAY UNITY_NO_SCREENSPACE_SHADOWS UNITY_PBS_USE_BRDF2 SHADER_API_MOBILE UNITY_HARDWARE_TIER2 UNITY_LIGHTMAP_DLDR_ENCODING UNITY_PASS_FORWARDBASE uKW=SOFTPARTICLES_ON _FADING_ON dKW=FOG_LINEAR FOG_EXP FOG_EXP2 INSTANCING_ON PROCEDURAL_INSTANCING_ON _NORMALMAP _REQUIRE_UV2 EFFECT_BUMP UNITY_ENABLE_NATIVE_SHADOW_LOOKUPS UNITY_METAL_SHADOWS_USE_POINT_FILTERING UNITY_USE_DITHER_MASK_FOR_ALPHABLENDED_SHADOWS UNITY_PBS_USE_BRDF1 UNITY_PBS_USE_BRDF3 UNITY_NO_FULL_STANDARD_SHADER UNITY_SPECCUBE_BOX_PROJECTION UNITY_SPECCUBE_BLENDING UNITY_ENABLE_DETAIL_NORMALMAP UNITY_HARDWARE_TIER1 UNITY_HARDWARE_TIER3 UNITY_COLORSPACE_GAMMA UNITY_LIGHT_PROBE_PROXY_VOLUME UNITY_HALF_PRECISION_FRAGMENT_SHADER_REGISTERS UNITY_LIGHTMAP_RGBM_ENCODING UNITY_LIGHTMAP_FULL_HDR UNITY_VIRTUAL_TEXTURING UNITY_PRETRANSFORM_TO_DISPLAY_ORIENTATION UNITY_ASTC_NORMALMAP_ENCODING SHADER_API_GLES30 flags=268435456 lang=0 type=Vertex platform=vulkan reqs=33 mask=6 start=143 ok=1 outsize=1795

Cmd: disassembleShader
 name=Particles/Standard Unlit platform=vulkan type=25 mask=6 insize=1795 outsize=16998 ok=1

Cmd: compileSnippet
  insize=1429 file=Assets/DefaultResourcesExtra/Particles/Standard Unlit pass=<Unnamed Pass> cachingPP=1 ppOnly=0 stripLineD=0 buildPlatform=13 rsLen=0 pKW=UNITY_NO_DXT5nm UNITY_NO_RGBM UNITY_ENABLE_REFLECTION_BUFFERS UNITY_NO_CUBEMAP_ARRAY UNITY_NO_SCREENSPACE_SHADOWS UNITY_PBS_USE_BRDF2 SHADER_API_MOBILE UNITY_HARDWARE_TIER2 UNITY_LIGHTMAP_DLDR_ENCODING UNITY_PASS_FORWARDBASE uKW=SOFTPARTICLES_ON PROCEDURAL_INSTANCING_ON _ALPHABLEND_ON dKW=FOG_LINEAR FOG_EXP FOG_EXP2 INSTANCING_ON _NORMALMAP _FADING_ON _REQUIRE_UV2 EFFECT_BUMP UNITY_ENABLE_NATIVE_SHADOW_LOOKUPS UNITY_METAL_SHADOWS_USE_POINT_FILTERING UNITY_USE_DITHER_MASK_FOR_ALPHABLENDED_SHADOWS UNITY_PBS_USE_BRDF1 UNITY_PBS_USE_BRDF3 UNITY_NO_FULL_STANDARD_SHADER UNITY_SPECCUBE_BOX_PROJECTION UNITY_SPECCUBE_BLENDING UNITY_ENABLE_DETAIL_NORMALMAP UNITY_HARDWARE_TIER1 UNITY_HARDWARE_TIER3 UNITY_COLORSPACE_GAMMA UNITY_LIGHT_PROBE_PROXY_VOLUME UNITY_HALF_PRECISION_FRAGMENT_SHADER_REGISTERS UNITY_LIGHTMAP_RGBM_ENCODING UNITY_LIGHTMAP_FULL_HDR UNITY_VIRTUAL_TEXTURING UNITY_PRETRANSFORM_TO_DISPLAY_ORIENTATION UNITY_ASTC_NORMALMAP_ENCODING SHADER_API_GLES30 flags=268435456 lang=0 type=Vertex platform=vulkan reqs=16417 mask=6 start=143 ok=1 outsize=3299

Cmd: disassembleShader
 name=Particles/Standard Unlit platform=vulkan type=25 mask=6 insize=3299 outsize=30022 ok=1

Cmd: compileSnippet
  insize=2774 file=Assets/Shader/Custom/RailRushBending/Coin pass=<Unnamed Pass> cachingPP=1 ppOnly=0 stripLineD=0 buildPlatform=13 rsLen=0 pKW=UNITY_NO_DXT5nm UNITY_ENABLE_REFLECTION_BUFFERS UNITY_NO_CUBEMAP_ARRAY UNITY_NO_SCREENSPACE_SHADOWS UNITY_PBS_USE_BRDF2 UNITY_HARDWARE_TIER3 UNITY_LIGHTMAP_DLDR_ENCODING uKW= dKW=FOG_LINEAR FOG_EXP FOG_EXP2 UNITY_ENABLE_NATIVE_SHADOW_LOOKUPS UNITY_METAL_SHADOWS_USE_POINT_FILTERING UNITY_USE_DITHER_MASK_FOR_ALPHABLENDED_SHADOWS UNITY_PBS_USE_BRDF1 UNITY_PBS_USE_BRDF3 UNITY_NO_FULL_STANDARD_SHADER UNITY_SPECCUBE_BOX_PROJECTION UNITY_SPECCUBE_BLENDING UNITY_ENABLE_DETAIL_NORMALMAP UNITY_HARDWARE_TIER1 UNITY_HARDWARE_TIER2 UNITY_COLORSPACE_GAMMA UNITY_LIGHT_PROBE_PROXY_VOLUME UNITY_HALF_PRECISION_FRAGMENT_SHADER_REGISTERS UNITY_LIGHTMAP_RGBM_ENCODING UNITY_LIGHTMAP_FULL_HDR UNITY_VIRTUAL_TEXTURING UNITY_PRETRANSFORM_TO_DISPLAY_ORIENTATION UNITY_ASTC_NORMALMAP_ENCODING SHADER_API_GLES30 flags=0 lang=0 type=Fragment platform=d3d11 reqs=33 mask=6 start=21 ok=1 outsize=398

