Base path: 'C:/Program Files/Unity/Hub/Editor/2020.3.43f1/Editor/Data', plugins path 'C:/Program Files/Unity/Hub/Editor/2020.3.43f1/Editor/Data/PlaybackEngines'
Cmd: initializeCompiler

Cmd: disassembleShader
 name=Standard platform=gles3 type=4 mask=6 insize=10081 outsize=10081 ok=1

Cmd: disassembleShader
 name=Standard platform=vulkan type=25 mask=6 insize=7567 outsize=75127 ok=1

Cmd: disassembleShader
 name=Standard platform=vulkan type=25 mask=6 insize=7167 outsize=71938 ok=1

Cmd: disassembleShader
 name=Standard platform=vulkan type=25 mask=6 insize=8024 outsize=81153 ok=1

Cmd: disassembleShader
 name=Standard platform=vulkan type=25 mask=6 insize=8039 outsize=80326 ok=1

Cmd: disassembleShader
 name=Standard platform=gles3 type=4 mask=6 insize=6768 outsize=6768 ok=1

Cmd: disassembleShader
 name=Standard platform=gles3 type=4 mask=6 insize=8207 outsize=8207 ok=1

Cmd: disassembleShader
 name=Standard platform=gles3 type=4 mask=6 insize=8340 outsize=8340 ok=1

Cmd: disassembleShader
 name=Standard platform=gles3 type=4 mask=6 insize=10875 outsize=10875 ok=1

Cmd: disassembleShader
 name=Standard platform=gles3 type=4 mask=6 insize=11110 outsize=11110 ok=1

Cmd: disassembleShader
 name=Standard platform=gles3 type=4 mask=6 insize=12059 outsize=12059 ok=1

Cmd: disassembleShader
 name=Standard platform=gles3 type=4 mask=6 insize=10872 outsize=10872 ok=1

Cmd: disassembleShader
 name=Standard platform=vulkan type=25 mask=6 insize=3560 outsize=35054 ok=1

Cmd: disassembleShader
 name=Standard platform=vulkan type=25 mask=6 insize=4363 outsize=42143 ok=1

Cmd: disassembleShader
 name=Standard platform=vulkan type=25 mask=6 insize=5089 outsize=50531 ok=1

Cmd: disassembleShader
 name=Standard platform=vulkan type=25 mask=6 insize=6175 outsize=57562 ok=1

Cmd: disassembleShader
 name=Standard platform=vulkan type=25 mask=6 insize=5211 outsize=49121 ok=1

Cmd: disassembleShader
 name=Standard platform=vulkan type=25 mask=6 insize=7233 outsize=68792 ok=1

Cmd: disassembleShader
 name=Standard platform=vulkan type=25 mask=6 insize=6263 outsize=58564 ok=1

Cmd: disassembleShader
 name=Standard platform=vulkan type=25 mask=6 insize=1914 outsize=17263 ok=1

Cmd: disassembleShader
 name=Standard platform=gles3 type=4 mask=6 insize=7717 outsize=7717 ok=1

Cmd: disassembleShader
 name=Standard platform=gles3 type=4 mask=6 insize=6274 outsize=6274 ok=1

Cmd: disassembleShader
 name=Standard platform=vulkan type=25 mask=6 insize=5058 outsize=50320 ok=1

Cmd: disassembleShader
 name=Standard platform=vulkan type=25 mask=6 insize=5029 outsize=49948 ok=1

Cmd: disassembleShader
 name=Standard platform=gles3 type=4 mask=6 insize=10108 outsize=10108 ok=1

Cmd: disassembleShader
 name=Standard platform=gles3 type=4 mask=6 insize=13333 outsize=13333 ok=1

Cmd: disassembleShader
 name=Standard platform=gles3 type=4 mask=6 insize=8504 outsize=8504 ok=1

Cmd: disassembleShader
 name=Standard platform=gles3 type=4 mask=6 insize=8942 outsize=8942 ok=1

Cmd: disassembleShader
 name=Standard platform=vulkan type=25 mask=6 insize=6443 outsize=64184 ok=1

Cmd: disassembleShader
 name=Standard platform=vulkan type=25 mask=6 insize=7167 outsize=71938 ok=1

Cmd: disassembleShader
 name=Standard platform=vulkan type=25 mask=6 insize=7567 outsize=75127 ok=1

Cmd: disassembleShader
 name=Standard platform=vulkan type=25 mask=6 insize=5591 outsize=56405 ok=1

Cmd: disassembleShader
 name=Standard platform=gles3 type=4 mask=6 insize=7083 outsize=7083 ok=1

Cmd: disassembleShader
 name=Standard platform=gles3 type=4 mask=6 insize=7439 outsize=7439 ok=1

Cmd: disassembleShader
 name=Standard platform=gles3 type=4 mask=6 insize=6951 outsize=6951 ok=1

Cmd: disassembleShader
 name=Standard platform=gles3 type=4 mask=6 insize=10097 outsize=10097 ok=1

Cmd: disassembleShader
 name=Standard platform=gles3 type=4 mask=6 insize=9529 outsize=9529 ok=1

Cmd: disassembleShader
 name=Standard platform=vulkan type=25 mask=6 insize=4574 outsize=44258 ok=1

Cmd: disassembleShader
 name=Standard platform=vulkan type=25 mask=6 insize=4586 outsize=42993 ok=1

Cmd: disassembleShader
 name=Standard platform=vulkan type=25 mask=6 insize=4172 outsize=40135 ok=1

Cmd: disassembleShader
 name=Standard platform=vulkan type=25 mask=6 insize=5185 outsize=48642 ok=1

Cmd: disassembleShader
 name=Standard platform=vulkan type=25 mask=6 insize=4750 outsize=45809 ok=1

Cmd: disassembleShader
 name=Standard platform=vulkan type=25 mask=6 insize=6223 outsize=58790 ok=1

Cmd: disassembleShader
 name=Standard platform=vulkan type=25 mask=6 insize=5112 outsize=50290 ok=1

Cmd: disassembleShader
 name=Standard platform=gles3 type=4 mask=6 insize=3025 outsize=3025 ok=1

Cmd: disassembleShader
 name=Standard platform=gles3 type=4 mask=6 insize=10809 outsize=10809 ok=1

Cmd: disassembleShader
 name=Standard platform=gles3 type=4 mask=6 insize=7530 outsize=7530 ok=1

Cmd: disassembleShader
 name=Standard platform=gles3 type=4 mask=6 insize=12884 outsize=12884 ok=1

Cmd: disassembleShader
 name=Standard platform=gles3 type=4 mask=6 insize=12838 outsize=12838 ok=1

Cmd: disassembleShader
 name=Standard platform=vulkan type=25 mask=6 insize=6443 outsize=64184 ok=1

Cmd: disassembleShader
 name=Standard platform=vulkan type=25 mask=6 insize=8348 outsize=83955 ok=1

Cmd: disassembleShader
 name=Standard platform=vulkan type=25 mask=6 insize=8024 outsize=81153 ok=1

Cmd: disassembleShader
 name=Standard platform=vulkan type=25 mask=6 insize=8048 outsize=82733 ok=1

Cmd: disassembleShader
 name=Standard platform=gles3 type=4 mask=6 insize=6622 outsize=6622 ok=1

Cmd: disassembleShader
 name=Standard platform=gles3 type=4 mask=6 insize=7826 outsize=7826 ok=1

Cmd: disassembleShader
 name=Standard platform=gles3 type=4 mask=6 insize=10211 outsize=10211 ok=1

Cmd: disassembleShader
 name=Standard platform=gles3 type=4 mask=6 insize=10875 outsize=10875 ok=1

Cmd: disassembleShader
 name=Standard platform=gles3 type=4 mask=6 insize=9646 outsize=9646 ok=1

Cmd: disassembleShader
 name=Standard platform=gles3 type=4 mask=6 insize=10164 outsize=10164 ok=1

Cmd: disassembleShader
 name=Standard platform=gles3 type=4 mask=6 insize=10741 outsize=10741 ok=1

Cmd: disassembleShader
 name=Standard platform=vulkan type=25 mask=6 insize=3508 outsize=34326 ok=1

Cmd: disassembleShader
 name=Standard platform=vulkan type=25 mask=6 insize=4363 outsize=42143 ok=1

Cmd: disassembleShader
 name=Standard platform=vulkan type=25 mask=6 insize=4905 outsize=45593 ok=1

Cmd: disassembleShader
 name=Standard platform=vulkan type=25 mask=6 insize=6175 outsize=57562 ok=1

Cmd: disassembleShader
 name=Standard platform=vulkan type=25 mask=6 insize=4017 outsize=39161 ok=1

Cmd: disassembleShader
 name=Standard platform=vulkan type=25 mask=6 insize=6196 outsize=57950 ok=1

Cmd: disassembleShader
 name=Standard platform=vulkan type=25 mask=6 insize=6280 outsize=58426 ok=1

Cmd: disassembleShader
 name=Standard platform=vulkan type=25 mask=6 insize=6380 outsize=59400 ok=1

Cmd: disassembleShader
 name=Standard platform=gles3 type=4 mask=6 insize=3025 outsize=3025 ok=1

Cmd: disassembleShader
 name=Standard platform=gles3 type=4 mask=6 insize=6320 outsize=6320 ok=1

Cmd: disassembleShader
 name=Standard platform=gles3 type=4 mask=6 insize=5097 outsize=5097 ok=1

Cmd: disassembleShader
 name=Standard platform=gles3 type=4 mask=6 insize=5223 outsize=5223 ok=1

Cmd: disassembleShader
 name=Standard platform=vulkan type=25 mask=6 insize=3925 outsize=39079 ok=1

Cmd: disassembleShader
 name=Standard platform=vulkan type=25 mask=6 insize=3898 outsize=38707 ok=1

Cmd: disassembleShader
 name=Standard platform=gles3 type=4 mask=6 insize=8545 outsize=8545 ok=1

Cmd: disassembleShader
 name=Standard platform=gles3 type=4 mask=6 insize=12240 outsize=12240 ok=1

Cmd: disassembleShader
 name=Standard platform=gles3 type=4 mask=6 insize=9090 outsize=9090 ok=1

Cmd: disassembleShader
 name=Standard platform=gles3 type=4 mask=6 insize=10282 outsize=10282 ok=1

Cmd: disassembleShader
 name=Standard platform=gles3 type=4 mask=6 insize=13368 outsize=13368 ok=1

Cmd: disassembleShader
 name=Standard platform=vulkan type=25 mask=6 insize=5199 outsize=53454 ok=1

Cmd: disassembleShader
 name=Standard platform=vulkan type=25 mask=6 insize=8348 outsize=83955 ok=1

Cmd: disassembleShader
 name=Standard platform=vulkan type=25 mask=6 insize=6290 outsize=63948 ok=1

Cmd: disassembleShader
 name=Standard platform=vulkan type=25 mask=6 insize=8039 outsize=80326 ok=1

Cmd: disassembleShader
 name=Standard platform=gles3 type=4 mask=6 insize=5889 outsize=5889 ok=1

Cmd: disassembleShader
 name=Standard platform=gles3 type=4 mask=6 insize=8475 outsize=8475 ok=1

Cmd: disassembleShader
 name=Standard platform=gles3 type=4 mask=6 insize=8230 outsize=8230 ok=1

Cmd: disassembleShader
 name=Standard platform=gles3 type=4 mask=6 insize=9763 outsize=9763 ok=1

Cmd: disassembleShader
 name=Standard platform=gles3 type=4 mask=6 insize=8242 outsize=8242 ok=1

Cmd: disassembleShader
 name=Standard platform=vulkan type=25 mask=6 insize=4574 outsize=44258 ok=1

Cmd: disassembleShader
 name=Standard platform=vulkan type=25 mask=6 insize=5679 outsize=53672 ok=1

Cmd: disassembleShader
 name=Standard platform=vulkan type=25 mask=6 insize=4897 outsize=47226 ok=1

Cmd: disassembleShader
 name=Standard platform=vulkan type=25 mask=6 insize=7012 outsize=66500 ok=1

Cmd: disassembleShader
 name=Standard platform=vulkan type=25 mask=6 insize=5130 outsize=47972 ok=1

Cmd: disassembleShader
 name=Standard platform=gles3 type=4 mask=6 insize=2798 outsize=2798 ok=1

Cmd: disassembleShader
 name=Standard platform=vulkan type=25 mask=6 insize=1804 outsize=16237 ok=1

Cmd: compileSnippet
  insize=2406 file=Assets/Shader/Custom/RailRushBending pass=<Unnamed Pass> cachingPP=1 ppOnly=0 stripLineD=0 buildPlatform=13 rsLen=0 pKW=UNITY_NO_DXT5nm UNITY_ENABLE_REFLECTION_BUFFERS UNITY_NO_CUBEMAP_ARRAY UNITY_NO_SCREENSPACE_SHADOWS UNITY_PBS_USE_BRDF2 UNITY_HARDWARE_TIER3 UNITY_LIGHTMAP_DLDR_ENCODING uKW= dKW=FOG_LINEAR FOG_EXP FOG_EXP2 UNITY_ENABLE_NATIVE_SHADOW_LOOKUPS UNITY_METAL_SHADOWS_USE_POINT_FILTERING UNITY_USE_DITHER_MASK_FOR_ALPHABLENDED_SHADOWS UNITY_PBS_USE_BRDF1 UNITY_PBS_USE_BRDF3 UNITY_NO_FULL_STANDARD_SHADER UNITY_SPECCUBE_BOX_PROJECTION UNITY_SPECCUBE_BLENDING UNITY_ENABLE_DETAIL_NORMALMAP UNITY_HARDWARE_TIER1 UNITY_HARDWARE_TIER2 UNITY_COLORSPACE_GAMMA UNITY_LIGHT_PROBE_PROXY_VOLUME UNITY_HALF_PRECISION_FRAGMENT_SHADER_REGISTERS UNITY_LIGHTMAP_RGBM_ENCODING UNITY_LIGHTMAP_FULL_HDR UNITY_VIRTUAL_TEXTURING UNITY_PRETRANSFORM_TO_DISPLAY_ORIENTATION UNITY_ASTC_NORMALMAP_ENCODING SHADER_API_GLES30 flags=0 lang=0 type=Vertex platform=d3d11 reqs=33 mask=6 start=20 ok=1 outsize=1102

Cmd: compileSnippet
  insize=1161 file=Assets/DefaultResourcesExtra/Particles/Standard Unlit pass=ShadowCaster cachingPP=1 ppOnly=0 stripLineD=0 buildPlatform=13 rsLen=0 pKW=UNITY_NO_DXT5nm UNITY_NO_RGBM UNITY_ENABLE_REFLECTION_BUFFERS UNITY_FRAMEBUFFER_FETCH_AVAILABLE UNITY_NO_CUBEMAP_ARRAY UNITY_NO_SCREENSPACE_SHADOWS UNITY_PBS_USE_BRDF2 SHADER_API_MOBILE UNITY_HARDWARE_TIER2 UNITY_LIGHTMAP_DLDR_ENCODING SHADER_API_GLES30 UNITY_PASS_SHADOWCASTER uKW=SHADOWS_DEPTH dKW=INSTANCING_ON PROCEDURAL_INSTANCING_ON _ALPHATEST_ON _ALPHABLEND_ON _ALPHAPREMULTIPLY_ON _ALPHAMODULATE_ON _REQUIRE_UV2 SHADOWS_CUBE UNITY_ENABLE_NATIVE_SHADOW_LOOKUPS UNITY_METAL_SHADOWS_USE_POINT_FILTERING UNITY_USE_DITHER_MASK_FOR_ALPHABLENDED_SHADOWS UNITY_PBS_USE_BRDF1 UNITY_PBS_USE_BRDF3 UNITY_NO_FULL_STANDARD_SHADER UNITY_SPECCUBE_BOX_PROJECTION UNITY_SPECCUBE_BLENDING UNITY_ENABLE_DETAIL_NORMALMAP UNITY_HARDWARE_TIER1 UNITY_HARDWARE_TIER3 UNITY_COLORSPACE_GAMMA UNITY_LIGHT_PROBE_PROXY_VOLUME UNITY_HALF_PRECISION_FRAGMENT_SHADER_REGISTERS UNITY_LIGHTMAP_RGBM_ENCODING UNITY_LIGHTMAP_FULL_HDR UNITY_VIRTUAL_TEXTURING UNITY_PRETRANSFORM_TO_DISPLAY_ORIENTATION UNITY_ASTC_NORMALMAP_ENCODING flags=268435456 lang=0 type=Vertex platform=gles3 reqs=33 mask=6 start=72 ok=1 outsize=3025

Cmd: disassembleShader
 name=Particles/Standard Unlit platform=gles3 type=4 mask=6 insize=3025 outsize=3025 ok=1

Cmd: compileSnippet
  insize=1161 file=Assets/DefaultResourcesExtra/Particles/Standard Unlit pass=ShadowCaster cachingPP=1 ppOnly=0 stripLineD=0 buildPlatform=13 rsLen=0 pKW=UNITY_NO_DXT5nm UNITY_NO_RGBM UNITY_ENABLE_REFLECTION_BUFFERS UNITY_NO_CUBEMAP_ARRAY UNITY_NO_SCREENSPACE_SHADOWS UNITY_PBS_USE_BRDF2 SHADER_API_MOBILE UNITY_HARDWARE_TIER2 UNITY_LIGHTMAP_DLDR_ENCODING UNITY_PASS_SHADOWCASTER uKW=SHADOWS_DEPTH _ALPHABLEND_ON dKW=INSTANCING_ON PROCEDURAL_INSTANCING_ON _ALPHATEST_ON _ALPHAPREMULTIPLY_ON _ALPHAMODULATE_ON _REQUIRE_UV2 SHADOWS_CUBE UNITY_ENABLE_NATIVE_SHADOW_LOOKUPS UNITY_METAL_SHADOWS_USE_POINT_FILTERING UNITY_USE_DITHER_MASK_FOR_ALPHABLENDED_SHADOWS UNITY_PBS_USE_BRDF1 UNITY_PBS_USE_BRDF3 UNITY_NO_FULL_STANDARD_SHADER UNITY_SPECCUBE_BOX_PROJECTION UNITY_SPECCUBE_BLENDING UNITY_ENABLE_DETAIL_NORMALMAP UNITY_HARDWARE_TIER1 UNITY_HARDWARE_TIER3 UNITY_COLORSPACE_GAMMA UNITY_LIGHT_PROBE_PROXY_VOLUME UNITY_HALF_PRECISION_FRAGMENT_SHADER_REGISTERS UNITY_LIGHTMAP_RGBM_ENCODING UNITY_LIGHTMAP_FULL_HDR UNITY_VIRTUAL_TEXTURING UNITY_PRETRANSFORM_TO_DISPLAY_ORIENTATION UNITY_ASTC_NORMALMAP_ENCODING SHADER_API_GLES30 flags=268435456 lang=0 type=Vertex platform=vulkan reqs=33 mask=6 start=72 ok=1 outsize=2420

Cmd: disassembleShader
 name=Particles/Standard Unlit platform=vulkan type=25 mask=6 insize=2420 outsize=22452 ok=1

Cmd: compileSnippet
  insize=1429 file=Assets/DefaultResourcesExtra/Particles/Standard Unlit pass=<Unnamed Pass> cachingPP=1 ppOnly=0 stripLineD=0 buildPlatform=13 rsLen=0 pKW=UNITY_NO_DXT5nm UNITY_NO_RGBM UNITY_ENABLE_REFLECTION_BUFFERS UNITY_FRAMEBUFFER_FETCH_AVAILABLE UNITY_NO_CUBEMAP_ARRAY UNITY_NO_SCREENSPACE_SHADOWS UNITY_PBS_USE_BRDF2 SHADER_API_MOBILE UNITY_HARDWARE_TIER3 UNITY_LIGHTMAP_DLDR_ENCODING SHADER_API_GLES30 UNITY_PASS_FORWARDBASE uKW=_ALPHABLEND_ON dKW=SOFTPARTICLES_ON FOG_LINEAR FOG_EXP FOG_EXP2 INSTANCING_ON PROCEDURAL_INSTANCING_ON _NORMALMAP _FADING_ON _REQUIRE_UV2 EFFECT_BUMP UNITY_ENABLE_NATIVE_SHADOW_LOOKUPS UNITY_METAL_SHADOWS_USE_POINT_FILTERING UNITY_USE_DITHER_MASK_FOR_ALPHABLENDED_SHADOWS UNITY_PBS_USE_BRDF1 UNITY_PBS_USE_BRDF3 UNITY_NO_FULL_STANDARD_SHADER UNITY_SPECCUBE_BOX_PROJECTION UNITY_SPECCUBE_BLENDING UNITY_ENABLE_DETAIL_NORMALMAP UNITY_HARDWARE_TIER1 UNITY_HARDWARE_TIER2 UNITY_COLORSPACE_GAMMA UNITY_LIGHT_PROBE_PROXY_VOLUME UNITY_HALF_PRECISION_FRAGMENT_SHADER_REGISTERS UNITY_LIGHTMAP_RGBM_ENCODING UNITY_LIGHTMAP_FULL_HDR UNITY_VIRTUAL_TEXTURING UNITY_PRETRANSFORM_TO_DISPLAY_ORIENTATION UNITY_ASTC_NORMALMAP_ENCODING flags=268435456 lang=0 type=Vertex platform=gles3 reqs=33 mask=6 start=143 ok=1 outsize=2315

Cmd: disassembleShader
 name=Particles/Standard Unlit platform=gles3 type=4 mask=6 insize=2315 outsize=2315 ok=1

Cmd: compileSnippet
  insize=1429 file=Assets/DefaultResourcesExtra/Particles/Standard Unlit pass=<Unnamed Pass> cachingPP=1 ppOnly=0 stripLineD=0 buildPlatform=13 rsLen=0 pKW=UNITY_NO_DXT5nm UNITY_NO_RGBM UNITY_ENABLE_REFLECTION_BUFFERS UNITY_FRAMEBUFFER_FETCH_AVAILABLE UNITY_NO_CUBEMAP_ARRAY UNITY_NO_SCREENSPACE_SHADOWS UNITY_PBS_USE_BRDF2 SHADER_API_MOBILE UNITY_HARDWARE_TIER2 UNITY_LIGHTMAP_DLDR_ENCODING SHADER_API_GLES30 UNITY_PASS_FORWARDBASE uKW=PROCEDURAL_INSTANCING_ON _FADING_ON dKW=SOFTPARTICLES_ON FOG_LINEAR FOG_EXP FOG_EXP2 INSTANCING_ON _NORMALMAP _REQUIRE_UV2 EFFECT_BUMP UNITY_ENABLE_NATIVE_SHADOW_LOOKUPS UNITY_METAL_SHADOWS_USE_POINT_FILTERING UNITY_USE_DITHER_MASK_FOR_ALPHABLENDED_SHADOWS UNITY_PBS_USE_BRDF1 UNITY_PBS_USE_BRDF3 UNITY_NO_FULL_STANDARD_SHADER UNITY_SPECCUBE_BOX_PROJECTION UNITY_SPECCUBE_BLENDING UNITY_ENABLE_DETAIL_NORMALMAP UNITY_HARDWARE_TIER1 UNITY_HARDWARE_TIER3 UNITY_COLORSPACE_GAMMA UNITY_LIGHT_PROBE_PROXY_VOLUME UNITY_HALF_PRECISION_FRAGMENT_SHADER_REGISTERS UNITY_LIGHTMAP_RGBM_ENCODING UNITY_LIGHTMAP_FULL_HDR UNITY_VIRTUAL_TEXTURING UNITY_PRETRANSFORM_TO_DISPLAY_ORIENTATION UNITY_ASTC_NORMALMAP_ENCODING flags=268435456 lang=0 type=Vertex platform=gles3 reqs=16417 mask=6 start=143 ok=1 outsize=6188

Cmd: disassembleShader
 name=Particles/Standard Unlit platform=gles3 type=3 mask=6 insize=6188 outsize=6188 ok=1

Cmd: compileSnippet
  insize=1429 file=Assets/DefaultResourcesExtra/Particles/Standard Unlit pass=<Unnamed Pass> cachingPP=1 ppOnly=0 stripLineD=0 buildPlatform=13 rsLen=0 pKW=UNITY_NO_DXT5nm UNITY_NO_RGBM UNITY_ENABLE_REFLECTION_BUFFERS UNITY_FRAMEBUFFER_FETCH_AVAILABLE UNITY_NO_CUBEMAP_ARRAY UNITY_NO_SCREENSPACE_SHADOWS UNITY_PBS_USE_BRDF3 UNITY_NO_FULL_STANDARD_SHADER SHADER_API_MOBILE UNITY_HARDWARE_TIER1 UNITY_LIGHTMAP_DLDR_ENCODING SHADER_API_GLES30 UNITY_PASS_FORWARDBASE uKW=SOFTPARTICLES_ON _ALPHABLEND_ON _FADING_ON dKW=FOG_LINEAR FOG_EXP FOG_EXP2 INSTANCING_ON PROCEDURAL_INSTANCING_ON _NORMALMAP _REQUIRE_UV2 EFFECT_BUMP UNITY_ENABLE_NATIVE_SHADOW_LOOKUPS UNITY_METAL_SHADOWS_USE_POINT_FILTERING UNITY_USE_DITHER_MASK_FOR_ALPHABLENDED_SHADOWS UNITY_PBS_USE_BRDF1 UNITY_PBS_USE_BRDF2 UNITY_SPECCUBE_BOX_PROJECTION UNITY_SPECCUBE_BLENDING UNITY_ENABLE_DETAIL_NORMALMAP UNITY_HARDWARE_TIER2 UNITY_HARDWARE_TIER3 UNITY_COLORSPACE_GAMMA UNITY_LIGHT_PROBE_PROXY_VOLUME UNITY_HALF_PRECISION_FRAGMENT_SHADER_REGISTERS UNITY_LIGHTMAP_RGBM_ENCODING UNITY_LIGHTMAP_FULL_HDR UNITY_VIRTUAL_TEXTURING UNITY_PRETRANSFORM_TO_DISPLAY_ORIENTATION UNITY_ASTC_NORMALMAP_ENCODING flags=268435456 lang=0 type=Vertex platform=gles3 reqs=33 mask=6 start=143 ok=1 outsize=4317

Cmd: disassembleShader
 name=Particles/Standard Unlit platform=gles3 type=4 mask=6 insize=4317 outsize=4317 ok=1

Cmd: compileSnippet
  insize=1429 file=Assets/DefaultResourcesExtra/Particles/Standard Unlit pass=<Unnamed Pass> cachingPP=1 ppOnly=0 stripLineD=0 buildPlatform=13 rsLen=0 pKW=UNITY_NO_DXT5nm UNITY_NO_RGBM UNITY_ENABLE_REFLECTION_BUFFERS UNITY_FRAMEBUFFER_FETCH_AVAILABLE UNITY_NO_CUBEMAP_ARRAY UNITY_NO_SCREENSPACE_SHADOWS UNITY_PBS_USE_BRDF2 SHADER_API_MOBILE UNITY_HARDWARE_TIER3 UNITY_LIGHTMAP_DLDR_ENCODING SHADER_API_GLES30 UNITY_PASS_FORWARDBASE uKW=SOFTPARTICLES_ON PROCEDURAL_INSTANCING_ON _FADING_ON dKW=FOG_LINEAR FOG_EXP FOG_EXP2 INSTANCING_ON _NORMALMAP _REQUIRE_UV2 EFFECT_BUMP UNITY_ENABLE_NATIVE_SHADOW_LOOKUPS UNITY_METAL_SHADOWS_USE_POINT_FILTERING UNITY_USE_DITHER_MASK_FOR_ALPHABLENDED_SHADOWS UNITY_PBS_USE_BRDF1 UNITY_PBS_USE_BRDF3 UNITY_NO_FULL_STANDARD_SHADER UNITY_SPECCUBE_BOX_PROJECTION UNITY_SPECCUBE_BLENDING UNITY_ENABLE_DETAIL_NORMALMAP UNITY_HARDWARE_TIER1 UNITY_HARDWARE_TIER2 UNITY_COLORSPACE_GAMMA UNITY_LIGHT_PROBE_PROXY_VOLUME UNITY_HALF_PRECISION_FRAGMENT_SHADER_REGISTERS UNITY_LIGHTMAP_RGBM_ENCODING UNITY_LIGHTMAP_FULL_HDR UNITY_VIRTUAL_TEXTURING UNITY_PRETRANSFORM_TO_DISPLAY_ORIENTATION UNITY_ASTC_NORMALMAP_ENCODING flags=268435456 lang=0 type=Vertex platform=gles3 reqs=16417 mask=6 start=143 ok=1 outsize=6188

Cmd: disassembleShader
 name=Particles/Standard Unlit platform=gles3 type=3 mask=6 insize=6188 outsize=6188 ok=1

Cmd: compileSnippet
  insize=1429 file=Assets/DefaultResourcesExtra/Particles/Standard Unlit pass=<Unnamed Pass> cachingPP=1 ppOnly=0 stripLineD=0 buildPlatform=13 rsLen=0 pKW=UNITY_NO_DXT5nm UNITY_NO_RGBM UNITY_ENABLE_REFLECTION_BUFFERS UNITY_NO_CUBEMAP_ARRAY UNITY_NO_SCREENSPACE_SHADOWS UNITY_PBS_USE_BRDF2 SHADER_API_MOBILE UNITY_HARDWARE_TIER3 UNITY_LIGHTMAP_DLDR_ENCODING UNITY_PASS_FORWARDBASE uKW=_ALPHABLEND_ON dKW=SOFTPARTICLES_ON FOG_LINEAR FOG_EXP FOG_EXP2 INSTANCING_ON PROCEDURAL_INSTANCING_ON _NORMALMAP _FADING_ON _REQUIRE_UV2 EFFECT_BUMP UNITY_ENABLE_NATIVE_SHADOW_LOOKUPS UNITY_METAL_SHADOWS_USE_POINT_FILTERING UNITY_USE_DITHER_MASK_FOR_ALPHABLENDED_SHADOWS UNITY_PBS_USE_BRDF1 UNITY_PBS_USE_BRDF3 UNITY_NO_FULL_STANDARD_SHADER UNITY_SPECCUBE_BOX_PROJECTION UNITY_SPECCUBE_BLENDING UNITY_ENABLE_DETAIL_NORMALMAP UNITY_HARDWARE_TIER1 UNITY_HARDWARE_TIER2 UNITY_COLORSPACE_GAMMA UNITY_LIGHT_PROBE_PROXY_VOLUME UNITY_HALF_PRECISION_FRAGMENT_SHADER_REGISTERS UNITY_LIGHTMAP_RGBM_ENCODING UNITY_LIGHTMAP_FULL_HDR UNITY_VIRTUAL_TEXTURING UNITY_PRETRANSFORM_TO_DISPLAY_ORIENTATION UNITY_ASTC_NORMALMAP_ENCODING SHADER_API_GLES30 flags=268435456 lang=0 type=Vertex platform=vulkan reqs=33 mask=6 start=143 ok=1 outsize=1255

Cmd: disassembleShader
 name=Particles/Standard Unlit platform=vulkan type=25 mask=6 insize=1255 outsize=12078 ok=1

Cmd: compileSnippet
  insize=1429 file=Assets/DefaultResourcesExtra/Particles/Standard Unlit pass=<Unnamed Pass> cachingPP=1 ppOnly=0 stripLineD=0 buildPlatform=13 rsLen=0 pKW=UNITY_NO_DXT5nm UNITY_NO_RGBM UNITY_ENABLE_REFLECTION_BUFFERS UNITY_NO_CUBEMAP_ARRAY UNITY_NO_SCREENSPACE_SHADOWS UNITY_PBS_USE_BRDF3 UNITY_NO_FULL_STANDARD_SHADER SHADER_API_MOBILE UNITY_HARDWARE_TIER1 UNITY_LIGHTMAP_DLDR_ENCODING UNITY_PASS_FORWARDBASE uKW=PROCEDURAL_INSTANCING_ON dKW=SOFTPARTICLES_ON FOG_LINEAR FOG_EXP FOG_EXP2 INSTANCING_ON _NORMALMAP _FADING_ON _REQUIRE_UV2 EFFECT_BUMP UNITY_ENABLE_NATIVE_SHADOW_LOOKUPS UNITY_METAL_SHADOWS_USE_POINT_FILTERING UNITY_USE_DITHER_MASK_FOR_ALPHABLENDED_SHADOWS UNITY_PBS_USE_BRDF1 UNITY_PBS_USE_BRDF2 UNITY_SPECCUBE_BOX_PROJECTION UNITY_SPECCUBE_BLENDING UNITY_ENABLE_DETAIL_NORMALMAP UNITY_HARDWARE_TIER2 UNITY_HARDWARE_TIER3 UNITY_COLORSPACE_GAMMA UNITY_LIGHT_PROBE_PROXY_VOLUME UNITY_HALF_PRECISION_FRAGMENT_SHADER_REGISTERS UNITY_LIGHTMAP_RGBM_ENCODING UNITY_LIGHTMAP_FULL_HDR UNITY_VIRTUAL_TEXTURING UNITY_PRETRANSFORM_TO_DISPLAY_ORIENTATION UNITY_ASTC_NORMALMAP_ENCODING SHADER_API_GLES30 flags=268435456 lang=0 type=Vertex platform=vulkan reqs=16417 mask=6 start=143 ok=1 outsize=3004

Cmd: disassembleShader
 name=Particles/Standard Unlit platform=vulkan type=25 mask=6 insize=3004 outsize=27491 ok=1

Cmd: compileSnippet
  insize=1429 file=Assets/DefaultResourcesExtra/Particles/Standard Unlit pass=<Unnamed Pass> cachingPP=1 ppOnly=0 stripLineD=0 buildPlatform=13 rsLen=0 pKW=UNITY_NO_DXT5nm UNITY_NO_RGBM UNITY_ENABLE_REFLECTION_BUFFERS UNITY_NO_CUBEMAP_ARRAY UNITY_NO_SCREENSPACE_SHADOWS UNITY_PBS_USE_BRDF2 SHADER_API_MOBILE UNITY_HARDWARE_TIER2 UNITY_LIGHTMAP_DLDR_ENCODING UNITY_PASS_FORWARDBASE uKW=PROCEDURAL_INSTANCING_ON _ALPHABLEND_ON _NORMALMAP _FADING_ON EFFECT_BUMP dKW=SOFTPARTICLES_ON FOG_LINEAR FOG_EXP FOG_EXP2 INSTANCING_ON _REQUIRE_UV2 UNITY_ENABLE_NATIVE_SHADOW_LOOKUPS UNITY_METAL_SHADOWS_USE_POINT_FILTERING UNITY_USE_DITHER_MASK_FOR_ALPHABLENDED_SHADOWS UNITY_PBS_USE_BRDF1 UNITY_PBS_USE_BRDF3 UNITY_NO_FULL_STANDARD_SHADER UNITY_SPECCUBE_BOX_PROJECTION UNITY_SPECCUBE_BLENDING UNITY_ENABLE_DETAIL_NORMALMAP UNITY_HARDWARE_TIER1 UNITY_HARDWARE_TIER3 UNITY_COLORSPACE_GAMMA UNITY_LIGHT_PROBE_PROXY_VOLUME UNITY_HALF_PRECISION_FRAGMENT_SHADER_REGISTERS UNITY_LIGHTMAP_RGBM_ENCODING UNITY_LIGHTMAP_FULL_HDR UNITY_VIRTUAL_TEXTURING UNITY_PRETRANSFORM_TO_DISPLAY_ORIENTATION UNITY_ASTC_NORMALMAP_ENCODING SHADER_API_GLES30 flags=268435456 lang=0 type=Vertex platform=vulkan reqs=16417 mask=6 start=143 ok=1 outsize=4551

Cmd: disassembleShader
 name=Particles/Standard Unlit platform=vulkan type=25 mask=6 insize=4551 outsize=42971 ok=1

Cmd: compileSnippet
  insize=1429 file=Assets/DefaultResourcesExtra/Particles/Standard Unlit pass=<Unnamed Pass> cachingPP=1 ppOnly=0 stripLineD=0 buildPlatform=13 rsLen=0 pKW=UNITY_NO_DXT5nm UNITY_NO_RGBM UNITY_ENABLE_REFLECTION_BUFFERS UNITY_NO_CUBEMAP_ARRAY UNITY_NO_SCREENSPACE_SHADOWS UNITY_PBS_USE_BRDF2 SHADER_API_MOBILE UNITY_HARDWARE_TIER2 UNITY_LIGHTMAP_DLDR_ENCODING UNITY_PASS_FORWARDBASE uKW=SOFTPARTICLES_ON PROCEDURAL_INSTANCING_ON dKW=FOG_LINEAR FOG_EXP FOG_EXP2 INSTANCING_ON _NORMALMAP _FADING_ON _REQUIRE_UV2 EFFECT_BUMP UNITY_ENABLE_NATIVE_SHADOW_LOOKUPS UNITY_METAL_SHADOWS_USE_POINT_FILTERING UNITY_USE_DITHER_MASK_FOR_ALPHABLENDED_SHADOWS UNITY_PBS_USE_BRDF1 UNITY_PBS_USE_BRDF3 UNITY_NO_FULL_STANDARD_SHADER UNITY_SPECCUBE_BOX_PROJECTION UNITY_SPECCUBE_BLENDING UNITY_ENABLE_DETAIL_NORMALMAP UNITY_HARDWARE_TIER1 UNITY_HARDWARE_TIER3 UNITY_COLORSPACE_GAMMA UNITY_LIGHT_PROBE_PROXY_VOLUME UNITY_HALF_PRECISION_FRAGMENT_SHADER_REGISTERS UNITY_LIGHTMAP_RGBM_ENCODING UNITY_LIGHTMAP_FULL_HDR UNITY_VIRTUAL_TEXTURING UNITY_PRETRANSFORM_TO_DISPLAY_ORIENTATION UNITY_ASTC_NORMALMAP_ENCODING SHADER_API_GLES30 flags=268435456 lang=0 type=Vertex platform=vulkan reqs=16417 mask=6 start=143 ok=1 outsize=3376

Cmd: disassembleShader
 name=Particles/Standard Unlit platform=vulkan type=25 mask=6 insize=3376 outsize=30808 ok=1

Cmd: compileSnippet
  insize=1429 file=Assets/DefaultResourcesExtra/Particles/Standard Unlit pass=<Unnamed Pass> cachingPP=1 ppOnly=0 stripLineD=0 buildPlatform=13 rsLen=0 pKW=UNITY_NO_DXT5nm UNITY_NO_RGBM UNITY_ENABLE_REFLECTION_BUFFERS UNITY_NO_CUBEMAP_ARRAY UNITY_NO_SCREENSPACE_SHADOWS UNITY_PBS_USE_BRDF2 SHADER_API_MOBILE UNITY_HARDWARE_TIER2 UNITY_LIGHTMAP_DLDR_ENCODING UNITY_PASS_FORWARDBASE uKW=SOFTPARTICLES_ON PROCEDURAL_INSTANCING_ON _ALPHABLEND_ON _NORMALMAP _FADING_ON EFFECT_BUMP dKW=FOG_LINEAR FOG_EXP FOG_EXP2 INSTANCING_ON _REQUIRE_UV2 UNITY_ENABLE_NATIVE_SHADOW_LOOKUPS UNITY_METAL_SHADOWS_USE_POINT_FILTERING UNITY_USE_DITHER_MASK_FOR_ALPHABLENDED_SHADOWS UNITY_PBS_USE_BRDF1 UNITY_PBS_USE_BRDF3 UNITY_NO_FULL_STANDARD_SHADER UNITY_SPECCUBE_BOX_PROJECTION UNITY_SPECCUBE_BLENDING UNITY_ENABLE_DETAIL_NORMALMAP UNITY_HARDWARE_TIER1 UNITY_HARDWARE_TIER3 UNITY_COLORSPACE_GAMMA UNITY_LIGHT_PROBE_PROXY_VOLUME UNITY_HALF_PRECISION_FRAGMENT_SHADER_REGISTERS UNITY_LIGHTMAP_RGBM_ENCODING UNITY_LIGHTMAP_FULL_HDR UNITY_VIRTUAL_TEXTURING UNITY_PRETRANSFORM_TO_DISPLAY_ORIENTATION UNITY_ASTC_NORMALMAP_ENCODING SHADER_API_GLES30 flags=268435456 lang=0 type=Vertex platform=vulkan reqs=16417 mask=6 start=143 ok=1 outsize=5074

Cmd: disassembleShader
 name=Particles/Standard Unlit platform=vulkan type=25 mask=6 insize=5074 outsize=48183 ok=1

Cmd: compileSnippet
  insize=10774 file=Assets/Shader/Custom/Coin pass=Meta cachingPP=1 ppOnly=0 stripLineD=0 buildPlatform=13 rsLen=0 pKW=UNITY_NO_DXT5nm UNITY_ENABLE_REFLECTION_BUFFERS UNITY_NO_CUBEMAP_ARRAY UNITY_NO_SCREENSPACE_SHADOWS UNITY_PBS_USE_BRDF2 UNITY_HARDWARE_TIER3 UNITY_LIGHTMAP_DLDR_ENCODING UNITY_PASS_META uKW= dKW=EDITOR_VISUALIZATION INSTANCING_ON UNITY_ENABLE_NATIVE_SHADOW_LOOKUPS UNITY_METAL_SHADOWS_USE_POINT_FILTERING UNITY_USE_DITHER_MASK_FOR_ALPHABLENDED_SHADOWS UNITY_PBS_USE_BRDF1 UNITY_PBS_USE_BRDF3 UNITY_NO_FULL_STANDARD_SHADER UNITY_SPECCUBE_BOX_PROJECTION UNITY_SPECCUBE_BLENDING UNITY_ENABLE_DETAIL_NORMALMAP UNITY_HARDWARE_TIER1 UNITY_HARDWARE_TIER2 UNITY_COLORSPACE_GAMMA UNITY_LIGHT_PROBE_PROXY_VOLUME UNITY_HALF_PRECISION_FRAGMENT_SHADER_REGISTERS UNITY_LIGHTMAP_RGBM_ENCODING UNITY_LIGHTMAP_FULL_HDR UNITY_VIRTUAL_TEXTURING UNITY_PRETRANSFORM_TO_DISPLAY_ORIENTATION UNITY_ASTC_NORMALMAP_ENCODING SHADER_API_GLES30 flags=0 lang=0 type=Fragment platform=d3d11 reqs=227 mask=6 start=229 ok=1 outsize=674

Cmd: shutdown
