Base path: 'C:/Program Files/Unity/Hub/Editor/2020.3.43f1/Editor/Data', plugins path 'C:/Program Files/Unity/Hub/Editor/2020.3.43f1/Editor/Data/PlaybackEngines'
Cmd: initializeCompiler

Cmd: disassembleShader
 name=Standard platform=gles3 type=4 mask=6 insize=10081 outsize=10081 ok=1

Cmd: disassembleShader
 name=Standard platform=gles3 type=4 mask=6 insize=10376 outsize=10376 ok=1

Cmd: disassembleShader
 name=Standard platform=gles3 type=4 mask=6 insize=14688 outsize=14688 ok=1

Cmd: disassembleShader
 name=Standard platform=gles3 type=4 mask=6 insize=10378 outsize=10378 ok=1

Cmd: disassembleShader
 name=Standard platform=vulkan type=25 mask=6 insize=6168 outsize=62244 ok=1

Cmd: disassembleShader
 name=Standard platform=vulkan type=25 mask=6 insize=7203 outsize=72397 ok=1

Cmd: disassembleShader
 name=Standard platform=vulkan type=25 mask=6 insize=6487 outsize=65095 ok=1

Cmd: disassembleShader
 name=Standard platform=vulkan type=25 mask=6 insize=5199 outsize=53454 ok=1

Cmd: disassembleShader
 name=Standard platform=vulkan type=25 mask=6 insize=6919 outsize=70186 ok=1

Cmd: disassembleShader
 name=Standard platform=gles3 type=4 mask=6 insize=8886 outsize=8886 ok=1

Cmd: disassembleShader
 name=Standard platform=gles3 type=4 mask=6 insize=6796 outsize=6796 ok=1

Cmd: disassembleShader
 name=Standard platform=gles3 type=4 mask=6 insize=10211 outsize=10211 ok=1

Cmd: disassembleShader
 name=Standard platform=gles3 type=4 mask=6 insize=10097 outsize=10097 ok=1

Cmd: disassembleShader
 name=Standard platform=gles3 type=4 mask=6 insize=9462 outsize=9462 ok=1

Cmd: disassembleShader
 name=Standard platform=gles3 type=4 mask=6 insize=10164 outsize=10164 ok=1

Cmd: disassembleShader
 name=Standard platform=gles3 type=4 mask=6 insize=10741 outsize=10741 ok=1

Cmd: disassembleShader
 name=Standard platform=vulkan type=25 mask=6 insize=4139 outsize=38654 ok=1

Cmd: disassembleShader
 name=Standard platform=vulkan type=25 mask=6 insize=6096 outsize=57897 ok=1

Cmd: disassembleShader
 name=Standard platform=vulkan type=25 mask=6 insize=5853 outsize=57567 ok=1

Cmd: disassembleShader
 name=Standard platform=vulkan type=25 mask=6 insize=5256 outsize=49587 ok=1

Cmd: disassembleShader
 name=Standard platform=vulkan type=25 mask=6 insize=5929 outsize=55194 ok=1

Cmd: disassembleShader
 name=Standard platform=vulkan type=25 mask=6 insize=7501 outsize=70843 ok=1

Cmd: disassembleShader
 name=Standard platform=vulkan type=25 mask=6 insize=7598 outsize=71771 ok=1

Cmd: disassembleShader
 name=Standard platform=gles3 type=4 mask=6 insize=3025 outsize=3025 ok=1

Cmd: disassembleShader
 name=Standard platform=vulkan type=25 mask=6 insize=1804 outsize=16237 ok=1

Cmd: disassembleShader
 name=Standard platform=gles3 type=4 mask=6 insize=5223 outsize=5223 ok=1

Cmd: disassembleShader
 name=Standard platform=gles3 type=4 mask=6 insize=5223 outsize=5223 ok=1

Cmd: disassembleShader
 name=Standard platform=vulkan type=25 mask=6 insize=3925 outsize=39079 ok=1

Cmd: disassembleShader
 name=Standard platform=vulkan type=25 mask=6 insize=5029 outsize=49948 ok=1

Cmd: disassembleShader
 name=Standard platform=gles3 type=4 mask=6 insize=8490 outsize=8490 ok=1

Cmd: disassembleShader
 name=Standard platform=gles3 type=4 mask=6 insize=12240 outsize=12240 ok=1

Cmd: disassembleShader
 name=Standard platform=gles3 type=4 mask=6 insize=8942 outsize=8942 ok=1

Cmd: disassembleShader
 name=Standard platform=gles3 type=4 mask=6 insize=10809 outsize=10809 ok=1

Cmd: disassembleShader
 name=Standard platform=gles3 type=4 mask=6 insize=13219 outsize=13219 ok=1

Cmd: disassembleShader
 name=Standard platform=vulkan type=25 mask=6 insize=5461 outsize=56145 ok=1

Cmd: disassembleShader
 name=Standard platform=vulkan type=25 mask=6 insize=7203 outsize=72397 ok=1

Cmd: disassembleShader
 name=Standard platform=vulkan type=25 mask=6 insize=7315 outsize=73359 ok=1

Cmd: disassembleShader
 name=Standard platform=vulkan type=25 mask=6 insize=4501 outsize=46582 ok=1

Cmd: disassembleShader
 name=Standard platform=gles3 type=4 mask=6 insize=7415 outsize=7415 ok=1

Cmd: disassembleShader
 name=Standard platform=gles3 type=4 mask=6 insize=7058 outsize=7058 ok=1

Cmd: disassembleShader
 name=Standard platform=gles3 type=4 mask=6 insize=9712 outsize=9712 ok=1

Cmd: disassembleShader
 name=Standard platform=gles3 type=4 mask=6 insize=7743 outsize=7743 ok=1

Cmd: disassembleShader
 name=Standard platform=gles3 type=4 mask=6 insize=9276 outsize=9276 ok=1

Cmd: disassembleShader
 name=Standard platform=gles3 type=4 mask=6 insize=8322 outsize=8322 ok=1

Cmd: disassembleShader
 name=Standard platform=vulkan type=25 mask=6 insize=5292 outsize=52106 ok=1

Cmd: disassembleShader
 name=Standard platform=vulkan type=25 mask=6 insize=4335 outsize=41623 ok=1

Cmd: disassembleShader
 name=Standard platform=vulkan type=25 mask=6 insize=4327 outsize=40544 ok=1

Cmd: disassembleShader
 name=Standard platform=vulkan type=25 mask=6 insize=6294 outsize=60421 ok=1

Cmd: disassembleShader
 name=Standard platform=vulkan type=25 mask=6 insize=5691 outsize=55751 ok=1

Cmd: disassembleShader
 name=Standard platform=vulkan type=25 mask=6 insize=4471 outsize=41883 ok=1

Cmd: disassembleShader
 name=Standard platform=vulkan type=25 mask=6 insize=1914 outsize=17263 ok=1

Cmd: disassembleShader
 name=Standard platform=gles3 type=4 mask=6 insize=10376 outsize=10376 ok=1

Cmd: disassembleShader
 name=Standard platform=gles3 type=4 mask=6 insize=7522 outsize=7522 ok=1

Cmd: disassembleShader
 name=Standard platform=gles3 type=4 mask=6 insize=10809 outsize=10809 ok=1

Cmd: disassembleShader
 name=Standard platform=gles3 type=4 mask=6 insize=10966 outsize=10966 ok=1

Cmd: disassembleShader
 name=Standard platform=vulkan type=25 mask=6 insize=5446 outsize=54422 ok=1

Cmd: disassembleShader
 name=Standard platform=vulkan type=25 mask=6 insize=7567 outsize=75127 ok=1

Cmd: disassembleShader
 name=Standard platform=gles3 type=4 mask=6 insize=8123 outsize=8123 ok=1

Cmd: disassembleShader
 name=Standard platform=gles3 type=4 mask=6 insize=8207 outsize=8207 ok=1

Cmd: disassembleShader
 name=Standard platform=gles3 type=4 mask=6 insize=7680 outsize=7680 ok=1

Cmd: disassembleShader
 name=Standard platform=gles3 type=4 mask=6 insize=11006 outsize=11006 ok=1

Cmd: disassembleShader
 name=Standard platform=gles3 type=4 mask=6 insize=9763 outsize=9763 ok=1

Cmd: disassembleShader
 name=Standard platform=gles3 type=4 mask=6 insize=8680 outsize=8680 ok=1

Cmd: disassembleShader
 name=Standard platform=gles3 type=4 mask=6 insize=10872 outsize=10872 ok=1

Cmd: disassembleShader
 name=Standard platform=vulkan type=25 mask=6 insize=4165 outsize=39134 ok=1

Cmd: disassembleShader
 name=Standard platform=vulkan type=25 mask=6 insize=5067 outsize=47303 ok=1

Cmd: disassembleShader
 name=Standard platform=vulkan type=25 mask=6 insize=5955 outsize=56651 ok=1

Cmd: disassembleShader
 name=Standard platform=vulkan type=25 mask=6 insize=6657 outsize=62048 ok=1

Cmd: disassembleShader
 name=Standard platform=vulkan type=25 mask=6 insize=4725 outsize=45355 ok=1

Cmd: disassembleShader
 name=Standard platform=vulkan type=25 mask=6 insize=6307 outsize=59028 ok=1

Cmd: disassembleShader
 name=Standard platform=vulkan type=25 mask=6 insize=4930 outsize=45727 ok=1

Cmd: disassembleShader
 name=Standard platform=vulkan type=25 mask=6 insize=1914 outsize=17263 ok=1

Cmd: disassembleShader
 name=Standard platform=vulkan type=25 mask=6 insize=1914 outsize=17263 ok=1

Cmd: disassembleShader
 name=Standard platform=gles3 type=4 mask=6 insize=6446 outsize=6446 ok=1

Cmd: disassembleShader
 name=Standard platform=gles3 type=4 mask=6 insize=6400 outsize=6400 ok=1

Cmd: disassembleShader
 name=Standard platform=vulkan type=25 mask=6 insize=3083 outsize=29638 ok=1

Cmd: disassembleShader
 name=Standard platform=vulkan type=25 mask=6 insize=4250 outsize=41392 ok=1

Cmd: disassembleShader
 name=Standard platform=vulkan type=25 mask=6 insize=4245 outsize=41348 ok=1

Cmd: disassembleShader
 name=Standard platform=gles3 type=4 mask=6 insize=7764 outsize=7764 ok=1

Cmd: disassembleShader
 name=Standard platform=gles3 type=4 mask=6 insize=9688 outsize=9688 ok=1

Cmd: disassembleShader
 name=Standard platform=gles3 type=4 mask=6 insize=8942 outsize=8942 ok=1

Cmd: disassembleShader
 name=Standard platform=gles3 type=4 mask=6 insize=8563 outsize=8563 ok=1

Cmd: disassembleShader
 name=Standard platform=gles3 type=4 mask=6 insize=10731 outsize=10731 ok=1

Cmd: disassembleShader
 name=Standard platform=gles3 type=4 mask=6 insize=8942 outsize=8942 ok=1

Cmd: disassembleShader
 name=Standard platform=vulkan type=25 mask=6 insize=5461 outsize=56145 ok=1

Cmd: disassembleShader
 name=Standard platform=vulkan type=25 mask=6 insize=6032 outsize=62398 ok=1

Cmd: disassembleShader
 name=Standard platform=vulkan type=25 mask=6 insize=4743 outsize=47778 ok=1

Cmd: disassembleShader
 name=Standard platform=vulkan type=25 mask=6 insize=5199 outsize=53454 ok=1

Cmd: disassembleShader
 name=Standard platform=vulkan type=25 mask=6 insize=8048 outsize=82733 ok=1

Cmd: disassembleShader
 name=Standard platform=gles3 type=4 mask=6 insize=7083 outsize=7083 ok=1

Cmd: disassembleShader
 name=Standard platform=gles3 type=4 mask=6 insize=7439 outsize=7439 ok=1

Cmd: disassembleShader
 name=Standard platform=gles3 type=4 mask=6 insize=8340 outsize=8340 ok=1

Cmd: disassembleShader
 name=Standard platform=gles3 type=4 mask=6 insize=8628 outsize=8628 ok=1

Cmd: disassembleShader
 name=Standard platform=gles3 type=4 mask=6 insize=9373 outsize=9373 ok=1

Cmd: disassembleShader
 name=Standard platform=gles3 type=4 mask=6 insize=7284 outsize=7284 ok=1

Cmd: disassembleShader
 name=Standard platform=vulkan type=25 mask=6 insize=4381 outsize=42464 ok=1

Cmd: disassembleShader
 name=Standard platform=vulkan type=25 mask=6 insize=5679 outsize=53672 ok=1

Cmd: disassembleShader
 name=Standard platform=vulkan type=25 mask=6 insize=6108 outsize=58624 ok=1

Cmd: disassembleShader
 name=Standard platform=vulkan type=25 mask=6 insize=5642 outsize=55663 ok=1

Cmd: disassembleShader
 name=Standard platform=vulkan type=25 mask=6 insize=5788 outsize=56679 ok=1

Cmd: disassembleShader
 name=Standard platform=gles3 type=4 mask=6 insize=2798 outsize=2798 ok=1

Cmd: compileSnippet
  insize=1161 file=Assets/DefaultResourcesExtra/Particles/Standard Unlit pass=ShadowCaster cachingPP=1 ppOnly=0 stripLineD=0 buildPlatform=13 rsLen=0 pKW=UNITY_NO_DXT5nm UNITY_NO_RGBM UNITY_ENABLE_REFLECTION_BUFFERS UNITY_FRAMEBUFFER_FETCH_AVAILABLE UNITY_NO_CUBEMAP_ARRAY UNITY_NO_SCREENSPACE_SHADOWS UNITY_PBS_USE_BRDF3 UNITY_NO_FULL_STANDARD_SHADER SHADER_API_MOBILE UNITY_HARDWARE_TIER1 UNITY_LIGHTMAP_DLDR_ENCODING SHADER_API_GLES30 UNITY_PASS_SHADOWCASTER uKW=SHADOWS_CUBE PROCEDURAL_INSTANCING_ON _ALPHABLEND_ON dKW=INSTANCING_ON _ALPHATEST_ON _ALPHAPREMULTIPLY_ON _ALPHAMODULATE_ON _REQUIRE_UV2 SHADOWS_DEPTH UNITY_ENABLE_NATIVE_SHADOW_LOOKUPS UNITY_METAL_SHADOWS_USE_POINT_FILTERING UNITY_USE_DITHER_MASK_FOR_ALPHABLENDED_SHADOWS UNITY_PBS_USE_BRDF1 UNITY_PBS_USE_BRDF2 UNITY_SPECCUBE_BOX_PROJECTION UNITY_SPECCUBE_BLENDING UNITY_ENABLE_DETAIL_NORMALMAP UNITY_HARDWARE_TIER2 UNITY_HARDWARE_TIER3 UNITY_COLORSPACE_GAMMA UNITY_LIGHT_PROBE_PROXY_VOLUME UNITY_HALF_PRECISION_FRAGMENT_SHADER_REGISTERS UNITY_LIGHTMAP_RGBM_ENCODING UNITY_LIGHTMAP_FULL_HDR UNITY_VIRTUAL_TEXTURING UNITY_PRETRANSFORM_TO_DISPLAY_ORIENTATION UNITY_ASTC_NORMALMAP_ENCODING flags=268435456 lang=0 type=Vertex platform=gles3 reqs=16417 mask=6 start=72 ok=1 outsize=6310

Cmd: disassembleShader
 name=Particles/Standard Unlit platform=gles3 type=3 mask=6 insize=6310 outsize=6310 ok=1

Cmd: compileSnippet
  insize=1161 file=Assets/DefaultResourcesExtra/Particles/Standard Unlit pass=ShadowCaster cachingPP=1 ppOnly=0 stripLineD=0 buildPlatform=13 rsLen=0 pKW=UNITY_NO_DXT5nm UNITY_NO_RGBM UNITY_ENABLE_REFLECTION_BUFFERS UNITY_FRAMEBUFFER_FETCH_AVAILABLE UNITY_NO_CUBEMAP_ARRAY UNITY_NO_SCREENSPACE_SHADOWS UNITY_PBS_USE_BRDF2 SHADER_API_MOBILE UNITY_HARDWARE_TIER3 UNITY_LIGHTMAP_DLDR_ENCODING SHADER_API_GLES30 UNITY_PASS_SHADOWCASTER uKW=SHADOWS_DEPTH PROCEDURAL_INSTANCING_ON _ALPHABLEND_ON dKW=INSTANCING_ON _ALPHATEST_ON _ALPHAPREMULTIPLY_ON _ALPHAMODULATE_ON _REQUIRE_UV2 SHADOWS_CUBE UNITY_ENABLE_NATIVE_SHADOW_LOOKUPS UNITY_METAL_SHADOWS_USE_POINT_FILTERING UNITY_USE_DITHER_MASK_FOR_ALPHABLENDED_SHADOWS UNITY_PBS_USE_BRDF1 UNITY_PBS_USE_BRDF3 UNITY_NO_FULL_STANDARD_SHADER UNITY_SPECCUBE_BOX_PROJECTION UNITY_SPECCUBE_BLENDING UNITY_ENABLE_DETAIL_NORMALMAP UNITY_HARDWARE_TIER1 UNITY_HARDWARE_TIER2 UNITY_COLORSPACE_GAMMA UNITY_LIGHT_PROBE_PROXY_VOLUME UNITY_HALF_PRECISION_FRAGMENT_SHADER_REGISTERS UNITY_LIGHTMAP_RGBM_ENCODING UNITY_LIGHTMAP_FULL_HDR UNITY_VIRTUAL_TEXTURING UNITY_PRETRANSFORM_TO_DISPLAY_ORIENTATION UNITY_ASTC_NORMALMAP_ENCODING flags=268435456 lang=0 type=Vertex platform=gles3 reqs=16417 mask=6 start=72 ok=1 outsize=6442

Cmd: disassembleShader
 name=Particles/Standard Unlit platform=gles3 type=3 mask=6 insize=6442 outsize=6442 ok=1

Cmd: compileSnippet
  insize=1161 file=Assets/DefaultResourcesExtra/Particles/Standard Unlit pass=ShadowCaster cachingPP=1 ppOnly=0 stripLineD=0 buildPlatform=13 rsLen=0 pKW=UNITY_NO_DXT5nm UNITY_NO_RGBM UNITY_ENABLE_REFLECTION_BUFFERS UNITY_NO_CUBEMAP_ARRAY UNITY_NO_SCREENSPACE_SHADOWS UNITY_PBS_USE_BRDF3 UNITY_NO_FULL_STANDARD_SHADER SHADER_API_MOBILE UNITY_HARDWARE_TIER1 UNITY_LIGHTMAP_DLDR_ENCODING UNITY_PASS_SHADOWCASTER uKW=SHADOWS_DEPTH PROCEDURAL_INSTANCING_ON dKW=INSTANCING_ON _ALPHATEST_ON _ALPHABLEND_ON _ALPHAPREMULTIPLY_ON _ALPHAMODULATE_ON _REQUIRE_UV2 SHADOWS_CUBE UNITY_ENABLE_NATIVE_SHADOW_LOOKUPS UNITY_METAL_SHADOWS_USE_POINT_FILTERING UNITY_USE_DITHER_MASK_FOR_ALPHABLENDED_SHADOWS UNITY_PBS_USE_BRDF1 UNITY_PBS_USE_BRDF2 UNITY_SPECCUBE_BOX_PROJECTION UNITY_SPECCUBE_BLENDING UNITY_ENABLE_DETAIL_NORMALMAP UNITY_HARDWARE_TIER2 UNITY_HARDWARE_TIER3 UNITY_COLORSPACE_GAMMA UNITY_LIGHT_PROBE_PROXY_VOLUME UNITY_HALF_PRECISION_FRAGMENT_SHADER_REGISTERS UNITY_LIGHTMAP_RGBM_ENCODING UNITY_LIGHTMAP_FULL_HDR UNITY_VIRTUAL_TEXTURING UNITY_PRETRANSFORM_TO_DISPLAY_ORIENTATION UNITY_ASTC_NORMALMAP_ENCODING SHADER_API_GLES30 flags=268435456 lang=0 type=Vertex platform=vulkan reqs=16417 mask=6 start=72 ok=1 outsize=2940

Cmd: disassembleShader
 name=Particles/Standard Unlit platform=vulkan type=25 mask=6 insize=2940 outsize=26505 ok=1

Cmd: compileSnippet
  insize=1429 file=Assets/DefaultResourcesExtra/Particles/Standard Unlit pass=<Unnamed Pass> cachingPP=1 ppOnly=0 stripLineD=0 buildPlatform=13 rsLen=0 pKW=UNITY_NO_DXT5nm UNITY_NO_RGBM UNITY_ENABLE_REFLECTION_BUFFERS UNITY_FRAMEBUFFER_FETCH_AVAILABLE UNITY_NO_CUBEMAP_ARRAY UNITY_NO_SCREENSPACE_SHADOWS UNITY_PBS_USE_BRDF2 SHADER_API_MOBILE UNITY_HARDWARE_TIER2 UNITY_LIGHTMAP_DLDR_ENCODING SHADER_API_GLES30 UNITY_PASS_FORWARDBASE uKW=_NORMALMAP _FADING_ON EFFECT_BUMP dKW=SOFTPARTICLES_ON FOG_LINEAR FOG_EXP FOG_EXP2 INSTANCING_ON PROCEDURAL_INSTANCING_ON _REQUIRE_UV2 UNITY_ENABLE_NATIVE_SHADOW_LOOKUPS UNITY_METAL_SHADOWS_USE_POINT_FILTERING UNITY_USE_DITHER_MASK_FOR_ALPHABLENDED_SHADOWS UNITY_PBS_USE_BRDF1 UNITY_PBS_USE_BRDF3 UNITY_NO_FULL_STANDARD_SHADER UNITY_SPECCUBE_BOX_PROJECTION UNITY_SPECCUBE_BLENDING UNITY_ENABLE_DETAIL_NORMALMAP UNITY_HARDWARE_TIER1 UNITY_HARDWARE_TIER3 UNITY_COLORSPACE_GAMMA UNITY_LIGHT_PROBE_PROXY_VOLUME UNITY_HALF_PRECISION_FRAGMENT_SHADER_REGISTERS UNITY_LIGHTMAP_RGBM_ENCODING UNITY_LIGHTMAP_FULL_HDR UNITY_VIRTUAL_TEXTURING UNITY_PRETRANSFORM_TO_DISPLAY_ORIENTATION UNITY_ASTC_NORMALMAP_ENCODING flags=268435456 lang=0 type=Vertex platform=gles3 reqs=33 mask=6 start=143 ok=1 outsize=4627

Cmd: disassembleShader
 name=Particles/Standard Unlit platform=gles3 type=4 mask=6 insize=4627 outsize=4627 ok=1

Cmd: compileSnippet
  insize=1429 file=Assets/DefaultResourcesExtra/Particles/Standard Unlit pass=<Unnamed Pass> cachingPP=1 ppOnly=0 stripLineD=0 buildPlatform=13 rsLen=0 pKW=UNITY_NO_DXT5nm UNITY_NO_RGBM UNITY_ENABLE_REFLECTION_BUFFERS UNITY_FRAMEBUFFER_FETCH_AVAILABLE UNITY_NO_CUBEMAP_ARRAY UNITY_NO_SCREENSPACE_SHADOWS UNITY_PBS_USE_BRDF3 UNITY_NO_FULL_STANDARD_SHADER SHADER_API_MOBILE UNITY_HARDWARE_TIER1 UNITY_LIGHTMAP_DLDR_ENCODING SHADER_API_GLES30 UNITY_PASS_FORWARDBASE uKW=PROCEDURAL_INSTANCING_ON _ALPHABLEND_ON _FADING_ON dKW=SOFTPARTICLES_ON FOG_LINEAR FOG_EXP FOG_EXP2 INSTANCING_ON _NORMALMAP _REQUIRE_UV2 EFFECT_BUMP UNITY_ENABLE_NATIVE_SHADOW_LOOKUPS UNITY_METAL_SHADOWS_USE_POINT_FILTERING UNITY_USE_DITHER_MASK_FOR_ALPHABLENDED_SHADOWS UNITY_PBS_USE_BRDF1 UNITY_PBS_USE_BRDF2 UNITY_SPECCUBE_BOX_PROJECTION UNITY_SPECCUBE_BLENDING UNITY_ENABLE_DETAIL_NORMALMAP UNITY_HARDWARE_TIER2 UNITY_HARDWARE_TIER3 UNITY_COLORSPACE_GAMMA UNITY_LIGHT_PROBE_PROXY_VOLUME UNITY_HALF_PRECISION_FRAGMENT_SHADER_REGISTERS UNITY_LIGHTMAP_RGBM_ENCODING UNITY_LIGHTMAP_FULL_HDR UNITY_VIRTUAL_TEXTURING UNITY_PRETRANSFORM_TO_DISPLAY_ORIENTATION UNITY_ASTC_NORMALMAP_ENCODING flags=268435456 lang=0 type=Vertex platform=gles3 reqs=16417 mask=6 start=143 ok=1 outsize=6373

Cmd: disassembleShader
 name=Particles/Standard Unlit platform=gles3 type=3 mask=6 insize=6373 outsize=6373 ok=1

Cmd: compileSnippet
  insize=1429 file=Assets/DefaultResourcesExtra/Particles/Standard Unlit pass=<Unnamed Pass> cachingPP=1 ppOnly=0 stripLineD=0 buildPlatform=13 rsLen=0 pKW=UNITY_NO_DXT5nm UNITY_NO_RGBM UNITY_ENABLE_REFLECTION_BUFFERS UNITY_FRAMEBUFFER_FETCH_AVAILABLE UNITY_NO_CUBEMAP_ARRAY UNITY_NO_SCREENSPACE_SHADOWS UNITY_PBS_USE_BRDF3 UNITY_NO_FULL_STANDARD_SHADER SHADER_API_MOBILE UNITY_HARDWARE_TIER1 UNITY_LIGHTMAP_DLDR_ENCODING SHADER_API_GLES30 UNITY_PASS_FORWARDBASE uKW=SOFTPARTICLES_ON _FADING_ON dKW=FOG_LINEAR FOG_EXP FOG_EXP2 INSTANCING_ON PROCEDURAL_INSTANCING_ON _NORMALMAP _REQUIRE_UV2 EFFECT_BUMP UNITY_ENABLE_NATIVE_SHADOW_LOOKUPS UNITY_METAL_SHADOWS_USE_POINT_FILTERING UNITY_USE_DITHER_MASK_FOR_ALPHABLENDED_SHADOWS UNITY_PBS_USE_BRDF1 UNITY_PBS_USE_BRDF2 UNITY_SPECCUBE_BOX_PROJECTION UNITY_SPECCUBE_BLENDING UNITY_ENABLE_DETAIL_NORMALMAP UNITY_HARDWARE_TIER2 UNITY_HARDWARE_TIER3 UNITY_COLORSPACE_GAMMA UNITY_LIGHT_PROBE_PROXY_VOLUME UNITY_HALF_PRECISION_FRAGMENT_SHADER_REGISTERS UNITY_LIGHTMAP_RGBM_ENCODING UNITY_LIGHTMAP_FULL_HDR UNITY_VIRTUAL_TEXTURING UNITY_PRETRANSFORM_TO_DISPLAY_ORIENTATION UNITY_ASTC_NORMALMAP_ENCODING flags=268435456 lang=0 type=Vertex platform=gles3 reqs=33 mask=6 start=143 ok=1 outsize=3067

Cmd: disassembleShader
 name=Particles/Standard Unlit platform=gles3 type=4 mask=6 insize=3067 outsize=3067 ok=1

Cmd: compileSnippet
  insize=1429 file=Assets/DefaultResourcesExtra/Particles/Standard Unlit pass=<Unnamed Pass> cachingPP=1 ppOnly=0 stripLineD=0 buildPlatform=13 rsLen=0 pKW=UNITY_NO_DXT5nm UNITY_NO_RGBM UNITY_ENABLE_REFLECTION_BUFFERS UNITY_FRAMEBUFFER_FETCH_AVAILABLE UNITY_NO_CUBEMAP_ARRAY UNITY_NO_SCREENSPACE_SHADOWS UNITY_PBS_USE_BRDF2 SHADER_API_MOBILE UNITY_HARDWARE_TIER3 UNITY_LIGHTMAP_DLDR_ENCODING SHADER_API_GLES30 UNITY_PASS_FORWARDBASE uKW=SOFTPARTICLES_ON PROCEDURAL_INSTANCING_ON dKW=FOG_LINEAR FOG_EXP FOG_EXP2 INSTANCING_ON _NORMALMAP _FADING_ON _REQUIRE_UV2 EFFECT_BUMP UNITY_ENABLE_NATIVE_SHADOW_LOOKUPS UNITY_METAL_SHADOWS_USE_POINT_FILTERING UNITY_USE_DITHER_MASK_FOR_ALPHABLENDED_SHADOWS UNITY_PBS_USE_BRDF1 UNITY_PBS_USE_BRDF3 UNITY_NO_FULL_STANDARD_SHADER UNITY_SPECCUBE_BOX_PROJECTION UNITY_SPECCUBE_BLENDING UNITY_ENABLE_DETAIL_NORMALMAP UNITY_HARDWARE_TIER1 UNITY_HARDWARE_TIER2 UNITY_COLORSPACE_GAMMA UNITY_LIGHT_PROBE_PROXY_VOLUME UNITY_HALF_PRECISION_FRAGMENT_SHADER_REGISTERS UNITY_LIGHTMAP_RGBM_ENCODING UNITY_LIGHTMAP_FULL_HDR UNITY_VIRTUAL_TEXTURING UNITY_PRETRANSFORM_TO_DISPLAY_ORIENTATION UNITY_ASTC_NORMALMAP_ENCODING flags=268435456 lang=0 type=Vertex platform=gles3 reqs=16417 mask=6 start=143 ok=1 outsize=6188

Cmd: disassembleShader
 name=Particles/Standard Unlit platform=gles3 type=3 mask=6 insize=6188 outsize=6188 ok=1

Cmd: compileSnippet
  insize=1429 file=Assets/DefaultResourcesExtra/Particles/Standard Unlit pass=<Unnamed Pass> cachingPP=1 ppOnly=0 stripLineD=0 buildPlatform=13 rsLen=0 pKW=UNITY_NO_DXT5nm UNITY_NO_RGBM UNITY_ENABLE_REFLECTION_BUFFERS UNITY_NO_CUBEMAP_ARRAY UNITY_NO_SCREENSPACE_SHADOWS UNITY_PBS_USE_BRDF3 UNITY_NO_FULL_STANDARD_SHADER SHADER_API_MOBILE UNITY_HARDWARE_TIER1 UNITY_LIGHTMAP_DLDR_ENCODING UNITY_PASS_FORWARDBASE uKW= dKW=SOFTPARTICLES_ON FOG_LINEAR FOG_EXP FOG_EXP2 INSTANCING_ON PROCEDURAL_INSTANCING_ON _NORMALMAP _FADING_ON _REQUIRE_UV2 EFFECT_BUMP UNITY_ENABLE_NATIVE_SHADOW_LOOKUPS UNITY_METAL_SHADOWS_USE_POINT_FILTERING UNITY_USE_DITHER_MASK_FOR_ALPHABLENDED_SHADOWS UNITY_PBS_USE_BRDF1 UNITY_PBS_USE_BRDF2 UNITY_SPECCUBE_BOX_PROJECTION UNITY_SPECCUBE_BLENDING UNITY_ENABLE_DETAIL_NORMALMAP UNITY_HARDWARE_TIER2 UNITY_HARDWARE_TIER3 UNITY_COLORSPACE_GAMMA UNITY_LIGHT_PROBE_PROXY_VOLUME UNITY_HALF_PRECISION_FRAGMENT_SHADER_REGISTERS UNITY_LIGHTMAP_RGBM_ENCODING UNITY_LIGHTMAP_FULL_HDR UNITY_VIRTUAL_TEXTURING UNITY_PRETRANSFORM_TO_DISPLAY_ORIENTATION UNITY_ASTC_NORMALMAP_ENCODING SHADER_API_GLES30 flags=268435456 lang=0 type=Vertex platform=vulkan reqs=33 mask=6 start=143 ok=1 outsize=1332

Cmd: disassembleShader
 name=Particles/Standard Unlit platform=vulkan type=25 mask=6 insize=1332 outsize=12864 ok=1

Cmd: compileSnippet
  insize=1429 file=Assets/DefaultResourcesExtra/Particles/Standard Unlit pass=<Unnamed Pass> cachingPP=1 ppOnly=0 stripLineD=0 buildPlatform=13 rsLen=0 pKW=UNITY_NO_DXT5nm UNITY_NO_RGBM UNITY_ENABLE_REFLECTION_BUFFERS UNITY_NO_CUBEMAP_ARRAY UNITY_NO_SCREENSPACE_SHADOWS UNITY_PBS_USE_BRDF2 SHADER_API_MOBILE UNITY_HARDWARE_TIER2 UNITY_LIGHTMAP_DLDR_ENCODING UNITY_PASS_FORWARDBASE uKW=_FADING_ON dKW=SOFTPARTICLES_ON FOG_LINEAR FOG_EXP FOG_EXP2 INSTANCING_ON PROCEDURAL_INSTANCING_ON _NORMALMAP _REQUIRE_UV2 EFFECT_BUMP UNITY_ENABLE_NATIVE_SHADOW_LOOKUPS UNITY_METAL_SHADOWS_USE_POINT_FILTERING UNITY_USE_DITHER_MASK_FOR_ALPHABLENDED_SHADOWS UNITY_PBS_USE_BRDF1 UNITY_PBS_USE_BRDF3 UNITY_NO_FULL_STANDARD_SHADER UNITY_SPECCUBE_BOX_PROJECTION UNITY_SPECCUBE_BLENDING UNITY_ENABLE_DETAIL_NORMALMAP UNITY_HARDWARE_TIER1 UNITY_HARDWARE_TIER3 UNITY_COLORSPACE_GAMMA UNITY_LIGHT_PROBE_PROXY_VOLUME UNITY_HALF_PRECISION_FRAGMENT_SHADER_REGISTERS UNITY_LIGHTMAP_RGBM_ENCODING UNITY_LIGHTMAP_FULL_HDR UNITY_VIRTUAL_TEXTURING UNITY_PRETRANSFORM_TO_DISPLAY_ORIENTATION UNITY_ASTC_NORMALMAP_ENCODING SHADER_API_GLES30 flags=268435456 lang=0 type=Vertex platform=vulkan reqs=33 mask=6 start=143 ok=1 outsize=1795

Cmd: disassembleShader
 name=Particles/Standard Unlit platform=vulkan type=25 mask=6 insize=1795 outsize=16998 ok=1

Cmd: compileSnippet
  insize=1429 file=Assets/DefaultResourcesExtra/Particles/Standard Unlit pass=<Unnamed Pass> cachingPP=1 ppOnly=0 stripLineD=0 buildPlatform=13 rsLen=0 pKW=UNITY_NO_DXT5nm UNITY_NO_RGBM UNITY_ENABLE_REFLECTION_BUFFERS UNITY_NO_CUBEMAP_ARRAY UNITY_NO_SCREENSPACE_SHADOWS UNITY_PBS_USE_BRDF2 SHADER_API_MOBILE UNITY_HARDWARE_TIER2 UNITY_LIGHTMAP_DLDR_ENCODING UNITY_PASS_FORWARDBASE uKW=PROCEDURAL_INSTANCING_ON _ALPHABLEND_ON dKW=SOFTPARTICLES_ON FOG_LINEAR FOG_EXP FOG_EXP2 INSTANCING_ON _NORMALMAP _FADING_ON _REQUIRE_UV2 EFFECT_BUMP UNITY_ENABLE_NATIVE_SHADOW_LOOKUPS UNITY_METAL_SHADOWS_USE_POINT_FILTERING UNITY_USE_DITHER_MASK_FOR_ALPHABLENDED_SHADOWS UNITY_PBS_USE_BRDF1 UNITY_PBS_USE_BRDF3 UNITY_NO_FULL_STANDARD_SHADER UNITY_SPECCUBE_BOX_PROJECTION UNITY_SPECCUBE_BLENDING UNITY_ENABLE_DETAIL_NORMALMAP UNITY_HARDWARE_TIER1 UNITY_HARDWARE_TIER3 UNITY_COLORSPACE_GAMMA UNITY_LIGHT_PROBE_PROXY_VOLUME UNITY_HALF_PRECISION_FRAGMENT_SHADER_REGISTERS UNITY_LIGHTMAP_RGBM_ENCODING UNITY_LIGHTMAP_FULL_HDR UNITY_VIRTUAL_TEXTURING UNITY_PRETRANSFORM_TO_DISPLAY_ORIENTATION UNITY_ASTC_NORMALMAP_ENCODING SHADER_API_GLES30 flags=268435456 lang=0 type=Vertex platform=vulkan reqs=16417 mask=6 start=143 ok=1 outsize=2927

Cmd: disassembleShader
 name=Particles/Standard Unlit platform=vulkan type=25 mask=6 insize=2927 outsize=26705 ok=1

Cmd: compileSnippet
  insize=1429 file=Assets/DefaultResourcesExtra/Particles/Standard Unlit pass=<Unnamed Pass> cachingPP=1 ppOnly=0 stripLineD=0 buildPlatform=13 rsLen=0 pKW=UNITY_NO_DXT5nm UNITY_NO_RGBM UNITY_ENABLE_REFLECTION_BUFFERS UNITY_NO_CUBEMAP_ARRAY UNITY_NO_SCREENSPACE_SHADOWS UNITY_PBS_USE_BRDF2 SHADER_API_MOBILE UNITY_HARDWARE_TIER2 UNITY_LIGHTMAP_DLDR_ENCODING UNITY_PASS_FORWARDBASE uKW=SOFTPARTICLES_ON dKW=FOG_LINEAR FOG_EXP FOG_EXP2 INSTANCING_ON PROCEDURAL_INSTANCING_ON _NORMALMAP _FADING_ON _REQUIRE_UV2 EFFECT_BUMP UNITY_ENABLE_NATIVE_SHADOW_LOOKUPS UNITY_METAL_SHADOWS_USE_POINT_FILTERING UNITY_USE_DITHER_MASK_FOR_ALPHABLENDED_SHADOWS UNITY_PBS_USE_BRDF1 UNITY_PBS_USE_BRDF3 UNITY_NO_FULL_STANDARD_SHADER UNITY_SPECCUBE_BOX_PROJECTION UNITY_SPECCUBE_BLENDING UNITY_ENABLE_DETAIL_NORMALMAP UNITY_HARDWARE_TIER1 UNITY_HARDWARE_TIER3 UNITY_COLORSPACE_GAMMA UNITY_LIGHT_PROBE_PROXY_VOLUME UNITY_HALF_PRECISION_FRAGMENT_SHADER_REGISTERS UNITY_LIGHTMAP_RGBM_ENCODING UNITY_LIGHTMAP_FULL_HDR UNITY_VIRTUAL_TEXTURING UNITY_PRETRANSFORM_TO_DISPLAY_ORIENTATION UNITY_ASTC_NORMALMAP_ENCODING SHADER_API_GLES30 flags=268435456 lang=0 type=Vertex platform=vulkan reqs=33 mask=6 start=143 ok=1 outsize=1795

Cmd: disassembleShader
 name=Particles/Standard Unlit platform=vulkan type=25 mask=6 insize=1795 outsize=16998 ok=1

Cmd: compileSnippet
  insize=1429 file=Assets/DefaultResourcesExtra/Particles/Standard Unlit pass=<Unnamed Pass> cachingPP=1 ppOnly=0 stripLineD=0 buildPlatform=13 rsLen=0 pKW=UNITY_NO_DXT5nm UNITY_NO_RGBM UNITY_ENABLE_REFLECTION_BUFFERS UNITY_NO_CUBEMAP_ARRAY UNITY_NO_SCREENSPACE_SHADOWS UNITY_PBS_USE_BRDF2 SHADER_API_MOBILE UNITY_HARDWARE_TIER3 UNITY_LIGHTMAP_DLDR_ENCODING UNITY_PASS_FORWARDBASE uKW=SOFTPARTICLES_ON _ALPHABLEND_ON _NORMALMAP _FADING_ON EFFECT_BUMP dKW=FOG_LINEAR FOG_EXP FOG_EXP2 INSTANCING_ON PROCEDURAL_INSTANCING_ON _REQUIRE_UV2 UNITY_ENABLE_NATIVE_SHADOW_LOOKUPS UNITY_METAL_SHADOWS_USE_POINT_FILTERING UNITY_USE_DITHER_MASK_FOR_ALPHABLENDED_SHADOWS UNITY_PBS_USE_BRDF1 UNITY_PBS_USE_BRDF3 UNITY_NO_FULL_STANDARD_SHADER UNITY_SPECCUBE_BOX_PROJECTION UNITY_SPECCUBE_BLENDING UNITY_ENABLE_DETAIL_NORMALMAP UNITY_HARDWARE_TIER1 UNITY_HARDWARE_TIER2 UNITY_COLORSPACE_GAMMA UNITY_LIGHT_PROBE_PROXY_VOLUME UNITY_HALF_PRECISION_FRAGMENT_SHADER_REGISTERS UNITY_LIGHTMAP_RGBM_ENCODING UNITY_LIGHTMAP_FULL_HDR UNITY_VIRTUAL_TEXTURING UNITY_PRETRANSFORM_TO_DISPLAY_ORIENTATION UNITY_ASTC_NORMALMAP_ENCODING SHADER_API_GLES30 flags=268435456 lang=0 type=Vertex platform=vulkan reqs=33 mask=6 start=143 ok=1 outsize=3333

Cmd: disassembleShader
 name=Particles/Standard Unlit platform=vulkan type=25 mask=6 insize=3333 outsize=32893 ok=1

Cmd: compileSnippet
  insize=1429 file=Assets/DefaultResourcesExtra/Particles/Standard Unlit pass=<Unnamed Pass> cachingPP=1 ppOnly=0 stripLineD=0 buildPlatform=13 rsLen=0 pKW=UNITY_NO_DXT5nm UNITY_NO_RGBM UNITY_ENABLE_REFLECTION_BUFFERS UNITY_NO_CUBEMAP_ARRAY UNITY_NO_SCREENSPACE_SHADOWS UNITY_PBS_USE_BRDF2 SHADER_API_MOBILE UNITY_HARDWARE_TIER3 UNITY_LIGHTMAP_DLDR_ENCODING UNITY_PASS_FORWARDBASE uKW=SOFTPARTICLES_ON PROCEDURAL_INSTANCING_ON _NORMALMAP _FADING_ON EFFECT_BUMP dKW=FOG_LINEAR FOG_EXP FOG_EXP2 INSTANCING_ON _REQUIRE_UV2 UNITY_ENABLE_NATIVE_SHADOW_LOOKUPS UNITY_METAL_SHADOWS_USE_POINT_FILTERING UNITY_USE_DITHER_MASK_FOR_ALPHABLENDED_SHADOWS UNITY_PBS_USE_BRDF1 UNITY_PBS_USE_BRDF3 UNITY_NO_FULL_STANDARD_SHADER UNITY_SPECCUBE_BOX_PROJECTION UNITY_SPECCUBE_BLENDING UNITY_ENABLE_DETAIL_NORMALMAP UNITY_HARDWARE_TIER1 UNITY_HARDWARE_TIER2 UNITY_COLORSPACE_GAMMA UNITY_LIGHT_PROBE_PROXY_VOLUME UNITY_HALF_PRECISION_FRAGMENT_SHADER_REGISTERS UNITY_LIGHTMAP_RGBM_ENCODING UNITY_LIGHTMAP_FULL_HDR UNITY_VIRTUAL_TEXTURING UNITY_PRETRANSFORM_TO_DISPLAY_ORIENTATION UNITY_ASTC_NORMALMAP_ENCODING SHADER_API_GLES30 flags=268435456 lang=0 type=Vertex platform=vulkan reqs=16417 mask=6 start=143 ok=1 outsize=5083

Cmd: disassembleShader
 name=Particles/Standard Unlit platform=vulkan type=25 mask=6 insize=5083 outsize=48299 ok=1

Cmd: shutdown
