Base path: 'C:/Program Files/Unity/Hub/Editor/2020.3.43f1/Editor/Data', plugins path 'C:/Program Files/Unity/Hub/Editor/2020.3.43f1/Editor/Data/PlaybackEngines'
Cmd: initializeCompiler

Cmd: disassembleShader
 name=Standard platform=gles3 type=4 mask=6 insize=11529 outsize=11529 ok=1

Cmd: disassembleShader
 name=Standard platform=gles3 type=4 mask=6 insize=13368 outsize=13368 ok=1

Cmd: disassembleShader
 name=Standard platform=gles3 type=4 mask=6 insize=8962 outsize=8962 ok=1

Cmd: disassembleShader
 name=Standard platform=vulkan type=25 mask=6 insize=7226 outsize=73520 ok=1

Cmd: disassembleShader
 name=Standard platform=vulkan type=25 mask=6 insize=6313 outsize=62721 ok=1

Cmd: disassembleShader
 name=Standard platform=vulkan type=25 mask=6 insize=5491 outsize=54949 ok=1

Cmd: disassembleShader
 name=Standard platform=vulkan type=25 mask=6 insize=6396 outsize=65133 ok=1

Cmd: disassembleShader
 name=Standard platform=vulkan type=25 mask=6 insize=8048 outsize=82733 ok=1

Cmd: disassembleShader
 name=Standard platform=gles3 type=4 mask=6 insize=6768 outsize=6768 ok=1

Cmd: disassembleShader
 name=Standard platform=gles3 type=4 mask=6 insize=7058 outsize=7058 ok=1

Cmd: disassembleShader
 name=Standard platform=gles3 type=4 mask=6 insize=11675 outsize=11675 ok=1

Cmd: disassembleShader
 name=Standard platform=gles3 type=4 mask=6 insize=8745 outsize=8745 ok=1

Cmd: disassembleShader
 name=Standard platform=gles3 type=4 mask=6 insize=7970 outsize=7970 ok=1

Cmd: disassembleShader
 name=Standard platform=gles3 type=4 mask=6 insize=10581 outsize=10581 ok=1

Cmd: disassembleShader
 name=Standard platform=gles3 type=4 mask=6 insize=12219 outsize=12219 ok=1

Cmd: disassembleShader
 name=Standard platform=vulkan type=25 mask=6 insize=4427 outsize=44596 ok=1

Cmd: disassembleShader
 name=Standard platform=vulkan type=25 mask=6 insize=4348 outsize=41961 ok=1

Cmd: disassembleShader
 name=Standard platform=vulkan type=25 mask=6 insize=4172 outsize=40135 ok=1

Cmd: disassembleShader
 name=Standard platform=vulkan type=25 mask=6 insize=7620 outsize=72242 ok=1

Cmd: disassembleShader
 name=Standard platform=vulkan type=25 mask=6 insize=5974 outsize=55660 ok=1

Cmd: disassembleShader
 name=Standard platform=vulkan type=25 mask=6 insize=5711 outsize=54708 ok=1

Cmd: disassembleShader
 name=Standard platform=vulkan type=25 mask=6 insize=6307 outsize=59028 ok=1

Cmd: disassembleShader
 name=Standard platform=vulkan type=25 mask=6 insize=6380 outsize=59400 ok=1

Cmd: disassembleShader
 name=Standard platform=gles3 type=4 mask=6 insize=3025 outsize=3025 ok=1

Cmd: disassembleShader
 name=Standard platform=vulkan type=25 mask=6 insize=1914 outsize=17263 ok=1

Cmd: disassembleShader
 name=Standard platform=gles3 type=4 mask=6 insize=5097 outsize=5097 ok=1

Cmd: disassembleShader
 name=Standard platform=gles3 type=4 mask=6 insize=6568 outsize=6568 ok=1

Cmd: disassembleShader
 name=Standard platform=gles3 type=4 mask=6 insize=5223 outsize=5223 ok=1

Cmd: disassembleShader
 name=Standard platform=vulkan type=25 mask=6 insize=3149 outsize=30293 ok=1

Cmd: disassembleShader
 name=Standard platform=vulkan type=25 mask=6 insize=3898 outsize=38707 ok=1

Cmd: disassembleShader
 name=Standard platform=gles3 type=4 mask=6 insize=10108 outsize=10108 ok=1

Cmd: disassembleShader
 name=Standard platform=gles3 type=4 mask=6 insize=10731 outsize=10731 ok=1

Cmd: disassembleShader
 name=Standard platform=gles3 type=4 mask=6 insize=7366 outsize=7366 ok=1

Cmd: disassembleShader
 name=Standard platform=gles3 type=4 mask=6 insize=12240 outsize=12240 ok=1

Cmd: disassembleShader
 name=Standard platform=gles3 type=4 mask=6 insize=7935 outsize=7935 ok=1

Cmd: disassembleShader
 name=Standard platform=vulkan type=25 mask=6 insize=5494 outsize=55891 ok=1

Cmd: disassembleShader
 name=Standard platform=vulkan type=25 mask=6 insize=7203 outsize=72397 ok=1

Cmd: disassembleShader
 name=Standard platform=vulkan type=25 mask=6 insize=4686 outsize=47105 ok=1

Cmd: disassembleShader
 name=Standard platform=vulkan type=25 mask=6 insize=7567 outsize=75127 ok=1

Cmd: disassembleShader
 name=Standard platform=gles3 type=4 mask=6 insize=5889 outsize=5889 ok=1

Cmd: disassembleShader
 name=Standard platform=gles3 type=4 mask=6 insize=7312 outsize=7312 ok=1

Cmd: disassembleShader
 name=Standard platform=gles3 type=4 mask=6 insize=8221 outsize=8221 ok=1

Cmd: disassembleShader
 name=Standard platform=gles3 type=4 mask=6 insize=6771 outsize=6771 ok=1

Cmd: disassembleShader
 name=Standard platform=gles3 type=4 mask=6 insize=7614 outsize=7614 ok=1

Cmd: disassembleShader
 name=Standard platform=gles3 type=4 mask=6 insize=8356 outsize=8356 ok=1

Cmd: disassembleShader
 name=Standard platform=vulkan type=25 mask=6 insize=3683 outsize=35042 ok=1

Cmd: disassembleShader
 name=Standard platform=gles3 type=4 mask=6 insize=3025 outsize=3025 ok=1

Cmd: disassembleShader
 name=Standard platform=gles3 type=4 mask=6 insize=11529 outsize=11529 ok=1

Cmd: disassembleShader
 name=Standard platform=gles3 type=4 mask=6 insize=13333 outsize=13333 ok=1

Cmd: disassembleShader
 name=Standard platform=gles3 type=4 mask=6 insize=11843 outsize=11843 ok=1

Cmd: disassembleShader
 name=Standard platform=gles3 type=4 mask=6 insize=10731 outsize=10731 ok=1

Cmd: disassembleShader
 name=Standard platform=vulkan type=25 mask=6 insize=6167 outsize=62711 ok=1

Cmd: disassembleShader
 name=Standard platform=vulkan type=25 mask=6 insize=6032 outsize=62398 ok=1

Cmd: disassembleShader
 name=Standard platform=vulkan type=25 mask=6 insize=6487 outsize=65095 ok=1

Cmd: disassembleShader
 name=Standard platform=vulkan type=25 mask=6 insize=7567 outsize=75127 ok=1

Cmd: disassembleShader
 name=Standard platform=gles3 type=4 mask=6 insize=8441 outsize=8441 ok=1

Cmd: disassembleShader
 name=Standard platform=gles3 type=4 mask=6 insize=8061 outsize=8061 ok=1

Cmd: disassembleShader
 name=Standard platform=gles3 type=4 mask=6 insize=11675 outsize=11675 ok=1

Cmd: disassembleShader
 name=Standard platform=gles3 type=4 mask=6 insize=11110 outsize=11110 ok=1

Cmd: disassembleShader
 name=Standard platform=gles3 type=4 mask=6 insize=10712 outsize=10712 ok=1

Cmd: disassembleShader
 name=Standard platform=gles3 type=4 mask=6 insize=10047 outsize=10047 ok=1

Cmd: disassembleShader
 name=Standard platform=vulkan type=25 mask=6 insize=3560 outsize=35054 ok=1

Cmd: disassembleShader
 name=Standard platform=vulkan type=25 mask=6 insize=6235 outsize=59307 ok=1

Cmd: disassembleShader
 name=Standard platform=vulkan type=25 mask=6 insize=4903 outsize=45106 ok=1

Cmd: disassembleShader
 name=Standard platform=vulkan type=25 mask=6 insize=6785 outsize=63328 ok=1

Cmd: disassembleShader
 name=Standard platform=vulkan type=25 mask=6 insize=5642 outsize=55663 ok=1

Cmd: disassembleShader
 name=Standard platform=vulkan type=25 mask=6 insize=6496 outsize=60502 ok=1

Cmd: disassembleShader
 name=Standard platform=vulkan type=25 mask=6 insize=6263 outsize=58564 ok=1

Cmd: disassembleShader
 name=Standard platform=gles3 type=4 mask=6 insize=2798 outsize=2798 ok=1

Cmd: disassembleShader
 name=Standard platform=gles3 type=4 mask=6 insize=6320 outsize=6320 ok=1

Cmd: disassembleShader
 name=Standard platform=gles3 type=4 mask=6 insize=6274 outsize=6274 ok=1

Cmd: disassembleShader
 name=Standard platform=vulkan type=25 mask=6 insize=5058 outsize=50320 ok=1

Cmd: disassembleShader
 name=Standard platform=vulkan type=25 mask=6 insize=3144 outsize=30249 ok=1

Cmd: disassembleShader
 name=Standard platform=gles3 type=4 mask=6 insize=10108 outsize=10108 ok=1

Cmd: disassembleShader
 name=Standard platform=gles3 type=4 mask=6 insize=11888 outsize=11888 ok=1

Cmd: disassembleShader
 name=Standard platform=gles3 type=4 mask=6 insize=10421 outsize=10421 ok=1

Cmd: disassembleShader
 name=Standard platform=gles3 type=4 mask=6 insize=14688 outsize=14688 ok=1

Cmd: disassembleShader
 name=Standard platform=vulkan type=25 mask=6 insize=5519 outsize=56275 ok=1

Cmd: disassembleShader
 name=Standard platform=vulkan type=25 mask=6 insize=7203 outsize=72397 ok=1

Cmd: disassembleShader
 name=Standard platform=vulkan type=25 mask=6 insize=6309 outsize=63876 ok=1

Cmd: disassembleShader
 name=Standard platform=vulkan type=25 mask=6 insize=6313 outsize=62721 ok=1

Cmd: disassembleShader
 name=Standard platform=vulkan type=25 mask=6 insize=4743 outsize=47778 ok=1

Cmd: disassembleShader
 name=Standard platform=gles3 type=4 mask=6 insize=5997 outsize=5997 ok=1

Cmd: disassembleShader
 name=Standard platform=gles3 type=4 mask=6 insize=7182 outsize=7182 ok=1

Cmd: disassembleShader
 name=Standard platform=gles3 type=4 mask=6 insize=8122 outsize=8122 ok=1

Cmd: disassembleShader
 name=Standard platform=gles3 type=4 mask=6 insize=10097 outsize=10097 ok=1

Cmd: disassembleShader
 name=Standard platform=gles3 type=4 mask=6 insize=8082 outsize=8082 ok=1

Cmd: disassembleShader
 name=Standard platform=vulkan type=25 mask=6 insize=4214 outsize=40416 ok=1

Cmd: disassembleShader
 name=Standard platform=vulkan type=25 mask=6 insize=5292 outsize=52106 ok=1

Cmd: disassembleShader
 name=Standard platform=vulkan type=25 mask=6 insize=4195 outsize=40567 ok=1

Cmd: disassembleShader
 name=Standard platform=vulkan type=25 mask=6 insize=5185 outsize=48642 ok=1

Cmd: disassembleShader
 name=Standard platform=vulkan type=25 mask=6 insize=4725 outsize=45355 ok=1

Cmd: disassembleShader
 name=Standard platform=vulkan type=25 mask=6 insize=5025 outsize=46953 ok=1

Cmd: disassembleShader
 name=Standard platform=gles3 type=4 mask=6 insize=2798 outsize=2798 ok=1

Cmd: disassembleShader
 name=Standard platform=vulkan type=25 mask=6 insize=1804 outsize=16237 ok=1

Cmd: compileSnippet
  insize=2441 file=Assets/Shader/Custom/RailRushBending pass=<Unnamed Pass> cachingPP=1 ppOnly=0 stripLineD=0 buildPlatform=13 rsLen=0 pKW=UNITY_NO_DXT5nm UNITY_ENABLE_REFLECTION_BUFFERS UNITY_NO_CUBEMAP_ARRAY UNITY_NO_SCREENSPACE_SHADOWS UNITY_PBS_USE_BRDF2 UNITY_HARDWARE_TIER3 UNITY_LIGHTMAP_DLDR_ENCODING uKW= dKW=FOG_LINEAR FOG_EXP FOG_EXP2 UNITY_ENABLE_NATIVE_SHADOW_LOOKUPS UNITY_METAL_SHADOWS_USE_POINT_FILTERING UNITY_USE_DITHER_MASK_FOR_ALPHABLENDED_SHADOWS UNITY_PBS_USE_BRDF1 UNITY_PBS_USE_BRDF3 UNITY_NO_FULL_STANDARD_SHADER UNITY_SPECCUBE_BOX_PROJECTION UNITY_SPECCUBE_BLENDING UNITY_ENABLE_DETAIL_NORMALMAP UNITY_HARDWARE_TIER1 UNITY_HARDWARE_TIER2 UNITY_COLORSPACE_GAMMA UNITY_LIGHT_PROBE_PROXY_VOLUME UNITY_HALF_PRECISION_FRAGMENT_SHADER_REGISTERS UNITY_LIGHTMAP_RGBM_ENCODING UNITY_LIGHTMAP_FULL_HDR UNITY_VIRTUAL_TEXTURING UNITY_PRETRANSFORM_TO_DISPLAY_ORIENTATION UNITY_ASTC_NORMALMAP_ENCODING SHADER_API_GLES30 flags=0 lang=0 type=Fragment platform=d3d11 reqs=33 mask=6 start=22 ok=1 outsize=530

Cmd: compileSnippet
  insize=1161 file=Assets/DefaultResourcesExtra/Particles/Standard Unlit pass=ShadowCaster cachingPP=1 ppOnly=0 stripLineD=0 buildPlatform=13 rsLen=0 pKW=UNITY_NO_DXT5nm UNITY_NO_RGBM UNITY_ENABLE_REFLECTION_BUFFERS UNITY_FRAMEBUFFER_FETCH_AVAILABLE UNITY_NO_CUBEMAP_ARRAY UNITY_NO_SCREENSPACE_SHADOWS UNITY_PBS_USE_BRDF2 SHADER_API_MOBILE UNITY_HARDWARE_TIER3 UNITY_LIGHTMAP_DLDR_ENCODING SHADER_API_GLES30 UNITY_PASS_SHADOWCASTER uKW=SHADOWS_DEPTH PROCEDURAL_INSTANCING_ON dKW=INSTANCING_ON _ALPHATEST_ON _ALPHABLEND_ON _ALPHAPREMULTIPLY_ON _ALPHAMODULATE_ON _REQUIRE_UV2 SHADOWS_CUBE UNITY_ENABLE_NATIVE_SHADOW_LOOKUPS UNITY_METAL_SHADOWS_USE_POINT_FILTERING UNITY_USE_DITHER_MASK_FOR_ALPHABLENDED_SHADOWS UNITY_PBS_USE_BRDF1 UNITY_PBS_USE_BRDF3 UNITY_NO_FULL_STANDARD_SHADER UNITY_SPECCUBE_BOX_PROJECTION UNITY_SPECCUBE_BLENDING UNITY_ENABLE_DETAIL_NORMALMAP UNITY_HARDWARE_TIER1 UNITY_HARDWARE_TIER2 UNITY_COLORSPACE_GAMMA UNITY_LIGHT_PROBE_PROXY_VOLUME UNITY_HALF_PRECISION_FRAGMENT_SHADER_REGISTERS UNITY_LIGHTMAP_RGBM_ENCODING UNITY_LIGHTMAP_FULL_HDR UNITY_VIRTUAL_TEXTURING UNITY_PRETRANSFORM_TO_DISPLAY_ORIENTATION UNITY_ASTC_NORMALMAP_ENCODING flags=268435456 lang=0 type=Vertex platform=gles3 reqs=16417 mask=6 start=72 ok=1 outsize=4775

Cmd: disassembleShader
 name=Particles/Standard Unlit platform=gles3 type=3 mask=6 insize=4775 outsize=4775 ok=1

Cmd: compileSnippet
  insize=1161 file=Assets/DefaultResourcesExtra/Particles/Standard Unlit pass=ShadowCaster cachingPP=1 ppOnly=0 stripLineD=0 buildPlatform=13 rsLen=0 pKW=UNITY_NO_DXT5nm UNITY_NO_RGBM UNITY_ENABLE_REFLECTION_BUFFERS UNITY_NO_CUBEMAP_ARRAY UNITY_NO_SCREENSPACE_SHADOWS UNITY_PBS_USE_BRDF3 UNITY_NO_FULL_STANDARD_SHADER SHADER_API_MOBILE UNITY_HARDWARE_TIER1 UNITY_LIGHTMAP_DLDR_ENCODING UNITY_PASS_SHADOWCASTER uKW=SHADOWS_DEPTH _ALPHABLEND_ON dKW=INSTANCING_ON PROCEDURAL_INSTANCING_ON _ALPHATEST_ON _ALPHAPREMULTIPLY_ON _ALPHAMODULATE_ON _REQUIRE_UV2 SHADOWS_CUBE UNITY_ENABLE_NATIVE_SHADOW_LOOKUPS UNITY_METAL_SHADOWS_USE_POINT_FILTERING UNITY_USE_DITHER_MASK_FOR_ALPHABLENDED_SHADOWS UNITY_PBS_USE_BRDF1 UNITY_PBS_USE_BRDF2 UNITY_SPECCUBE_BOX_PROJECTION UNITY_SPECCUBE_BLENDING UNITY_ENABLE_DETAIL_NORMALMAP UNITY_HARDWARE_TIER2 UNITY_HARDWARE_TIER3 UNITY_COLORSPACE_GAMMA UNITY_LIGHT_PROBE_PROXY_VOLUME UNITY_HALF_PRECISION_FRAGMENT_SHADER_REGISTERS UNITY_LIGHTMAP_RGBM_ENCODING UNITY_LIGHTMAP_FULL_HDR UNITY_VIRTUAL_TEXTURING UNITY_PRETRANSFORM_TO_DISPLAY_ORIENTATION UNITY_ASTC_NORMALMAP_ENCODING SHADER_API_GLES30 flags=268435456 lang=0 type=Vertex platform=vulkan reqs=33 mask=6 start=72 ok=1 outsize=2420

Cmd: disassembleShader
 name=Particles/Standard Unlit platform=vulkan type=25 mask=6 insize=2420 outsize=22452 ok=1

Cmd: compileSnippet
  insize=1429 file=Assets/DefaultResourcesExtra/Particles/Standard Unlit pass=<Unnamed Pass> cachingPP=1 ppOnly=0 stripLineD=0 buildPlatform=13 rsLen=0 pKW=UNITY_NO_DXT5nm UNITY_NO_RGBM UNITY_ENABLE_REFLECTION_BUFFERS UNITY_FRAMEBUFFER_FETCH_AVAILABLE UNITY_NO_CUBEMAP_ARRAY UNITY_NO_SCREENSPACE_SHADOWS UNITY_PBS_USE_BRDF2 SHADER_API_MOBILE UNITY_HARDWARE_TIER2 UNITY_LIGHTMAP_DLDR_ENCODING SHADER_API_GLES30 UNITY_PASS_FORWARDBASE uKW=_ALPHABLEND_ON _FADING_ON dKW=SOFTPARTICLES_ON FOG_LINEAR FOG_EXP FOG_EXP2 INSTANCING_ON PROCEDURAL_INSTANCING_ON _NORMALMAP _REQUIRE_UV2 EFFECT_BUMP UNITY_ENABLE_NATIVE_SHADOW_LOOKUPS UNITY_METAL_SHADOWS_USE_POINT_FILTERING UNITY_USE_DITHER_MASK_FOR_ALPHABLENDED_SHADOWS UNITY_PBS_USE_BRDF1 UNITY_PBS_USE_BRDF3 UNITY_NO_FULL_STANDARD_SHADER UNITY_SPECCUBE_BOX_PROJECTION UNITY_SPECCUBE_BLENDING UNITY_ENABLE_DETAIL_NORMALMAP UNITY_HARDWARE_TIER1 UNITY_HARDWARE_TIER3 UNITY_COLORSPACE_GAMMA UNITY_LIGHT_PROBE_PROXY_VOLUME UNITY_HALF_PRECISION_FRAGMENT_SHADER_REGISTERS UNITY_LIGHTMAP_RGBM_ENCODING UNITY_LIGHTMAP_FULL_HDR UNITY_VIRTUAL_TEXTURING UNITY_PRETRANSFORM_TO_DISPLAY_ORIENTATION UNITY_ASTC_NORMALMAP_ENCODING flags=268435456 lang=0 type=Vertex platform=gles3 reqs=33 mask=6 start=143 ok=1 outsize=3311

Cmd: disassembleShader
 name=Particles/Standard Unlit platform=gles3 type=4 mask=6 insize=3311 outsize=3311 ok=1

Cmd: compileSnippet
  insize=1429 file=Assets/DefaultResourcesExtra/Particles/Standard Unlit pass=<Unnamed Pass> cachingPP=1 ppOnly=0 stripLineD=0 buildPlatform=13 rsLen=0 pKW=UNITY_NO_DXT5nm UNITY_NO_RGBM UNITY_ENABLE_REFLECTION_BUFFERS UNITY_FRAMEBUFFER_FETCH_AVAILABLE UNITY_NO_CUBEMAP_ARRAY UNITY_NO_SCREENSPACE_SHADOWS UNITY_PBS_USE_BRDF2 SHADER_API_MOBILE UNITY_HARDWARE_TIER3 UNITY_LIGHTMAP_DLDR_ENCODING SHADER_API_GLES30 UNITY_PASS_FORWARDBASE uKW=PROCEDURAL_INSTANCING_ON dKW=SOFTPARTICLES_ON FOG_LINEAR FOG_EXP FOG_EXP2 INSTANCING_ON _NORMALMAP _FADING_ON _REQUIRE_UV2 EFFECT_BUMP UNITY_ENABLE_NATIVE_SHADOW_LOOKUPS UNITY_METAL_SHADOWS_USE_POINT_FILTERING UNITY_USE_DITHER_MASK_FOR_ALPHABLENDED_SHADOWS UNITY_PBS_USE_BRDF1 UNITY_PBS_USE_BRDF3 UNITY_NO_FULL_STANDARD_SHADER UNITY_SPECCUBE_BOX_PROJECTION UNITY_SPECCUBE_BLENDING UNITY_ENABLE_DETAIL_NORMALMAP UNITY_HARDWARE_TIER1 UNITY_HARDWARE_TIER2 UNITY_COLORSPACE_GAMMA UNITY_LIGHT_PROBE_PROXY_VOLUME UNITY_HALF_PRECISION_FRAGMENT_SHADER_REGISTERS UNITY_LIGHTMAP_RGBM_ENCODING UNITY_LIGHTMAP_FULL_HDR UNITY_VIRTUAL_TEXTURING UNITY_PRETRANSFORM_TO_DISPLAY_ORIENTATION UNITY_ASTC_NORMALMAP_ENCODING flags=268435456 lang=0 type=Vertex platform=gles3 reqs=16417 mask=6 start=143 ok=1 outsize=5505

Cmd: disassembleShader
 name=Particles/Standard Unlit platform=gles3 type=3 mask=6 insize=5505 outsize=5505 ok=1

Cmd: compileSnippet
  insize=1429 file=Assets/DefaultResourcesExtra/Particles/Standard Unlit pass=<Unnamed Pass> cachingPP=1 ppOnly=0 stripLineD=0 buildPlatform=13 rsLen=0 pKW=UNITY_NO_DXT5nm UNITY_NO_RGBM UNITY_ENABLE_REFLECTION_BUFFERS UNITY_FRAMEBUFFER_FETCH_AVAILABLE UNITY_NO_CUBEMAP_ARRAY UNITY_NO_SCREENSPACE_SHADOWS UNITY_PBS_USE_BRDF2 SHADER_API_MOBILE UNITY_HARDWARE_TIER2 UNITY_LIGHTMAP_DLDR_ENCODING SHADER_API_GLES30 UNITY_PASS_FORWARDBASE uKW=SOFTPARTICLES_ON dKW=FOG_LINEAR FOG_EXP FOG_EXP2 INSTANCING_ON PROCEDURAL_INSTANCING_ON _NORMALMAP _FADING_ON _REQUIRE_UV2 EFFECT_BUMP UNITY_ENABLE_NATIVE_SHADOW_LOOKUPS UNITY_METAL_SHADOWS_USE_POINT_FILTERING UNITY_USE_DITHER_MASK_FOR_ALPHABLENDED_SHADOWS UNITY_PBS_USE_BRDF1 UNITY_PBS_USE_BRDF3 UNITY_NO_FULL_STANDARD_SHADER UNITY_SPECCUBE_BOX_PROJECTION UNITY_SPECCUBE_BLENDING UNITY_ENABLE_DETAIL_NORMALMAP UNITY_HARDWARE_TIER1 UNITY_HARDWARE_TIER3 UNITY_COLORSPACE_GAMMA UNITY_LIGHT_PROBE_PROXY_VOLUME UNITY_HALF_PRECISION_FRAGMENT_SHADER_REGISTERS UNITY_LIGHTMAP_RGBM_ENCODING UNITY_LIGHTMAP_FULL_HDR UNITY_VIRTUAL_TEXTURING UNITY_PRETRANSFORM_TO_DISPLAY_ORIENTATION UNITY_ASTC_NORMALMAP_ENCODING flags=268435456 lang=0 type=Vertex platform=gles3 reqs=33 mask=6 start=143 ok=1 outsize=3067

Cmd: disassembleShader
 name=Particles/Standard Unlit platform=gles3 type=4 mask=6 insize=3067 outsize=3067 ok=1

Cmd: compileSnippet
  insize=1429 file=Assets/DefaultResourcesExtra/Particles/Standard Unlit pass=<Unnamed Pass> cachingPP=1 ppOnly=0 stripLineD=0 buildPlatform=13 rsLen=0 pKW=UNITY_NO_DXT5nm UNITY_NO_RGBM UNITY_ENABLE_REFLECTION_BUFFERS UNITY_FRAMEBUFFER_FETCH_AVAILABLE UNITY_NO_CUBEMAP_ARRAY UNITY_NO_SCREENSPACE_SHADOWS UNITY_PBS_USE_BRDF2 SHADER_API_MOBILE UNITY_HARDWARE_TIER3 UNITY_LIGHTMAP_DLDR_ENCODING SHADER_API_GLES30 UNITY_PASS_FORWARDBASE uKW=SOFTPARTICLES_ON _ALPHABLEND_ON _FADING_ON dKW=FOG_LINEAR FOG_EXP FOG_EXP2 INSTANCING_ON PROCEDURAL_INSTANCING_ON _NORMALMAP _REQUIRE_UV2 EFFECT_BUMP UNITY_ENABLE_NATIVE_SHADOW_LOOKUPS UNITY_METAL_SHADOWS_USE_POINT_FILTERING UNITY_USE_DITHER_MASK_FOR_ALPHABLENDED_SHADOWS UNITY_PBS_USE_BRDF1 UNITY_PBS_USE_BRDF3 UNITY_NO_FULL_STANDARD_SHADER UNITY_SPECCUBE_BOX_PROJECTION UNITY_SPECCUBE_BLENDING UNITY_ENABLE_DETAIL_NORMALMAP UNITY_HARDWARE_TIER1 UNITY_HARDWARE_TIER2 UNITY_COLORSPACE_GAMMA UNITY_LIGHT_PROBE_PROXY_VOLUME UNITY_HALF_PRECISION_FRAGMENT_SHADER_REGISTERS UNITY_LIGHTMAP_RGBM_ENCODING UNITY_LIGHTMAP_FULL_HDR UNITY_VIRTUAL_TEXTURING UNITY_PRETRANSFORM_TO_DISPLAY_ORIENTATION UNITY_ASTC_NORMALMAP_ENCODING flags=268435456 lang=0 type=Vertex platform=gles3 reqs=33 mask=6 start=143 ok=1 outsize=4317

Cmd: disassembleShader
 name=Particles/Standard Unlit platform=gles3 type=4 mask=6 insize=4317 outsize=4317 ok=1

Cmd: compileSnippet
  insize=1429 file=Assets/DefaultResourcesExtra/Particles/Standard Unlit pass=<Unnamed Pass> cachingPP=1 ppOnly=0 stripLineD=0 buildPlatform=13 rsLen=0 pKW=UNITY_NO_DXT5nm UNITY_NO_RGBM UNITY_ENABLE_REFLECTION_BUFFERS UNITY_FRAMEBUFFER_FETCH_AVAILABLE UNITY_NO_CUBEMAP_ARRAY UNITY_NO_SCREENSPACE_SHADOWS UNITY_PBS_USE_BRDF3 UNITY_NO_FULL_STANDARD_SHADER SHADER_API_MOBILE UNITY_HARDWARE_TIER1 UNITY_LIGHTMAP_DLDR_ENCODING SHADER_API_GLES30 UNITY_PASS_FORWARDBASE uKW=SOFTPARTICLES_ON PROCEDURAL_INSTANCING_ON _ALPHABLEND_ON _FADING_ON dKW=FOG_LINEAR FOG_EXP FOG_EXP2 INSTANCING_ON _NORMALMAP _REQUIRE_UV2 EFFECT_BUMP UNITY_ENABLE_NATIVE_SHADOW_LOOKUPS UNITY_METAL_SHADOWS_USE_POINT_FILTERING UNITY_USE_DITHER_MASK_FOR_ALPHABLENDED_SHADOWS UNITY_PBS_USE_BRDF1 UNITY_PBS_USE_BRDF2 UNITY_SPECCUBE_BOX_PROJECTION UNITY_SPECCUBE_BLENDING UNITY_ENABLE_DETAIL_NORMALMAP UNITY_HARDWARE_TIER2 UNITY_HARDWARE_TIER3 UNITY_COLORSPACE_GAMMA UNITY_LIGHT_PROBE_PROXY_VOLUME UNITY_HALF_PRECISION_FRAGMENT_SHADER_REGISTERS UNITY_LIGHTMAP_RGBM_ENCODING UNITY_LIGHTMAP_FULL_HDR UNITY_VIRTUAL_TEXTURING UNITY_PRETRANSFORM_TO_DISPLAY_ORIENTATION UNITY_ASTC_NORMALMAP_ENCODING flags=268435456 lang=0 type=Vertex platform=gles3 reqs=16417 mask=6 start=143 ok=1 outsize=7291

Cmd: disassembleShader
 name=Particles/Standard Unlit platform=gles3 type=3 mask=6 insize=7291 outsize=7291 ok=1

Cmd: compileSnippet
  insize=1429 file=Assets/DefaultResourcesExtra/Particles/Standard Unlit pass=<Unnamed Pass> cachingPP=1 ppOnly=0 stripLineD=0 buildPlatform=13 rsLen=0 pKW=UNITY_NO_DXT5nm UNITY_NO_RGBM UNITY_ENABLE_REFLECTION_BUFFERS UNITY_NO_CUBEMAP_ARRAY UNITY_NO_SCREENSPACE_SHADOWS UNITY_PBS_USE_BRDF3 UNITY_NO_FULL_STANDARD_SHADER SHADER_API_MOBILE UNITY_HARDWARE_TIER1 UNITY_LIGHTMAP_DLDR_ENCODING UNITY_PASS_FORWARDBASE uKW=_NORMALMAP _FADING_ON EFFECT_BUMP dKW=SOFTPARTICLES_ON FOG_LINEAR FOG_EXP FOG_EXP2 INSTANCING_ON PROCEDURAL_INSTANCING_ON _REQUIRE_UV2 UNITY_ENABLE_NATIVE_SHADOW_LOOKUPS UNITY_METAL_SHADOWS_USE_POINT_FILTERING UNITY_USE_DITHER_MASK_FOR_ALPHABLENDED_SHADOWS UNITY_PBS_USE_BRDF1 UNITY_PBS_USE_BRDF2 UNITY_SPECCUBE_BOX_PROJECTION UNITY_SPECCUBE_BLENDING UNITY_ENABLE_DETAIL_NORMALMAP UNITY_HARDWARE_TIER2 UNITY_HARDWARE_TIER3 UNITY_COLORSPACE_GAMMA UNITY_LIGHT_PROBE_PROXY_VOLUME UNITY_HALF_PRECISION_FRAGMENT_SHADER_REGISTERS UNITY_LIGHTMAP_RGBM_ENCODING UNITY_LIGHTMAP_FULL_HDR UNITY_VIRTUAL_TEXTURING UNITY_PRETRANSFORM_TO_DISPLAY_ORIENTATION UNITY_ASTC_NORMALMAP_ENCODING SHADER_API_GLES30 flags=268435456 lang=0 type=Vertex platform=vulkan reqs=33 mask=6 start=143 ok=1 outsize=2809

Cmd: disassembleShader
 name=Particles/Standard Unlit platform=vulkan type=25 mask=6 insize=2809 outsize=27640 ok=1

Cmd: compileSnippet
  insize=1429 file=Assets/DefaultResourcesExtra/Particles/Standard Unlit pass=<Unnamed Pass> cachingPP=1 ppOnly=0 stripLineD=0 buildPlatform=13 rsLen=0 pKW=UNITY_NO_DXT5nm UNITY_NO_RGBM UNITY_ENABLE_REFLECTION_BUFFERS UNITY_NO_CUBEMAP_ARRAY UNITY_NO_SCREENSPACE_SHADOWS UNITY_PBS_USE_BRDF2 SHADER_API_MOBILE UNITY_HARDWARE_TIER3 UNITY_LIGHTMAP_DLDR_ENCODING UNITY_PASS_FORWARDBASE uKW=PROCEDURAL_INSTANCING_ON _ALPHABLEND_ON _FADING_ON dKW=SOFTPARTICLES_ON FOG_LINEAR FOG_EXP FOG_EXP2 INSTANCING_ON _NORMALMAP _REQUIRE_UV2 EFFECT_BUMP UNITY_ENABLE_NATIVE_SHADOW_LOOKUPS UNITY_METAL_SHADOWS_USE_POINT_FILTERING UNITY_USE_DITHER_MASK_FOR_ALPHABLENDED_SHADOWS UNITY_PBS_USE_BRDF1 UNITY_PBS_USE_BRDF3 UNITY_NO_FULL_STANDARD_SHADER UNITY_SPECCUBE_BOX_PROJECTION UNITY_SPECCUBE_BLENDING UNITY_ENABLE_DETAIL_NORMALMAP UNITY_HARDWARE_TIER1 UNITY_HARDWARE_TIER2 UNITY_COLORSPACE_GAMMA UNITY_LIGHT_PROBE_PROXY_VOLUME UNITY_HALF_PRECISION_FRAGMENT_SHADER_REGISTERS UNITY_LIGHTMAP_RGBM_ENCODING UNITY_LIGHTMAP_FULL_HDR UNITY_VIRTUAL_TEXTURING UNITY_PRETRANSFORM_TO_DISPLAY_ORIENTATION UNITY_ASTC_NORMALMAP_ENCODING SHADER_API_GLES30 flags=268435456 lang=0 type=Vertex platform=vulkan reqs=16417 mask=6 start=143 ok=1 outsize=3502

Cmd: disassembleShader
 name=Particles/Standard Unlit platform=vulkan type=25 mask=6 insize=3502 outsize=31709 ok=1

Cmd: compileSnippet
  insize=1429 file=Assets/DefaultResourcesExtra/Particles/Standard Unlit pass=<Unnamed Pass> cachingPP=1 ppOnly=0 stripLineD=0 buildPlatform=13 rsLen=0 pKW=UNITY_NO_DXT5nm UNITY_NO_RGBM UNITY_ENABLE_REFLECTION_BUFFERS UNITY_NO_CUBEMAP_ARRAY UNITY_NO_SCREENSPACE_SHADOWS UNITY_PBS_USE_BRDF3 UNITY_NO_FULL_STANDARD_SHADER SHADER_API_MOBILE UNITY_HARDWARE_TIER1 UNITY_LIGHTMAP_DLDR_ENCODING UNITY_PASS_FORWARDBASE uKW=SOFTPARTICLES_ON _ALPHABLEND_ON _FADING_ON dKW=FOG_LINEAR FOG_EXP FOG_EXP2 INSTANCING_ON PROCEDURAL_INSTANCING_ON _NORMALMAP _REQUIRE_UV2 EFFECT_BUMP UNITY_ENABLE_NATIVE_SHADOW_LOOKUPS UNITY_METAL_SHADOWS_USE_POINT_FILTERING UNITY_USE_DITHER_MASK_FOR_ALPHABLENDED_SHADOWS UNITY_PBS_USE_BRDF1 UNITY_PBS_USE_BRDF2 UNITY_SPECCUBE_BOX_PROJECTION UNITY_SPECCUBE_BLENDING UNITY_ENABLE_DETAIL_NORMALMAP UNITY_HARDWARE_TIER2 UNITY_HARDWARE_TIER3 UNITY_COLORSPACE_GAMMA UNITY_LIGHT_PROBE_PROXY_VOLUME UNITY_HALF_PRECISION_FRAGMENT_SHADER_REGISTERS UNITY_LIGHTMAP_RGBM_ENCODING UNITY_LIGHTMAP_FULL_HDR UNITY_VIRTUAL_TEXTURING UNITY_PRETRANSFORM_TO_DISPLAY_ORIENTATION UNITY_ASTC_NORMALMAP_ENCODING SHADER_API_GLES30 flags=268435456 lang=0 type=Vertex platform=vulkan reqs=33 mask=6 start=143 ok=1 outsize=2442

Cmd: disassembleShader
 name=Particles/Standard Unlit platform=vulkan type=25 mask=6 insize=2442 outsize=23289 ok=1

Cmd: compileSnippet
  insize=1429 file=Assets/DefaultResourcesExtra/Particles/Standard Unlit pass=<Unnamed Pass> cachingPP=1 ppOnly=0 stripLineD=0 buildPlatform=13 rsLen=0 pKW=UNITY_NO_DXT5nm UNITY_NO_RGBM UNITY_ENABLE_REFLECTION_BUFFERS UNITY_NO_CUBEMAP_ARRAY UNITY_NO_SCREENSPACE_SHADOWS UNITY_PBS_USE_BRDF2 SHADER_API_MOBILE UNITY_HARDWARE_TIER2 UNITY_LIGHTMAP_DLDR_ENCODING UNITY_PASS_FORWARDBASE uKW=SOFTPARTICLES_ON PROCEDURAL_INSTANCING_ON _FADING_ON dKW=FOG_LINEAR FOG_EXP FOG_EXP2 INSTANCING_ON _NORMALMAP _REQUIRE_UV2 EFFECT_BUMP UNITY_ENABLE_NATIVE_SHADOW_LOOKUPS UNITY_METAL_SHADOWS_USE_POINT_FILTERING UNITY_USE_DITHER_MASK_FOR_ALPHABLENDED_SHADOWS UNITY_PBS_USE_BRDF1 UNITY_PBS_USE_BRDF3 UNITY_NO_FULL_STANDARD_SHADER UNITY_SPECCUBE_BOX_PROJECTION UNITY_SPECCUBE_BLENDING UNITY_ENABLE_DETAIL_NORMALMAP UNITY_HARDWARE_TIER1 UNITY_HARDWARE_TIER3 UNITY_COLORSPACE_GAMMA UNITY_LIGHT_PROBE_PROXY_VOLUME UNITY_HALF_PRECISION_FRAGMENT_SHADER_REGISTERS UNITY_LIGHTMAP_RGBM_ENCODING UNITY_LIGHTMAP_FULL_HDR UNITY_VIRTUAL_TEXTURING UNITY_PRETRANSFORM_TO_DISPLAY_ORIENTATION UNITY_ASTC_NORMALMAP_ENCODING SHADER_API_GLES30 flags=268435456 lang=0 type=Vertex platform=vulkan reqs=16417 mask=6 start=143 ok=1 outsize=3376

Cmd: disassembleShader
 name=Particles/Standard Unlit platform=vulkan type=25 mask=6 insize=3376 outsize=30808 ok=1

Cmd: compileSnippet
  insize=2636 file=Assets/Shader/Custom/RailRushBending/Coin pass=<Unnamed Pass> cachingPP=1 ppOnly=0 stripLineD=0 buildPlatform=13 rsLen=0 pKW=UNITY_NO_DXT5nm UNITY_ENABLE_REFLECTION_BUFFERS UNITY_NO_CUBEMAP_ARRAY UNITY_NO_SCREENSPACE_SHADOWS UNITY_PBS_USE_BRDF2 UNITY_HARDWARE_TIER3 UNITY_LIGHTMAP_DLDR_ENCODING uKW= dKW=FOG_LINEAR FOG_EXP FOG_EXP2 UNITY_ENABLE_NATIVE_SHADOW_LOOKUPS UNITY_METAL_SHADOWS_USE_POINT_FILTERING UNITY_USE_DITHER_MASK_FOR_ALPHABLENDED_SHADOWS UNITY_PBS_USE_BRDF1 UNITY_PBS_USE_BRDF3 UNITY_NO_FULL_STANDARD_SHADER UNITY_SPECCUBE_BOX_PROJECTION UNITY_SPECCUBE_BLENDING UNITY_ENABLE_DETAIL_NORMALMAP UNITY_HARDWARE_TIER1 UNITY_HARDWARE_TIER2 UNITY_COLORSPACE_GAMMA UNITY_LIGHT_PROBE_PROXY_VOLUME UNITY_HALF_PRECISION_FRAGMENT_SHADER_REGISTERS UNITY_LIGHTMAP_RGBM_ENCODING UNITY_LIGHTMAP_FULL_HDR UNITY_VIRTUAL_TEXTURING UNITY_PRETRANSFORM_TO_DISPLAY_ORIENTATION UNITY_ASTC_NORMALMAP_ENCODING SHADER_API_GLES30 flags=0 lang=0 type=Vertex platform=d3d11 reqs=33 mask=6 start=19 ok=1 outsize=1102

Cmd: compileSnippet
  insize=2774 file=Assets/Shader/Custom/RailRushBending/Coin pass=<Unnamed Pass> cachingPP=1 ppOnly=0 stripLineD=0 buildPlatform=13 rsLen=0 pKW=UNITY_NO_DXT5nm UNITY_ENABLE_REFLECTION_BUFFERS UNITY_NO_CUBEMAP_ARRAY UNITY_NO_SCREENSPACE_SHADOWS UNITY_PBS_USE_BRDF2 UNITY_HARDWARE_TIER3 UNITY_LIGHTMAP_DLDR_ENCODING uKW= dKW=FOG_LINEAR FOG_EXP FOG_EXP2 UNITY_ENABLE_NATIVE_SHADOW_LOOKUPS UNITY_METAL_SHADOWS_USE_POINT_FILTERING UNITY_USE_DITHER_MASK_FOR_ALPHABLENDED_SHADOWS UNITY_PBS_USE_BRDF1 UNITY_PBS_USE_BRDF3 UNITY_NO_FULL_STANDARD_SHADER UNITY_SPECCUBE_BOX_PROJECTION UNITY_SPECCUBE_BLENDING UNITY_ENABLE_DETAIL_NORMALMAP UNITY_HARDWARE_TIER1 UNITY_HARDWARE_TIER2 UNITY_COLORSPACE_GAMMA UNITY_LIGHT_PROBE_PROXY_VOLUME UNITY_HALF_PRECISION_FRAGMENT_SHADER_REGISTERS UNITY_LIGHTMAP_RGBM_ENCODING UNITY_LIGHTMAP_FULL_HDR UNITY_VIRTUAL_TEXTURING UNITY_PRETRANSFORM_TO_DISPLAY_ORIENTATION UNITY_ASTC_NORMALMAP_ENCODING SHADER_API_GLES30 flags=0 lang=0 type=Vertex platform=d3d11 reqs=33 mask=6 start=21 ok=1 outsize=1102

Cmd: shutdown
